128
97 47
96 16
98 1
98 27
96 35
95 77
97 80
95 90
95 99
92 19
92 44
90 61
92 64
89 82
90 57
87 4
87 19
86 81
83 29
84 50
83 5
80 97
83 68
81 56
81 36
77 1
79 44
79 7
78 24
77 61
73 68
76 70
76 84
75 13
73 1
73 56
72 31
69 93
72 94
69 43
69 80
69 62
66 89
67 37
64 97
66 22
65 43
63 85
62 33
61 6
59 91
60 65
58 23
55 85
56 10
54 51
55 37
52 66
54 26
51 12
50 71
50 31
47 95
50 94
49 60
47 10
47 75
46 40
43 19
43 88
40 47
42 50
41 36
41 78
39 27
37 70
37 85
35 63
35 41
35 10
34 17
31 76
32 36
32 92
29 55
30 66
28 71
28 7
28 0
28 58
26 76
25 90
24 25
24 39
22 54
23 15
20 29
22 81
19 48
20 68
18 60
17 73
18 35
16 94
16 86
17 89
14 16
12 53
13 22
12 11
8 62
11 61
11 33
7 87
10 86
8 22
9 95
8 76
6 80
3 18
4 67
3 43
4 46
3 5
2 51
1 98
0 14
0 32
