120
55 0
12 0
90 0
21 1
80 1
61 3
50 4
68 4
32 5
94 5
23 6
6 6
28 7
57 7
77 9
87 10
49 10
43 10
32 10
60 11
13 12
4 14
48 15
35 16
80 20
17 17
61 18
26 21
3 20
86 22
96 22
71 23
13 24
67 23
58 25
84 26
49 29
21 29
14 30
42 31
71 30
79 33
45 33
21 36
7 34
33 36
27 38
78 37
54 40
3 39
36 39
86 39
96 41
32 42
69 42
59 42
51 44
11 44
41 45
64 46
96 47
80 48
35 50
72 49
0 52
19 51
11 51
37 53
60 53
93 55
54 55
6 55
97 56
72 58
34 58
87 59
16 61
22 62
4 62
62 62
70 64
44 64
57 67
82 66
51 65
94 66
21 69
32 70
62 70
41 71
86 71
99 74
26 75
19 76
35 75
8 76
68 77
38 78
33 81
6 83
12 85
50 86
44 86
3 87
95 87
57 88
29 90
85 90
32 91
63 93
50 92
26 93
17 96
73 96
7 96
43 98
46 97
39 98
16 99
36 99
