124
99 76
92 58
93 31
92 86
91 64
91 48
90 95
90 30
89 18
90 21
90 81
89 2
87 66
87 38
84 72
83 33
83 13
81 98
83 42
82 86
81 27
80 60
81 69
81 76
77 61
79 83
78 2
77 49
75 42
75 30
75 89
76 17
75 77
72 8
72 45
73 62
73 96
67 52
70 51
70 39
67 75
68 57
65 84
64 99
63 53
60 44
62 28
59 23
62 24
60 13
59 3
56 36
56 64
58 75
55 46
53 93
52 28
54 31
53 40
53 8
51 85
49 0
48 62
47 35
47 65
48 91
47 12
44 80
43 66
41 85
40 82
37 56
39 21
38 0
37 97
37 63
34 44
33 39
31 31
32 11
29 95
30 34
26 87
29 5
26 19
28 76
24 57
23 27
22 9
23 64
22 1
22 44
20 56
19 36
17 65
13 80
16 81
13 1
14 54
15 98
15 89
14 66
12 12
9 35
11 58
8 1
9 11
8 88
9 91
7 78
6 40
5 66
6 53
5 30
6 4
2 22
2 82
2 59
2 91
2 33
1 52
1 25
1 76
0 3
