117
31 99
25 98
76 96
82 97
42 93
97 92
70 92
49 91
76 92
63 90
46 87
53 88
69 88
3 87
61 87
30 86
79 83
89 83
92 85
16 83
35 82
42 81
2 81
63 79
31 79
96 77
97 80
9 79
70 77
37 78
1 73
88 73
77 72
58 73
89 70
44 71
65 72
81 68
80 71
21 69
4 68
74 68
20 64
0 65
67 63
30 64
43 64
97 60
96 63
88 62
14 62
38 60
63 58
72 57
23 59
55 54
43 53
80 53
96 53
9 51
19 51
52 49
71 50
58 48
65 46
31 47
10 46
48 43
20 42
71 43
32 41
85 40
28 38
50 38
42 38
54 36
75 37
24 34
11 32
12 35
89 34
19 32
28 33
32 31
79 29
72 31
57 27
24 27
14 26
61 27
49 23
29 24
9 25
39 21
58 20
86 19
62 19
49 17
26 17
34 14
60 13
69 10
18 10
19 13
51 10
88 7
78 9
53 6
14 6
21 5
67 5
3 4
89 3
57 3
50 1
42 0
63 0
