161
0 44
0 52
0 80
1 9
1 83
1 90
3 65
3 96
6 12
6 24
6 48
9 80
10 88
11 17
11 59
11 97
12 1
14 21
14 52
14 73
15 45
15 84
17 51
17 92
18 63
19 48
20 32
20 74
21 13
22 2
23 42
23 51
23 78
24 8
24 26
24 88
25 14
25 21
25 34
25 94
26 62
27 54
27 72
28 86
28 98
29 11
29 51
29 66
29 95
31 77
32 1
32 15
33 6
33 23
33 55
33 68
34 60
34 92
35 44
36 20
36 83
37 47
38 2
38 12
40 39
40 79
40 98
41 92
42 26
42 47
42 58
42 87
43 19
45 25
45 68
46 38
46 49
46 57
47 8
48 0
48 15
48 52
49 25
49 71
49 92
50 30
50 48
51 8
52 72
52 89
52 97
53 1
53 19
54 22
55 5
55 84
57 93
58 1
58 25
58 88
59 79
60 32
60 82
61 76
62 38
63 45
63 94
64 29
65 53
66 32
67 89
68 20
68 81
68 95
69 6
69 42
71 0
71 59
72 24
72 44
72 55
74 74
74 91
75 6
75 94
77 41
77 59
77 76
78 25
78 45
79 89
80 16
80 93
81 13
81 85
83 6
83 19
86 46
86 59
86 77
87 10
87 91
88 29
89 13
89 55
89 98
91 49
91 69
91 94
93 61
94 38
95 4
95 31
95 92
96 59
96 66
97 10
97 23
97 80
98 15
98 39
