153
0 48
1 0
2 51
3 14
3 44
4 58
4 78
5 31
5 84
5 91
6 42
8 12
8 27
9 38
9 88
10 68
10 80
11 6
11 26
11 41
12 62
12 74
13 14
14 39
15 57
16 21
16 72
18 58
18 84
19 47
20 43
21 11
21 34
22 16
23 95
24 65
24 74
24 92
25 69
26 20
26 98
27 46
27 55
28 93
30 10
30 64
31 40
31 97
33 14
33 86
34 75
35 7
35 96
36 21
36 58
36 68
37 41
37 77
37 84
38 53
38 88
39 24
39 96
41 89
42 7
42 15
42 37
42 99
43 25
43 73
43 83
44 21
44 41
44 57
45 80
45 93
46 17
46 62
46 74
47 35
47 66
48 93
49 15
49 42
49 50
50 63
51 36
53 58
55 45
58 39
59 82
60 6
60 85
61 25
61 35
61 55
62 0
63 29
64 62
65 86
65 98
66 65
67 2
67 12
67 50
67 76
68 72
69 18
70 28
70 39
70 83
71 13
71 68
72 3
75 49
76 23
76 28
76 69
77 58
78 34
79 1
79 65
80 43
81 16
81 55
81 75
82 11
83 29
83 81
83 93
84 49
84 57
85 5
85 38
86 42
86 65
86 71
86 97
88 29
88 57
88 75
89 21
89 41
89 85
91 13
91 32
92 65
95 85
96 58
97 14
98 86
99 24
99 72
