162
1 49
1 96
1 54
2 3
3 30
3 57
4 64
4 38
4 81
4 92
4 71
5 76
5 18
7 95
7 6
7 70
8 13
8 58
9 74
9 55
9 48
11 71
11 25
12 94
12 0
13 10
13 56
13 77
14 90
14 44
14 29
15 23
15 47
16 61
18 76
18 48
18 95
19 42
20 8
21 39
21 84
22 47
23 69
23 62
23 73
24 96
24 34
25 30
26 66
27 59
27 43
28 80
28 84
28 99
29 47
29 69
29 7
29 25
30 87
30 96
31 79
31 33
32 57
32 49
33 89
33 66
34 83
34 77
34 42
35 86
36 25
38 0
38 12
39 81
39 53
39 75
41 20
42 39
42 26
43 78
43 1
44 84
44 56
45 69
45 63
47 1
48 45
48 64
48 9
49 39
49 70
49 22
49 6
49 15
51 43
52 89
52 59
53 27
53 13
53 63
53 35
54 16
56 58
57 89
58 33
58 27
59 0
59 83
60 4
60 52
61 79
61 18
63 89
64 25
64 64
64 73
65 33
66 16
66 68
67 83
67 9
68 72
70 48
72 11
72 52
74 43
74 31
75 37
75 23
76 10
76 92
77 99
77 6
80 36
80 29
81 76
81 84
81 50
81 22
82 41
83 9
84 89
85 86
86 28
87 15
87 37
87 69
88 3
88 55
89 42
90 59
90 13
92 26
92 94
92 4
92 68
93 43
95 13
98 41
98 65
99 23
99 48
