127
2 84
3 27
1 5
1 59
2 93
4 67
5 85
6 72
6 98
8 62
7 16
9 3
8 76
8 23
9 91
10 56
11 61
12 39
13 17
16 46
14 29
16 8
17 53
17 78
17 90
18 81
19 95
19 20
24 43
22 61
23 34
25 57
24 6
26 91
25 78
25 64
27 96
27 48
27 2
29 19
29 43
30 97
31 52
31 1
31 68
32 17
33 29
34 83
35 89
36 76
38 34
38 19
41 66
40 25
41 94
41 11
43 37
43 74
44 2
44 65
47 80
46 57
48 46
47 13
48 95
49 58
50 77
52 18
52 4
53 47
54 33
54 54
56 28
57 65
59 85
58 79
59 8
59 68
61 20
62 40
65 53
63 31
64 14
64 59
66 67
69 21
68 41
70 54
69 86
72 94
72 35
72 18
74 64
76 10
75 72
77 49
77 26
78 81
78 65
80 32
80 0
80 68
81 20
83 74
82 58
84 61
84 89
83 92
86 48
86 98
86 0
86 73
86 15
89 79
90 60
92 19
92 26
94 96
94 68
94 47
95 41
96 56
95 9
98 77
98 26
99 49
99 35
