133
0 2
3 4
7 57
7 70
7 86
8 50
10 58
11 43
12 37
12 90
14 29
14 33
15 61
16 48
17 20
17 35
18 16
18 29
18 83
19 25
19 57
19 89
21 35
21 75
22 48
22 55
25 96
26 33
28 47
28 82
28 94
29 37
31 51
32 9
32 83
33 23
33 39
33 97
34 28
34 44
34 69
36 15
36 57
37 19
37 50
37 60
39 84
40 73
40 88
41 15
43 35
43 50
43 72
43 92
44 10
44 56
45 32
46 49
46 85
47 41
48 18
48 25
48 90
49 45
49 84
49 95
50 63
51 19
51 59
51 88
52 99
53 70
56 24
58 17
58 83
60 33
60 64
61 13
61 25
61 80
62 42
63 34
63 67
63 97
64 73
64 87
66 83
67 11
67 33
67 46
68 52
71 11
71 27
71 38
71 90
72 80
73 41
74 66
74 83
75 18
75 88
76 74
77 45
77 60
78 42
78 51
78 67
78 98
79 33
80 11
81 72
81 86
82 50
83 29
83 47
83 64
84 59
86 12
86 20
86 99
88 52
88 74
89 62
91 46
95 47
95 95
96 34
96 52
96 59
96 83
96 92
98 26
98 68
