157
0 77
0 64
0 51
2 3
3 92
4 32
4 59
5 10
5 28
5 56
6 49
7 89
7 76
7 94
8 6
9 53
10 72
11 34
12 66
12 25
12 51
13 42
13 96
13 88
13 55
13 12
14 69
14 59
14 77
15 82
16 50
16 35
16 30
16 20
17 55
17 95
17 78
19 27
20 81
20 18
20 99
21 42
21 51
21 55
22 23
22 7
23 74
24 91
24 15
24 49
24 83
24 2
28 99
28 76
28 25
28 7
28 32
29 59
29 65
30 95
32 12
35 67
37 34
37 4
39 9
39 13
40 31
40 93
41 65
41 21
43 92
43 74
43 82
43 11
44 53
46 9
47 94
47 56
49 39
49 62
49 78
49 20
50 28
50 46
50 36
52 90
52 24
53 13
53 39
55 60
56 18
57 96
58 69
61 18
61 56
61 12
62 21
62 28
62 68
62 45
62 91
63 6
63 2
63 98
64 41
65 22
65 85
66 57
66 78
66 96
67 11
67 69
68 73
70 0
70 17
71 59
71 96
71 76
72 14
74 79
74 30
74 11
76 95
76 65
77 1
79 25
80 34
80 6
81 39
82 72
82 17
82 79
83 56
84 61
84 9
84 76
85 41
86 55
86 64
87 87
87 5
88 90
88 1
90 63
90 49
91 14
92 5
92 83
93 95
94 62
95 66
95 45
96 26
96 35
97 31
97 58
99 5
