122
1 0
0 96
1 69
0 27
1 92
1 40
2 72
3 66
5 22
6 96
6 35
6 15
7 3
12 19
12 72
13 48
13 5
13 63
14 97
15 92
15 52
17 60
18 73
19 63
21 39
20 46
21 6
22 11
24 90
24 43
27 20
27 85
27 97
31 49
30 89
32 31
30 25
30 84
32 77
32 8
34 57
35 92
36 21
36 35
39 83
39 50
40 10
41 57
42 9
44 21
44 12
46 24
49 74
49 52
47 87
48 62
48 1
49 39
53 25
52 88
51 91
54 6
54 69
53 72
54 38
56 91
55 94
56 15
56 42
57 27
58 74
60 50
59 2
59 96
61 64
60 78
61 11
63 51
63 79
66 71
65 89
64 5
65 19
64 35
68 98
71 69
70 62
70 53
73 24
72 12
74 68
75 90
79 95
79 49
79 35
79 61
80 24
82 11
83 89
84 58
84 15
86 65
86 96
88 5
92 85
91 17
92 31
92 46
93 68
92 59
95 1
94 20
94 49
95 25
96 89
96 12
99 2
99 99
99 70
99 37
99 25
99 78
