124
28 97
77 95
76 98
47 98
1 97
97 93
58 93
33 91
19 92
69 92
90 90
84 90
40 90
88 85
10 87
63 85
98 87
49 87
16 83
67 82
79 82
62 80
6 81
40 79
30 77
33 78
97 74
96 77
60 75
86 76
67 75
18 73
44 72
3 72
27 73
42 69
9 68
55 66
2 68
19 67
99 67
67 64
91 65
35 64
73 62
78 62
97 61
29 60
21 60
5 59
53 58
90 58
35 58
42 55
14 57
0 56
55 54
51 55
97 53
62 53
81 53
21 52
12 50
80 50
97 48
0 46
77 49
46 47
57 45
19 46
11 43
68 43
35 44
87 39
88 42
42 40
55 39
78 39
5 39
29 37
32 38
65 38
21 36
94 35
57 32
69 31
87 29
14 30
72 27
20 27
56 28
24 25
79 24
11 21
61 22
64 23
4 20
91 20
26 19
46 19
33 19
76 18
67 17
2 13
93 14
11 12
77 12
48 13
89 13
96 11
65 11
35 11
0 9
52 7
55 9
13 8
84 7
72 5
17 4
44 4
65 1
25 0
80 0
37 0
