144
0 67
1 35
1 85
2 54
2 97
5 48
5 57
6 19
6 75
6 85
7 13
7 43
7 78
8 88
9 51
10 2
10 58
14 4
15 85
15 98
16 65
18 42
19 27
19 53
19 71
20 12
21 44
22 35
22 60
22 80
23 51
23 87
24 42
25 6
25 57
26 12
27 1
27 27
28 15
29 60
29 79
29 91
31 22
31 44
31 67
31 75
32 27
34 76
35 9
35 25
36 66
37 56
38 48
40 42
41 11
41 84
42 36
43 66
43 90
44 78
45 3
49 53
49 77
50 11
50 32
50 44
50 64
50 82
51 8
51 21
51 41
53 69
54 29
55 44
56 66
57 6
57 16
57 37
57 72
58 99
59 31
60 63
61 48
62 80
63 32
65 10
65 81
66 2
66 22
66 27
67 34
67 70
69 12
70 73
71 54
71 68
73 38
73 62
75 33
76 48
76 63
76 95
77 82
78 10
78 45
79 28
80 14
80 54
80 67
81 46
82 10
83 56
83 76
84 98
87 15
87 26
87 47
87 75
88 8
88 54
89 20
89 69
90 3
90 95
91 16
92 25
92 32
92 83
93 5
93 38
94 12
94 77
94 90
95 0
95 9
95 93
96 16
97 24
97 33
97 79
97 97
98 27
99 2
99 84
