118
70 97
81 99
26 99
23 98
7 95
49 96
1 90
21 92
70 93
14 92
45 91
50 91
8 90
35 90
60 88
35 88
86 88
24 85
29 82
61 81
72 82
54 82
16 80
83 80
38 80
64 80
34 77
19 78
13 77
2 77
41 72
83 72
94 71
95 74
15 68
39 64
83 64
3 64
32 64
23 62
26 63
51 61
94 62
79 59
39 57
42 58
66 57
87 57
3 52
21 54
95 53
33 53
24 50
12 50
60 49
40 47
49 45
7 45
56 45
77 43
88 42
57 40
15 40
35 40
19 40
80 40
42 39
66 37
97 36
98 39
26 36
73 37
86 34
9 34
1 34
43 28
56 28
88 27
24 24
23 27
1 26
64 25
46 25
37 22
36 25
54 23
74 22
95 22
89 22
13 20
49 20
57 19
16 19
38 19
1 17
29 16
43 15
24 14
58 13
65 13
10 11
77 9
18 9
2 8
54 9
61 9
33 7
69 6
82 6
39 6
46 3
95 4
28 2
2 0
58 0
63 1
49 0
83 0
