159
0 92
2 14
2 25
2 2
2 31
3 98
3 77
6 68
6 62
6 87
7 37
8 55
8 95
9 17
11 80
12 99
12 22
12 73
12 14
13 59
14 49
15 34
16 7
16 70
16 31
16 56
18 46
19 33
19 89
20 51
20 60
21 56
21 78
22 22
23 34
25 88
25 97
26 38
26 14
26 84
27 73
28 58
28 65
29 5
29 42
29 23
30 96
31 81
31 76
32 68
33 51
34 58
34 94
35 11
35 15
35 34
35 30
36 25
36 6
36 78
36 99
36 83
36 74
37 89
38 3
39 76
39 26
39 64
39 53
41 90
41 0
42 94
42 55
42 15
43 79
44 39
45 53
45 31
46 78
47 63
47 44
48 34
48 55
48 67
50 27
51 54
51 69
52 40
52 91
52 1
53 57
54 79
55 92
57 20
57 61
58 26
58 10
58 73
58 0
59 89
61 93
61 58
62 20
62 29
64 82
64 89
66 54
66 18
66 9
67 33
68 82
68 26
69 90
69 15
71 34
72 74
73 7
73 17
76 75
76 24
76 53
77 35
78 94
78 98
78 63
80 40
80 90
82 97
84 52
85 70
85 79
85 9
85 62
86 39
86 91
87 0
87 66
89 98
89 28
90 36
91 66
92 22
92 79
93 47
93 32
95 18
95 41
95 58
95 96
95 80
96 15
97 12
97 55
97 27
98 33
98 63
98 40
99 96
99 4
