115
99 66
99 5
95 54
98 53
95 88
95 77
93 67
92 43
92 6
92 18
88 87
88 69
86 74
85 12
85 21
85 44
83 83
82 97
79 64
80 88
81 91
79 54
77 87
77 76
78 58
77 35
75 10
75 69
73 93
72 31
73 34
72 78
71 87
69 49
67 10
70 37
68 56
66 27
66 0
64 98
63 17
63 50
60 58
61 23
60 4
57 41
58 30
57 60
53 85
53 14
52 34
51 98
51 78
47 33
48 13
46 42
44 74
43 62
42 30
43 3
39 39
37 22
40 23
40 62
40 2
35 98
35 34
34 57
32 11
34 45
34 53
32 83
28 72
29 38
29 98
26 35
26 0
26 21
22 69
21 58
23 98
21 25
22 62
21 82
21 41
20 2
19 71
18 90
17 53
17 17
15 9
16 21
14 33
16 46
13 13
12 89
13 40
9 77
12 78
10 98
7 61
10 63
9 9
9 54
9 87
6 72
6 45
5 5
4 22
3 17
3 86
2 51
2 10
1 1
1 31
