116
98 41
97 77
98 97
94 10
95 0
95 64
93 44
94 58
93 31
91 81
91 47
91 23
91 40
88 73
87 10
87 85
84 21
83 5
83 58
80 66
83 0
80 19
81 73
78 90
78 29
79 11
78 40
77 84
73 15
73 64
72 5
72 29
72 77
70 52
69 6
67 43
68 63
64 28
65 74
66 17
64 84
63 58
61 68
61 5
61 78
60 84
57 57
58 6
57 20
54 35
54 53
53 68
51 55
50 49
48 29
47 38
49 75
46 22
45 8
41 65
41 74
41 22
39 45
39 7
37 99
38 13
38 91
37 38
37 0
34 96
34 87
33 52
34 38
31 78
32 66
32 4
30 44
29 58
26 93
26 89
26 77
25 8
24 1
22 72
20 61
23 63
23 56
20 45
18 22
19 25
17 96
17 53
14 34
14 5
12 92
12 44
9 27
7 82
10 84
9 57
8 42
8 31
6 64
6 4
5 20
6 23
5 69
4 87
4 98
2 10
3 13
2 64
1 46
1 53
0 34
0 85
