163
0 85
0 94
1 7
1 27
2 31
2 66
3 1
3 21
3 57
5 24
5 88
6 36
6 67
6 78
7 61
8 17
8 92
9 27
10 24
10 99
13 49
13 56
13 72
14 92
15 7
15 32
16 74
17 3
17 62
18 19
19 39
19 57
19 81
20 22
21 30
21 49
23 41
24 29
25 7
25 72
26 52
27 3
27 14
27 63
28 58
28 86
29 94
30 8
30 48
30 73
31 45
31 98
32 3
32 12
32 90
34 64
35 23
35 40
35 60
35 92
36 26
36 69
37 16
37 51
37 83
38 20
38 59
39 30
40 2
40 9
40 65
40 82
41 35
41 56
42 78
44 47
46 63
47 19
48 85
49 41
52 32
52 46
53 13
55 5
55 19
55 73
56 2
56 22
57 98
58 34
58 72
59 20
60 82
61 5
61 57
61 85
61 95
62 43
63 28
63 46
63 75
64 84
66 24
66 62
66 77
67 35
67 65
68 13
69 40
70 7
70 26
71 1
71 62
71 73
72 23
72 65
73 41
75 86
76 3
77 35
77 56
78 14
78 43
81 28
81 63
81 94
82 42
83 17
83 47
84 13
84 55
84 91
85 25
85 66
87 56
88 35
88 85
89 63
90 23
90 57
90 82
90 98
91 14
91 40
92 73
92 92
93 47
94 53
94 98
95 50
95 82
96 7
96 15
96 39
96 60
97 10
97 30
97 97
98 68
99 2
99 20
99 77
99 89
