155
0 3
0 11
0 91
1 47
2 64
4 36
4 46
4 84
4 21
4 28
5 55
5 49
6 98
6 31
6 16
8 54
9 75
9 91
9 40
9 23
10 31
11 63
12 53
13 87
15 7
16 76
16 54
18 10
18 45
18 37
19 59
20 28
21 46
22 84
22 9
23 81
23 19
24 12
24 51
25 54
25 66
26 40
26 82
26 28
27 21
27 2
27 91
28 49
29 70
30 93
31 81
31 39
32 47
33 7
33 74
33 22
34 79
34 43
35 18
35 96
36 87
36 57
36 68
38 11
38 48
39 95
40 43
41 79
44 61
44 75
44 52
45 38
48 7
48 15
49 37
49 1
49 53
49 46
50 20
51 42
51 69
51 93
51 24
53 29
54 63
54 52
55 83
55 71
55 14
55 59
57 96
59 4
60 8
60 68
60 34
61 83
61 91
62 76
62 48
62 55
63 11
63 71
63 64
64 43
65 68
66 87
66 17
67 96
69 3
69 90
69 42
70 47
71 98
71 61
71 13
71 28
72 94
73 34
73 77
73 38
73 16
74 91
74 63
75 21
75 80
76 97
76 54
77 77
78 14
79 67
79 90
79 83
79 60
80 96
80 44
82 40
83 43
83 80
84 24
84 84
85 88
85 9
86 93
87 42
87 61
88 75
88 13
91 54
93 62
94 97
94 74
95 91
95 71
96 36
98 40
