116
34 99
90 98
78 97
19 97
48 96
28 95
57 92
41 92
69 90
22 89
97 88
61 87
88 86
37 87
0 86
77 84
98 82
28 84
60 83
8 81
21 80
15 78
91 79
63 78
0 79
76 78
79 77
97 75
37 75
92 73
66 72
32 70
81 70
58 67
29 66
67 63
66 66
97 65
78 64
38 64
10 62
88 60
74 61
55 59
45 59
18 57
28 59
12 53
51 53
92 54
35 53
22 51
3 53
46 50
98 50
54 49
39 48
28 45
56 45
6 45
21 43
12 43
74 43
62 41
97 41
46 40
82 39
33 40
94 38
49 37
58 36
64 35
80 32
71 33
35 32
94 29
12 30
24 29
85 28
66 27
47 26
55 26
16 24
92 25
5 24
78 24
43 22
30 21
71 22
34 21
14 20
83 19
60 17
76 16
7 15
95 15
39 13
42 14
89 11
58 14
15 9
14 12
27 12
20 10
73 8
53 9
91 8
44 7
63 5
4 4
34 3
75 3
19 3
5 1
98 0
81 0
