125
97 13
99 93
98 51
96 84
94 1
95 63
93 74
95 77
93 45
92 9
93 38
90 20
90 3
89 68
88 96
88 44
87 64
86 12
84 53
85 26
84 7
79 22
82 23
78 36
78 83
81 85
78 53
81 52
80 1
78 43
76 12
72 70
75 71
72 18
72 28
72 47
70 87
71 90
69 6
69 96
68 22
69 57
68 80
68 13
66 64
65 41
64 23
64 87
62 24
63 5
60 21
61 68
61 51
58 79
57 67
56 28
55 7
55 99
55 36
54 44
52 89
51 15
51 72
48 55
46 4
47 63
47 48
45 35
46 76
45 69
44 56
40 26
39 13
39 53
39 89
38 82
34 32
34 97
34 3
34 40
33 24
32 63
31 50
32 13
32 76
32 27
27 91
28 68
25 6
25 46
25 60
25 40
25 64
25 29
23 67
20 80
20 74
20 57
17 32
20 31
18 46
19 77
19 6
16 14
16 86
13 54
15 83
13 16
15 94
12 24
12 71
12 57
11 63
10 87
8 45
9 31
6 48
8 51
7 1
6 77
5 8
2 91
2 46
2 85
0 68
