119
77 8
7 9
67 9
38 9
88 10
60 11
92 12
71 12
25 12
41 14
84 17
75 16
2 17
7 19
26 19
78 18
94 21
50 19
11 22
44 20
52 23
29 22
95 25
69 24
16 24
39 25
73 26
61 26
87 27
94 28
27 29
54 30
39 30
86 30
15 30
79 30
2 31
62 32
20 32
65 33
96 35
74 37
42 37
21 39
49 40
83 38
9 40
55 40
62 42
33 40
84 42
5 44
40 47
62 47
82 48
65 49
3 48
74 48
85 50
95 52
28 51
48 52
73 54
5 56
34 56
58 56
97 58
84 58
80 60
23 61
2 60
88 61
29 61
17 64
66 66
96 65
56 66
28 67
60 70
75 69
34 71
62 73
92 72
8 73
50 74
68 74
26 74
82 74
58 75
12 75
7 79
28 78
62 78
33 80
38 80
59 80
45 80
97 82
74 82
66 83
17 83
6 84
80 84
55 89
41 88
88 88
47 90
94 90
34 91
16 94
81 92
88 92
74 94
26 93
9 95
42 95
64 96
80 97
32 98
