117
99 50
96 76
96 44
96 64
94 28
95 2
92 84
93 96
92 4
93 73
92 54
88 95
90 63
90 19
87 1
87 41
86 56
86 89
83 49
84 60
83 5
81 1
79 87
78 44
78 9
78 80
73 23
73 76
72 95
73 47
70 97
70 17
68 80
66 91
66 34
66 74
66 15
65 4
62 77
61 89
62 62
59 37
59 68
60 99
60 28
58 82
58 17
55 9
55 90
56 22
55 61
55 54
53 12
52 82
50 29
51 32
50 77
50 15
49 92
49 52
47 36
44 68
46 2
44 32
46 46
45 97
43 20
41 60
40 91
37 47
37 88
34 68
31 78
32 93
33 96
30 65
32 15
32 4
31 27
27 51
29 20
27 90
26 95
26 75
23 33
25 99
23 13
23 50
23 66
18 20
20 14
20 94
18 2
18 59
16 35
14 11
14 19
13 39
12 28
10 3
10 46
12 49
11 85
10 97
10 74
10 14
7 31
6 53
5 92
4 7
3 76
2 49
3 66
1 37
2 88
2 23
0 44
