115
85 2
95 4
14 3
21 4
59 5
67 7
38 6
50 6
94 7
83 7
28 9
12 12
84 13
65 14
68 13
15 13
90 13
48 16
23 16
82 17
68 17
33 19
8 22
87 22
1 25
45 23
27 23
9 25
52 25
38 25
69 25
96 27
3 30
52 29
94 30
79 33
96 35
34 34
3 34
70 35
16 35
27 36
30 35
82 37
18 37
51 37
59 39
23 39
78 41
4 42
38 42
96 42
73 45
93 44
0 47
52 47
31 47
56 49
76 48
97 49
32 51
70 51
10 51
41 54
21 54
75 55
79 55
63 56
72 57
55 57
94 57
89 58
31 59
39 61
96 61
46 62
77 63
85 63
18 64
23 67
41 66
52 66
17 70
59 68
32 69
86 69
69 69
4 71
41 75
69 76
11 78
91 78
85 79
24 80
51 80
61 82
44 81
11 81
65 83
99 84
74 85
52 84
30 85
34 85
62 86
20 88
10 88
81 90
89 91
17 92
39 95
48 96
22 97
8 97
40 98
