124
76 2
51 1
18 0
68 3
96 3
99 2
56 3
7 5
25 5
13 7
70 7
0 7
49 6
96 9
59 8
11 10
65 11
90 12
41 13
18 13
53 13
36 15
17 17
77 16
49 18
29 20
69 18
63 19
53 19
8 20
84 20
16 22
96 22
39 24
53 23
30 23
76 25
57 25
24 25
69 26
49 27
91 27
61 29
3 29
9 30
96 31
42 34
45 33
29 34
70 37
25 36
84 38
56 38
46 37
9 38
49 38
3 39
79 39
67 41
22 40
77 42
14 42
36 44
91 46
5 46
81 47
91 51
56 50
0 50
8 52
67 52
28 52
79 53
45 53
87 55
73 56
94 58
4 58
20 60
57 60
32 63
52 64
78 64
41 64
62 66
11 68
18 68
93 69
85 69
24 71
73 71
76 73
33 73
40 74
81 74
15 76
27 76
91 78
96 81
83 83
2 83
28 83
22 85
54 84
39 84
96 85
47 85
86 87
6 88
58 89
33 90
18 92
48 90
78 92
34 94
3 96
19 95
12 96
97 97
37 97
55 98
72 98
2 99
28 99
