138
0 31
0 82
1 17
1 35
1 46
3 10
3 63
3 76
4 14
4 21
4 92
5 26
5 33
5 42
5 82
5 95
6 50
6 88
7 11
7 17
7 68
8 32
8 75
10 58
10 83
10 98
11 19
11 53
11 63
11 77
12 36
12 69
12 92
13 14
13 57
14 30
14 44
14 51
15 47
15 70
16 18
16 99
17 59
17 78
17 91
18 25
18 48
18 54
18 67
18 71
18 88
19 22
19 30
19 40
20 57
21 69
22 36
23 75
23 89
23 94
24 41
24 79
25 27
25 52
25 63
26 67
27 57
27 89
27 94
27 98
28 64
28 72
29 30
30 34
31 84
32 67
32 72
32 79
32 93
33 41
33 96
34 55
34 63
35 52
35 73
35 77
36 67
37 49
37 57
38 39
38 71
39 87
39 98
40 47
40 82
43 81
44 54
45 58
45 90
45 96
46 61
47 65
47 79
50 56
50 74
51 53
51 60
51 86
53 69
54 59
54 77
55 62
55 66
55 88
58 92
59 64
59 68
59 82
59 86
60 97
62 72
63 94
64 90
65 66
65 80
67 97
68 91
69 76
72 94
73 87
77 87
77 97
81 91
82 87
83 98
87 92
90 93
91 98
