150
0 62
1 21
1 44
1 88
2 9
2 27
2 78
3 67
4 30
4 61
5 99
7 20
8 25
8 65
9 71
9 88
10 39
10 84
11 13
13 7
13 21
13 28
13 57
13 93
14 12
14 76
15 88
15 96
16 32
16 80
17 50
17 91
18 7
19 10
22 16
22 94
23 8
25 1
25 12
25 96
26 31
27 45
30 16
30 27
30 58
31 99
32 22
33 55
34 42
34 61
34 77
36 97
37 7
37 64
38 35
38 86
39 4
39 95
41 0
41 14
41 41
41 72
43 98
44 19
44 71
46 7
46 35
46 62
46 90
47 18
47 46
47 84
48 24
49 67
50 41
51 83
51 90
52 9
52 48
53 73
53 79
54 30
54 38
55 21
55 57
55 70
56 66
57 1
58 34
58 80
59 72
59 99
60 6
60 59
60 83
62 10
62 68
62 75
62 97
63 27
64 36
65 5
65 31
65 60
65 96
66 89
67 13
67 92
68 65
69 3
69 31
69 68
69 79
70 47
70 58
70 95
72 4
72 29
73 35
73 80
74 21
74 57
75 18
75 61
75 92
79 11
79 76
79 86
80 49
80 73
81 56
82 7
83 15
84 27
84 40
84 68
85 6
86 36
86 78
87 55
88 85
88 92
89 81
92 28
93 62
94 44
95 40
95 78
97 21
97 50
