150
0 81
0 43
1 16
2 25
4 59
5 52
5 77
6 12
9 56
9 74
9 15
10 85
10 29
10 52
11 23
11 79
12 43
12 58
12 96
14 19
14 75
15 24
15 72
16 28
17 48
18 67
18 63
18 10
20 26
21 9
22 30
22 77
23 69
24 73
26 94
26 29
27 52
27 88
28 15
29 80
30 95
32 32
32 18
32 59
32 84
33 39
34 3
35 91
35 61
35 73
37 6
37 42
39 45
39 85
40 64
40 3
41 97
42 58
42 89
42 27
44 94
46 74
46 36
46 10
47 90
48 87
49 97
50 14
51 88
51 52
51 5
52 58
53 94
53 73
54 17
54 54
54 32
54 45
55 83
55 27
55 3
55 57
57 69
58 38
59 92
60 73
60 84
60 99
61 9
62 65
63 59
63 21
65 69
66 52
66 28
67 11
67 49
67 81
68 24
69 69
69 76
70 16
70 94
71 35
72 58
72 79
73 98
73 45
74 64
76 28
77 19
78 93
78 40
79 37
79 86
79 58
81 2
82 60
82 48
83 89
84 71
84 85
85 25
85 63
85 16
86 57
87 52
87 1
88 77
88 97
88 83
89 93
90 55
90 59
91 70
91 65
91 15
92 32
92 5
92 42
93 53
94 97
95 23
95 83
95 36
96 55
98 61
98 73
98 1
99 44
