142
1 99
2 1
2 10
2 17
3 93
3 84
4 20
5 4
6 30
6 16
8 40
8 99
8 63
8 93
9 6
9 17
10 9
10 50
12 60
12 72
12 78
12 65
13 6
13 49
14 2
14 55
14 85
14 14
15 25
16 80
16 51
17 4
17 54
18 90
18 22
19 17
19 10
19 45
19 31
19 72
20 1
20 99
21 38
21 96
22 20
24 26
24 77
24 58
26 18
26 23
26 62
26 44
26 40
26 69
27 93
28 49
28 82
28 36
28 97
28 66
29 8
29 87
30 21
31 34
33 97
33 28
33 45
35 17
35 84
35 92
36 35
36 89
37 38
38 83
38 57
40 15
41 9
42 89
43 38
44 33
44 75
45 20
45 9
48 46
48 50
49 7
49 60
49 94
50 20
50 14
51 25
53 35
53 68
55 45
56 40
56 55
57 36
59 10
60 20
61 69
62 56
63 59
64 1
64 93
66 45
66 7
66 67
68 50
69 3
70 71
71 79
72 56
72 90
74 19
75 16
75 94
75 78
76 11
76 86
77 5
81 3
81 80
81 88
83 76
83 91
83 85
84 50
86 71
87 21
87 86
88 89
90 67
90 44
92 47
93 90
93 95
95 81
96 38
97 30
98 99
99 51
99 90
