163
0 88
1 34
2 78
3 7
3 40
3 27
3 58
4 55
4 24
5 92
5 33
7 62
7 71
7 96
8 87
8 37
9 22
10 76
10 66
10 46
10 11
11 80
12 27
13 64
13 43
14 48
14 72
15 30
15 17
15 26
15 52
16 0
16 20
17 33
17 75
20 48
21 85
21 31
21 5
23 53
23 20
24 44
24 61
24 68
25 8
26 56
26 28
27 52
27 73
29 86
29 35
30 21
31 96
32 52
32 47
32 70
32 30
33 36
33 7
33 89
34 85
35 28
36 38
37 52
37 31
38 70
38 3
38 47
38 58
39 93
41 80
41 23
43 8
43 41
44 33
45 59
45 36
46 10
47 82
47 78
48 61
48 70
48 53
49 99
50 73
50 2
50 81
50 39
51 7
52 54
54 6
54 79
54 91
54 27
54 21
56 39
57 70
58 35
59 13
59 85
60 80
61 5
61 51
62 44
63 21
65 49
66 25
66 6
67 22
68 3
68 51
69 18
69 75
70 47
70 7
71 83
72 44
72 23
72 4
73 98
73 39
74 77
74 82
74 17
74 59
75 54
75 34
76 50
76 92
76 64
77 39
78 96
80 12
80 27
80 89
81 97
81 49
82 5
82 57
83 35
83 15
84 89
84 40
85 58
85 68
86 11
87 48
88 93
88 20
89 83
89 79
89 36
91 33
92 53
92 9
92 87
95 73
95 12
96 29
96 58
96 42
96 68
97 33
