104
90 94
90 86
90 78
90 70
90 62
90 54
90 46
90 38
90 30
90 22
90 14
90 6
90 0
70 94
70 86
70 78
70 70
70 62
70 54
70 46
70 38
70 30
70 22
70 14
70 6
70 0
60 94
60 86
60 78
60 70
60 62
60 54
60 46
60 38
60 30
60 22
60 14
60 6
60 0
50 94
50 86
50 78
50 70
50 62
50 54
50 46
50 38
50 30
50 22
50 14
50 6
50 0
40 94
40 86
40 78
40 70
40 62
40 54
40 46
40 38
40 30
40 22
40 14
40 6
40 0
30 94
30 86
30 78
30 70
30 62
30 54
30 46
30 38
30 30
30 22
30 14
30 6
30 0
10 94
10 86
10 78
10 70
10 62
10 54
10 46
10 38
10 30
10 22
10 14
10 6
10 0
0 94
0 86
0 78
0 70
0 62
0 54
0 46
0 38
0 30
0 22
0 14
0 6
0 0
