148
1 9
1 61
2 33
2 91
3 4
3 21
3 88
6 6
6 28
6 47
6 76
7 14
7 21
10 2
10 10
10 52
10 89
11 25
11 45
11 62
11 83
11 96
12 92
13 14
13 37
13 51
15 66
15 71
15 87
15 96
16 26
16 78
17 30
17 44
18 17
19 47
21 58
22 33
22 49
22 79
23 22
24 93
25 12
25 29
25 67
25 82
26 55
26 64
26 85
27 47
27 71
28 15
30 34
30 78
30 94
31 61
31 74
31 83
32 7
35 37
35 96
37 45
37 65
37 76
38 5
38 19
38 33
38 41
39 99
40 55
40 95
41 33
41 44
41 73
43 69
45 7
48 37
48 90
49 14
52 63
53 21
55 36
55 60
55 73
55 85
56 70
57 45
58 82
59 32
59 57
60 22
60 61
60 73
61 18
61 25
63 34
63 63
64 15
65 18
65 39
65 70
65 98
66 85
67 32
68 55
68 97
69 61
70 11
70 35
70 83
71 26
72 1
72 66
73 8
73 34
75 26
75 47
77 31
77 92
80 98
81 37
83 3
83 75
84 48
84 62
84 95
85 27
86 8
86 85
87 80
87 92
88 63
88 98
90 9
90 31
90 70
91 14
91 37
91 45
91 81
92 41
94 50
94 84
95 54
96 31
96 93
99 66
99 74
