153
0 27
0 77
1 5
1 20
1 80
2 55
2 74
4 29
5 86
5 99
6 52
6 95
7 34
7 43
8 10
8 55
8 60
9 75
9 92
10 18
11 6
11 14
11 70
11 89
13 39
13 73
13 81
15 95
16 70
17 0
17 45
17 59
17 74
17 90
18 36
18 53
19 4
19 11
19 84
20 88
21 50
23 6
23 15
25 45
25 81
25 91
26 67
26 77
28 1
28 23
32 43
32 73
33 35
33 60
34 81
35 21
36 28
36 37
36 67
37 47
37 71
37 92
38 23
40 43
41 7
41 71
43 21
44 0
44 85
45 72
46 62
47 10
49 44
49 64
50 33
50 60
50 75
51 25
52 29
52 96
53 6
53 66
53 77
55 71
55 85
56 47
56 74
58 59
58 81
61 48
61 58
62 28
62 94
65 79
66 9
66 98
67 56
67 70
68 16
68 83
69 65
71 8
71 50
71 88
72 81
73 69
74 9
74 74
74 88
75 21
75 63
76 1
76 39
76 51
76 95
77 35
77 81
79 59
79 77
80 40
80 70
80 85
81 93
82 35
83 78
84 28
86 23
87 61
87 92
88 12
89 4
89 20
89 65
90 45
91 73
92 21
93 6
93 41
93 57
94 35
94 50
94 84
94 93
96 16
96 46
96 53
97 1
97 63
98 95
99 24
99 34
99 59
99 82
