124
26 99
41 95
42 98
88 97
2 96
9 95
79 95
53 94
21 93
33 93
51 90
54 91
19 87
60 88
63 89
9 86
10 89
82 89
43 88
94 84
81 82
57 81
13 80
50 79
74 81
90 79
2 79
19 77
64 78
82 77
99 77
54 76
23 74
31 73
38 72
87 70
59 70
17 70
79 68
8 65
43 66
53 66
48 62
38 64
12 63
98 63
69 63
21 61
29 61
61 59
84 58
1 56
0 59
24 59
15 58
33 56
72 56
75 57
17 55
40 55
66 54
24 52
61 52
69 53
46 52
5 51
29 51
38 50
76 47
90 48
20 45
25 44
9 44
65 44
78 42
52 39
99 42
27 37
84 40
11 38
59 39
70 39
4 36
8 35
90 34
12 34
48 30
47 33
94 30
35 28
5 27
4 30
63 29
14 28
38 25
85 27
30 27
54 26
20 25
99 24
1 22
63 22
32 20
35 18
57 19
22 15
80 14
41 16
71 15
18 14
60 11
53 11
71 9
34 7
3 8
21 6
51 4
72 4
44 4
54 1
67 1
29 0
96 0
81 0
