154
0 30
0 34
0 0
1 50
2 96
3 89
3 62
4 34
5 28
5 10
6 64
7 50
9 26
10 1
11 78
11 6
11 60
12 27
13 40
15 78
16 22
16 5
18 48
18 16
18 10
19 98
19 63
19 84
19 59
20 71
20 41
21 80
21 30
21 0
22 3
22 24
22 74
23 85
23 14
23 92
24 70
24 97
26 94
27 66
27 36
27 29
28 72
29 11
30 26
30 85
30 7
31 16
32 22
32 97
33 70
33 2
33 37
35 93
35 40
36 74
37 54
37 71
38 6
38 27
39 46
39 24
40 70
42 7
43 76
44 14
44 39
45 91
45 28
45 85
46 54
47 65
48 10
48 58
49 42
49 96
50 13
53 0
54 50
54 82
54 70
55 93
55 78
56 62
57 88
58 72
59 16
59 45
60 98
61 90
61 25
62 21
62 37
62 44
63 5
63 33
63 81
63 47
63 69
64 8
66 0
68 33
69 8
69 91
70 56
70 83
71 70
71 49
72 65
72 16
74 60
74 78
75 70
75 9
76 23
77 34
77 67
77 28
78 50
78 5
78 95
79 82
79 89
80 61
80 77
82 52
82 15
83 40
83 31
83 90
85 13
85 78
85 23
86 0
86 71
87 89
87 44
90 40
90 47
91 26
91 65
92 62
92 18
94 76
95 86
95 43
98 74
98 80
98 35
98 10
