120
0 26
2 17
1 97
1 2
1 11
2 59
2 81
3 43
3 76
3 48
5 13
7 30
8 39
7 17
10 92
12 27
13 13
12 96
12 61
13 76
16 91
15 82
16 5
17 29
20 51
19 54
21 3
21 94
22 33
22 84
22 97
22 11
23 36
23 27
24 55
26 32
26 88
27 19
28 74
27 43
29 34
31 17
31 24
32 65
33 89
33 96
34 7
34 75
35 41
37 92
36 59
40 16
38 84
39 43
39 59
39 96
41 40
45 17
44 8
45 91
46 52
46 81
46 23
46 30
48 44
50 97
48 65
50 4
50 57
52 11
54 46
54 95
55 0
56 17
56 35
59 89
58 23
58 72
61 64
61 16
63 57
63 42
63 95
63 24
65 81
65 65
66 84
67 12
68 72
70 88
69 43
71 29
72 76
73 87
73 54
74 39
74 0
75 79
75 11
76 23
79 58
79 30
83 55
84 88
83 73
84 23
86 2
90 30
89 39
90 63
90 44
92 46
92 11
92 88
92 95
94 61
95 79
96 84
97 26
99 87
