152
1 10
2 67
3 15
3 54
4 12
4 51
5 48
5 77
5 99
6 24
8 33
9 1
9 65
11 4
11 46
11 75
12 18
12 70
13 27
14 10
14 63
16 42
16 94
17 29
18 56
18 99
19 65
19 82
20 39
21 26
21 45
23 3
24 92
25 25
25 41
25 83
26 57
26 75
26 87
26 98
28 22
28 38
28 68
29 85
30 28
30 95
31 9
31 54
32 46
33 19
33 59
34 41
34 53
34 63
34 88
35 82
36 26
36 93
37 0
38 39
38 52
39 29
39 64
40 15
40 72
41 9
41 92
43 35
44 38
45 53
46 59
47 65
48 2
48 43
48 72
49 22
49 76
50 56
50 94
51 34
51 46
52 81
53 43
53 72
54 50
55 59
56 2
57 37
57 45
57 63
58 56
58 81
60 32
60 41
60 93
61 82
61 96
62 44
62 74
64 7
65 0
65 81
66 32
66 66
67 75
68 49
69 17
70 64
71 37
71 46
71 58
71 99
72 27
72 76
73 8
73 43
73 71
74 89
75 24
75 48
75 56
78 41
78 97
80 53
80 60
81 78
82 2
82 22
82 46
83 7
83 35
84 71
85 52
86 1
86 33
86 66
87 28
87 74
88 70
89 10
89 24
90 30
92 37
93 54
95 67
96 0
96 24
96 82
97 76
98 5
99 20
99 55
