157
0 28
0 51
2 75
4 78
5 32
6 29
7 77
8 2
8 14
9 36
9 55
9 88
10 91
11 1
11 50
11 71
12 63
13 33
14 66
15 26
15 50
15 76
15 80
16 1
16 73
19 8
19 59
19 68
20 15
20 84
22 54
23 13
24 63
25 52
26 29
26 38
26 76
27 94
28 26
29 14
30 0
30 9
30 56
32 60
33 38
33 96
34 48
34 71
34 88
35 5
36 36
36 64
37 53
38 23
39 57
39 71
41 96
42 11
43 48
44 20
44 94
45 88
46 26
46 57
46 70
46 82
47 13
47 39
47 60
47 75
48 92
49 16
49 36
49 55
49 79
51 71
52 38
52 59
53 20
53 28
53 67
53 77
53 94
54 89
55 0
55 52
56 57
57 62
57 69
58 36
59 23
59 45
59 54
60 93
61 32
62 0
62 17
63 4
64 73
65 49
65 66
66 13
67 31
68 16
68 28
68 51
69 43
70 12
72 4
72 67
73 19
73 64
74 88
74 95
75 83
76 14
76 61
77 19
77 26
79 0
79 7
79 32
79 39
80 77
81 16
83 24
83 51
85 15
86 42
86 84
87 24
87 68
88 34
88 71
88 78
89 20
89 47
90 5
90 53
91 66
91 80
92 25
92 32
92 62
93 6
93 93
94 10
94 88
95 71
96 74
97 1
97 97
98 35
98 93
99 11
99 82
99 90
