201
7 0
21 0
49 0
77 0
91 0
14 2
28 2
41 2
56 2
70 2
83 2
98 2
62 5
1 7
21 7
35 7
49 7
77 7
91 7
14 9
28 9
42 9
56 9
70 9
84 9
63 13
3 14
21 14
36 14
49 14
91 14
14 16
27 16
42 16
56 16
70 16
84 16
98 16
0 21
7 21
21 21
35 21
49 21
63 21
77 21
91 21
15 23
27 23
42 23
56 23
71 23
98 23
0 28
7 28
21 28
35 28
49 28
63 28
78 28
91 28
14 30
28 30
43 30
56 30
70 30
84 30
99 30
0 35
7 35
21 35
35 35
49 35
63 35
77 35
91 35
14 37
27 37
41 37
56 37
70 37
84 37
98 37
0 42
7 42
21 42
35 42
49 42
63 42
77 42
91 42
14 44
28 44
43 44
56 44
69 44
84 44
98 44
0 49
7 49
21 49
35 49
49 49
63 49
76 49
91 49
14 51
28 51
41 51
56 51
83 51
98 51
0 56
7 56
22 56
35 56
50 56
62 56
77 56
91 56
14 58
28 58
42 58
56 58
69 58
83 58
98 58
4 63
21 63
49 63
63 63
77 63
13 65
28 65
42 65
56 65
70 65
84 65
98 65
0 70
7 70
21 70
35 70
50 70
63 70
77 70
91 70
14 72
28 72
42 72
56 72
70 72
84 72
98 72
0 77
7 77
21 77
35 77
49 77
63 77
77 77
91 77
14 79
28 79
42 79
56 79
70 79
83 79
99 79
0 84
7 84
21 84
35 84
49 84
78 84
91 84
14 86
28 86
56 86
69 86
84 86
99 86
0 91
7 91
22 91
35 91
49 91
63 91
92 92
14 93
28 93
56 93
70 93
84 93
0 98
7 98
21 98
35 98
49 98
63 98
77 98
91 98
