152
0 19
0 92
1 29
1 55
2 5
2 22
2 72
3 58
3 95
4 8
4 40
4 63
4 92
5 21
6 1
6 28
6 84
7 18
7 68
9 37
10 8
10 22
10 99
11 59
11 69
13 50
14 3
16 10
17 49
17 72
18 76
18 95
19 17
19 42
20 58
20 91
21 10
21 46
23 15
23 30
23 82
24 7
24 53
25 3
25 39
27 35
28 31
28 71
29 6
29 28
29 39
30 19
30 77
30 89
31 65
32 22
32 32
32 84
33 27
33 47
34 68
34 81
35 6
35 17
37 74
38 93
39 52
40 25
41 0
41 15
41 85
42 8
43 36
45 13
45 22
45 76
47 8
47 83
47 97
48 27
50 33
51 80
52 50
53 23
53 42
53 75
54 13
54 69
54 85
54 93
55 31
55 60
58 82
59 9
59 63
60 14
60 43
60 75
61 17
61 52
61 99
62 69
62 89
63 0
63 62
64 43
64 82
64 95
65 9
66 4
68 86
69 97
71 24
71 62
72 11
73 52
73 87
74 83
74 98
75 1
79 13
79 35
80 57
81 22
81 75
81 82
82 34
84 51
85 38
85 67
87 16
87 31
87 78
88 39
88 86
90 26
90 66
90 73
91 1
91 12
91 57
91 94
92 83
93 5
93 67
93 80
94 43
94 59
94 75
94 88
95 40
96 78
