129
99 0
96 35
97 18
95 9
97 84
95 24
95 96
97 99
96 64
95 71
93 76
94 79
92 94
94 40
89 81
89 1
88 27
89 30
86 19
85 11
85 91
86 49
86 74
84 63
81 18
83 30
80 97
77 6
77 60
78 51
75 78
77 72
74 87
71 97
72 4
69 16
70 36
69 46
68 20
67 76
68 86
65 54
65 67
67 93
65 29
65 16
63 8
62 22
62 1
60 99
61 64
58 54
61 55
59 32
57 91
55 47
57 50
56 77
56 21
55 65
54 81
53 37
52 13
53 31
49 49
50 40
50 73
47 23
49 11
45 97
46 66
44 91
43 4
42 19
45 18
41 84
40 25
39 5
37 62
39 44
34 13
37 14
36 54
34 69
31 77
30 23
28 19
28 9
29 28
29 90
26 4
28 44
27 63
27 74
23 58
24 75
24 39
23 24
22 5
20 83
22 86
20 94
20 33
18 68
19 16
19 11
16 90
15 44
13 55
10 63
13 65
12 79
11 89
10 18
11 34
11 2
8 42
6 56
3 97
6 98
5 73
3 22
4 25
3 38
3 92
2 86
2 52
1 9
0 66
