155
0 10
0 24
1 35
2 16
2 98
3 22
4 9
4 40
4 45
4 69
4 80
5 84
5 99
6 62
6 94
8 39
10 66
11 10
11 49
12 2
12 13
12 23
13 58
14 20
14 31
15 81
16 15
16 96
17 99
20 16
20 80
21 44
21 52
22 3
22 20
22 61
22 76
23 55
23 72
24 86
27 16
27 79
28 33
28 60
29 10
30 54
31 72
32 6
32 90
33 20
33 62
33 98
35 58
36 15
36 47
36 85
36 93
37 28
37 50
38 21
38 36
38 63
38 88
40 83
41 1
41 8
44 7
44 28
44 42
44 63
45 94
46 72
47 22
47 58
48 12
48 91
49 0
50 7
50 97
51 18
51 31
52 3
52 40
52 79
53 22
53 48
53 87
54 11
54 58
55 81
56 34
58 88
59 77
60 70
61 6
61 10
61 22
61 39
61 52
63 83
64 93
65 25
66 54
66 76
67 65
68 59
69 14
70 67
71 39
73 61
73 71
75 84
75 99
76 66
78 87
79 96
80 81
81 22
81 51
82 0
82 26
82 77
83 17
83 36
83 74
84 51
84 60
84 99
85 45
85 79
86 31
87 13
88 22
88 66
89 81
89 88
91 6
91 21
91 50
91 64
92 59
92 79
93 1
93 85
94 19
96 56
96 91
97 16
97 37
98 2
98 25
98 62
98 94
99 45
99 87
