122
2 44
0 8
0 22
1 54
2 67
3 27
5 76
5 98
6 40
7 35
7 2
7 55
8 15
9 27
8 30
9 71
10 80
10 90
12 11
14 79
16 28
16 82
17 39
18 17
18 54
18 93
21 67
23 3
23 12
24 40
25 66
27 92
28 51
29 24
28 65
29 31
30 2
30 66
30 58
34 14
32 31
32 88
33 42
35 95
34 98
34 49
35 67
36 22
36 55
37 13
40 90
41 49
42 35
46 78
50 50
51 4
52 43
53 69
53 59
56 79
56 21
57 93
56 37
57 67
58 24
60 52
59 0
59 98
61 34
59 44
60 9
62 58
61 61
61 74
64 79
64 50
65 38
65 21
66 94
65 13
67 70
67 35
70 22
69 87
70 58
71 5
72 42
73 27
73 13
75 3
76 85
75 88
76 30
79 46
77 0
78 52
78 69
78 39
79 78
82 23
82 16
85 93
86 31
87 68
88 15
88 46
88 72
89 7
91 22
92 49
91 1
92 31
92 95
93 11
93 54
94 27
96 77
96 84
95 30
98 46
98 15
99 62
