123
80 99
14 99
97 98
60 96
55 94
54 97
85 95
9 94
19 94
30 94
76 93
3 92
66 92
57 89
97 88
84 88
62 86
41 84
22 82
49 80
48 83
8 83
58 79
73 80
16 78
21 77
39 76
34 76
58 75
10 75
82 75
70 73
51 74
2 70
66 69
28 72
76 70
88 69
56 68
44 68
4 64
69 65
64 62
37 64
99 64
77 60
51 61
85 61
54 58
26 56
48 57
17 55
59 56
33 54
70 56
98 54
12 53
57 52
3 51
77 51
28 52
92 48
45 49
58 49
19 49
70 46
20 45
83 43
84 46
95 46
74 42
43 42
24 43
55 43
30 41
60 39
87 38
24 38
93 36
14 35
50 36
64 34
89 33
44 32
56 31
9 31
98 30
54 26
72 25
85 23
99 23
79 22
44 22
65 21
57 21
30 19
89 21
7 19
98 20
36 20
83 20
76 19
62 17
45 12
98 12
21 12
39 12
28 11
61 10
31 10
70 9
93 7
84 9
25 8
9 6
72 6
40 4
48 5
79 2
30 4
61 3
73 0
4 0
