146
0 26
0 41
0 81
1 13
1 33
1 51
1 84
1 94
2 61
3 21
3 38
4 25
5 7
6 37
7 21
7 46
7 83
8 64
9 25
9 32
10 5
10 45
11 38
11 59
12 50
13 67
14 42
17 17
17 71
17 86
18 45
18 56
18 65
20 11
20 83
21 15
21 47
22 32
22 62
23 0
23 23
24 28
25 47
25 72
25 79
25 93
26 39
27 12
28 16
28 67
30 54
31 25
32 36
33 13
33 88
35 46
37 28
38 95
39 83
40 26
41 50
42 4
42 13
43 34
44 63
45 24
45 57
47 79
48 42
49 18
49 34
49 88
50 11
50 22
51 62
51 75
52 83
53 6
53 29
53 66
55 21
55 77
56 0
56 12
57 31
57 87
58 41
60 55
62 17
62 50
62 61
63 23
63 74
65 48
65 88
66 40
66 82
67 97
69 19
69 63
69 88
70 25
70 72
71 51
72 34
72 83
72 93
73 5
73 42
73 79
74 52
76 13
77 32
77 37
77 98
78 78
80 40
80 87
80 96
81 77
82 13
82 31
82 52
82 71
83 10
84 96
85 19
85 65
85 99
86 42
87 45
87 87
88 79
89 91
90 25
91 45
91 54
94 13
94 22
94 40
94 91
95 33
95 47
95 73
98 36
99 75
