155
0 16
1 25
1 91
2 61
2 82
3 8
3 41
4 14
4 48
4 73
5 37
5 69
5 97
6 30
6 76
7 27
8 10
8 43
8 99
9 7
9 55
9 92
10 18
11 31
11 48
11 98
12 68
14 78
16 2
16 88
17 18
17 49
17 74
18 53
20 48
21 89
23 17
23 30
23 39
23 82
24 5
25 44
25 90
26 21
26 84
27 18
27 64
29 2
29 49
29 83
30 16
30 70
31 28
32 6
32 77
32 87
33 44
34 23
34 37
34 53
34 98
35 15
35 92
36 72
37 39
37 46
38 5
38 78
39 51
40 0
43 97
46 84
47 71
47 78
48 14
49 37
50 80
50 97
51 69
52 25
53 30
53 62
54 58
54 90
55 45
56 0
56 64
57 36
58 32
59 95
60 11
60 63
60 73
60 81
61 56
62 6
62 43
62 68
62 87
63 24
63 35
63 90
64 51
66 47
66 55
66 97
67 9
67 82
68 1
68 91
69 45
70 4
70 28
70 55
71 35
71 79
72 96
73 43
74 22
74 61
75 81
77 47
77 62
78 20
79 34
80 12
80 29
80 42
80 80
81 65
81 83
82 86
83 7
83 73
86 8
87 62
88 53
88 82
89 12
89 35
89 95
90 21
91 15
92 6
94 35
95 76
96 93
97 9
98 0
98 21
98 57
98 67
99 41
99 63
99 75
