162
0 35
0 39
0 96
0 31
1 7
1 19
2 51
3 60
3 4
4 39
5 76
5 82
5 10
6 21
7 99
7 64
7 35
7 13
9 71
9 52
9 93
10 56
10 68
11 88
11 23
12 61
13 15
13 47
15 12
17 31
17 60
19 63
20 20
20 67
22 49
22 32
23 4
23 40
23 44
24 98
25 92
26 78
26 27
27 50
28 94
28 55
29 8
30 32
30 39
31 45
31 54
31 22
31 0
31 60
33 37
33 5
33 50
33 99
34 65
35 70
37 23
37 87
38 57
38 17
38 98
39 73
39 12
40 3
40 49
40 81
42 16
42 69
43 86
45 21
45 13
46 84
46 40
46 25
46 95
47 47
48 19
49 93
49 3
52 2
52 72
53 23
53 59
53 9
54 40
55 89
55 47
55 27
56 53
56 74
57 94
57 3
58 61
59 70
59 10
60 33
60 77
60 5
60 39
62 52
62 92
63 40
63 63
65 90
65 17
66 30
66 87
66 81
67 43
68 97
70 51
70 58
72 31
72 16
72 35
74 87
74 38
75 7
77 70
77 91
78 25
78 50
78 87
79 38
79 66
79 42
79 30
80 93
80 20
80 80
81 58
81 27
82 43
82 84
83 62
83 13
84 46
84 3
85 75
87 9
87 91
88 47
88 94
89 65
90 54
90 1
91 89
91 23
91 49
92 38
93 17
94 85
94 12
96 55
96 44
98 96
99 30
99 20
