162
0 80
1 20
1 11
1 89
1 26
1 34
2 93
3 55
5 51
5 41
6 57
7 21
7 99
7 54
7 17
8 61
8 1
9 94
9 32
12 23
12 73
13 87
14 13
14 93
15 52
15 24
15 90
16 80
17 69
17 99
17 31
18 66
18 86
19 20
20 6
20 90
21 30
21 83
23 87
23 55
23 92
24 14
25 84
27 76
27 55
27 31
27 93
28 14
29 24
29 10
30 57
30 41
30 53
33 80
33 93
34 77
34 46
35 99
35 39
36 8
36 56
36 94
36 27
38 77
39 81
39 50
39 43
40 72
40 93
41 99
42 78
42 88
42 16
42 55
43 92
43 44
43 60
45 67
45 41
45 31
45 7
46 36
47 80
48 57
48 92
49 18
50 69
51 96
51 66
52 24
53 62
53 13
53 35
55 53
55 3
55 42
55 69
56 50
56 8
57 33
57 25
57 93
59 68
59 12
59 73
61 25
61 18
61 76
62 66
65 19
65 15
65 47
66 65
66 43
69 19
70 16
70 26
70 88
71 94
71 35
72 48
72 52
75 44
75 54
76 74
76 6
77 58
79 33
80 12
80 60
81 67
81 38
82 99
83 22
84 34
85 83
85 89
86 63
86 40
86 74
87 37
88 22
89 51
89 55
90 42
92 25
92 75
92 86
93 72
93 7
93 81
94 95
95 4
95 54
96 25
96 13
97 16
97 28
97 75
97 82
98 39
99 71
