112
62 1
5 1
0 3
39 2
73 2
97 2
49 3
58 3
7 4
80 5
48 7
3 10
34 8
81 8
67 9
46 10
57 10
10 11
91 11
18 15
36 15
73 18
83 18
5 20
19 19
86 19
32 20
39 20
73 21
68 22
27 23
49 23
93 23
59 25
45 26
87 27
70 29
53 30
76 30
31 33
57 31
43 35
25 34
90 34
95 34
67 36
22 36
80 39
33 39
67 41
45 40
83 40
16 42
54 42
26 45
13 45
53 45
59 46
76 47
89 48
21 50
65 51
14 53
55 52
75 53
86 52
24 54
3 54
92 55
15 56
42 56
49 57
82 58
36 58
59 59
70 58
24 64
8 65
28 65
63 65
41 67
71 67
48 68
76 72
48 75
14 76
27 76
95 77
37 78
17 79
54 79
82 80
96 80
62 83
24 84
86 88
39 89
65 89
79 89
94 89
19 91
30 90
56 92
71 92
85 92
20 95
3 98
42 97
51 97
61 97
79 97
37 99
