117
99 21
98 97
97 72
97 29
95 86
95 6
96 51
94 16
91 74
91 78
89 65
90 86
87 45
89 48
88 59
88 34
87 18
85 10
85 80
82 4
82 64
80 73
80 35
79 17
75 88
77 63
75 48
76 72
72 33
72 42
72 51
71 60
69 34
69 6
68 44
68 92
68 69
67 13
66 82
65 29
62 97
62 43
60 7
59 57
59 77
60 88
58 36
54 76
55 82
54 89
53 95
54 45
52 66
52 81
51 35
50 18
50 51
48 54
48 39
48 21
46 89
45 16
46 74
44 35
42 87
43 48
40 55
39 68
42 69
42 11
40 25
37 42
38 61
38 75
36 17
34 3
34 68
34 14
34 36
32 22
30 91
30 9
30 33
29 41
29 87
27 19
26 49
26 78
24 51
25 24
21 21
19 34
20 43
19 64
17 84
13 42
14 30
13 75
11 58
14 4
11 95
12 14
10 79
11 82
9 36
9 97
10 64
10 53
8 39
8 27
7 18
1 26
1 59
1 49
1 20
1 97
0 31
