163
2 33
2 10
3 65
3 5
3 71
3 41
4 21
7 19
7 39
7 47
8 24
8 16
9 78
10 85
10 64
13 35
13 53
14 95
14 81
14 71
14 50
15 32
15 25
15 6
15 88
17 2
17 11
17 56
17 15
18 41
18 31
19 73
19 62
20 86
20 97
21 83
21 51
22 69
22 89
25 46
26 23
26 73
26 56
26 31
26 49
28 89
28 13
29 60
29 69
30 4
30 85
31 81
31 77
31 34
32 71
32 15
33 74
33 50
34 46
34 93
34 88
36 11
37 14
37 37
38 27
38 22
39 88
39 64
40 33
40 42
40 53
41 37
41 5
41 11
42 93
42 47
43 74
44 63
44 22
44 10
44 78
45 57
45 38
46 49
47 16
47 6
47 97
49 73
52 88
52 19
52 9
54 42
55 46
56 37
56 72
57 66
57 55
58 59
59 82
59 28
60 93
60 35
61 52
62 12
62 63
64 50
65 61
66 2
66 34
66 95
67 8
68 75
68 80
68 64
69 57
69 47
70 10
71 14
71 82
71 2
71 66
72 27
72 36
72 20
72 79
73 51
74 85
76 81
76 94
77 48
77 64
78 43
78 10
78 98
80 26
81 85
81 80
81 36
83 72
84 88
85 79
85 42
86 95
86 28
87 71
87 51
87 39
88 67
89 97
90 3
91 43
91 65
92 58
92 26
92 94
93 88
93 74
94 32
95 6
95 60
95 28
97 75
98 68
