164
0 62
0 94
1 19
2 11
4 23
4 75
5 39
6 96
6 35
6 87
7 7
9 81
9 58
10 61
11 95
12 39
12 99
12 52
12 21
12 64
13 42
14 88
14 7
16 50
17 11
18 92
20 60
20 18
20 96
20 6
20 87
21 66
21 36
21 76
22 43
23 58
24 32
25 44
25 2
27 62
27 51
28 6
28 71
28 85
30 93
30 29
31 88
31 38
31 98
32 11
33 68
33 31
34 62
34 49
34 72
35 25
36 89
37 12
38 7
38 66
38 77
41 78
41 26
41 44
41 12
41 97
42 52
42 15
43 85
45 32
45 58
47 8
47 92
47 70
47 80
48 97
48 11
49 31
49 45
49 61
50 86
51 5
51 37
52 78
52 29
53 55
53 95
54 21
54 34
54 87
55 2
55 71
56 54
56 16
57 64
57 97
58 5
58 86
58 10
59 35
59 31
60 49
62 63
62 89
63 24
64 13
64 50
65 75
65 16
66 19
66 65
67 30
68 69
68 6
68 1
69 60
69 17
71 12
72 54
73 63
74 99
75 43
75 17
75 39
76 90
77 4
77 83
78 72
79 87
80 92
81 47
81 3
82 77
82 70
83 85
83 80
84 73
86 54
86 29
86 96
87 58
87 66
90 12
90 53
91 15
91 82
91 66
91 42
91 50
92 77
92 87
93 9
94 47
95 76
97 45
97 38
97 87
97 30
97 82
98 62
98 68
98 52
99 57
99 8
