148
1 2
1 26
1 19
1 82
2 68
2 57
4 21
4 90
5 96
6 12
6 55
7 72
8 15
9 60
9 75
10 18
10 93
11 99
11 56
11 50
12 24
12 63
13 21
13 28
13 78
13 87
15 4
15 70
15 61
16 23
16 98
16 94
16 79
17 9
18 16
18 26
18 53
18 69
19 89
19 66
20 20
20 83
21 86
21 73
22 10
22 14
23 81
24 95
25 16
25 29
25 91
26 11
26 62
26 52
27 74
28 22
28 6
28 99
29 2
29 85
30 19
50 67
51 91
51 99
52 88
53 3
53 83
54 98
55 7
55 21
56 25
56 15
57 74
57 96
58 12
58 49
59 68
59 28
60 78
60 42
61 53
61 95
62 14
62 27
63 69
63 44
64 39
64 64
65 93
65 6
66 13
66 87
67 81
67 38
68 97
68 92
69 35
69 66
70 50
71 85
71 5
72 27
72 63
73 20
74 94
75 65
75 82
76 47
76 18
77 25
77 86
78 57
79 34
80 61
80 7
81 29
81 73
82 24
83 17
84 84
84 58
85 70
85 10
86 52
86 41
87 55
87 75
88 9
88 80
89 46
89 19
90 23
91 62
91 76
92 8
92 59
93 26
93 30
94 78
94 2
96 9
96 71
97 40
97 60
98 31
99 45
99 54
99 36
