164
0 0
0 5
1 82
1 51
3 45
4 98
5 78
5 58
6 9
6 26
6 87
6 19
7 94
7 13
7 3
9 79
10 30
12 22
12 35
12 71
13 12
13 97
13 32
15 65
15 49
16 46
17 6
18 16
18 39
18 69
18 30
19 65
20 81
21 27
22 39
22 24
22 8
23 99
25 77
26 73
26 32
27 25
27 20
27 57
28 51
29 5
29 75
30 26
31 42
32 11
32 48
33 68
33 84
33 89
35 15
35 39
36 33
36 25
37 49
37 56
37 36
37 83
38 43
39 52
40 89
41 92
41 42
42 39
42 62
44 34
45 58
47 40
47 27
48 76
48 84
48 68
49 13
49 57
51 47
51 65
52 83
52 97
52 4
53 76
53 12
53 24
55 32
56 69
57 49
57 25
57 95
57 8
58 37
59 11
60 79
60 58
61 85
61 16
61 46
62 88
62 65
63 9
63 68
63 96
64 81
65 17
66 1
66 40
66 76
67 53
68 81
69 84
70 19
71 57
71 35
72 77
73 40
73 92
74 30
74 99
74 83
74 53
75 60
77 56
78 84
79 79
79 9
80 96
80 65
80 39
81 16
81 62
82 13
84 86
84 81
84 56
85 1
85 5
85 30
85 37
86 92
86 14
87 50
87 40
88 44
88 4
88 18
89 57
90 61
91 66
91 38
93 91
93 63
95 77
96 65
96 61
96 50
97 5
97 9
97 37
99 79
99 15
99 2
99 23
