153
0 58
0 87
1 27
1 93
2 17
3 9
3 60
4 47
4 63
4 86
5 3
5 98
6 40
7 24
7 43
9 38
9 74
9 99
10 85
11 31
12 39
12 73
13 84
13 92
14 69
15 51
15 89
18 64
19 41
19 96
20 91
21 22
22 76
24 60
24 71
24 99
26 28
26 85
27 54
28 44
28 76
29 61
29 68
31 21
31 48
32 9
32 62
33 1
34 72
35 67
37 22
37 39
37 74
37 84
38 36
38 46
39 50
41 9
41 56
43 1
43 28
44 60
45 4
45 33
45 51
45 72
46 40
47 91
48 99
49 11
49 41
49 61
49 83
49 96
50 23
50 68
52 8
52 47
53 12
53 22
53 83
54 97
55 0
55 67
55 89
56 39
56 85
57 36
59 56
60 46
60 65
61 42
62 58
64 30
64 85
64 96
66 5
67 2
67 50
67 58
67 88
68 11
68 37
69 30
69 85
71 58
71 94
72 4
72 22
74 42
74 67
75 32
76 18
77 22
77 77
78 60
79 43
79 72
80 5
82 67
82 78
82 89
83 74
84 26
84 33
84 52
84 64
85 2
85 41
85 48
86 10
86 92
88 87
89 31
90 56
91 24
92 35
92 61
93 29
95 12
95 26
95 40
95 78
97 44
97 55
97 71
98 11
98 19
98 58
99 6
99 25
99 78
99 88
