94
1 2
5 5
5 86
6 33
6 41
7 61
10 10
12 50
14 74
16 21
16 55
19 93
20 15
21 28
21 36
23 61
27 43
31 1
34 46
34 92
34 99
35 32
38 73
39 28
41 15
42 51
45 83
47 37
48 5
51 10
51 20
51 28
52 61
59 56
61 1
61 60
64 33
71 53
72 50
74 14
75 4
75 53
76 83
78 20
80 40
80 95
81 75
81 92
82 28
82 59
86 28
89 9
90 5
90 15
90 25
90 31
90 40
90 49
90 57
90 66
90 79
90 87
90 95
91 20
91 35
91 45
91 60
91 72
91 91
92 10
92 52
92 69
94 5
94 15
94 25
94 31
94 40
94 47
94 57
94 64
94 79
94 87
94 95
96 10
96 52
96 69
96 90
98 20
98 30
98 44
98 57
98 64
98 79
98 85
