160
1 86
2 17
2 38
3 48
5 81
6 43
6 52
6 73
8 55
8 25
9 80
9 16
10 64
11 98
12 29
13 47
13 89
14 63
14 11
14 93
14 22
15 51
16 26
16 68
17 18
17 37
18 63
18 86
18 74
19 22
20 49
21 61
21 92
21 4
22 36
23 27
23 82
23 45
24 12
27 80
27 25
27 43
28 49
28 1
28 77
29 63
30 29
30 13
30 7
31 25
31 50
32 37
33 42
33 69
34 77
34 52
34 8
35 3
36 49
36 45
38 78
38 10
39 62
39 6
39 13
40 57
40 16
41 38
41 82
41 22
42 33
44 42
44 16
45 64
46 19
47 83
48 25
48 90
48 95
49 6
49 30
50 84
51 75
51 24
51 54
51 42
52 96
53 33
53 7
53 66
54 23
54 40
54 13
55 43
55 85
55 0
59 12
60 81
61 74
61 88
62 1
63 54
63 96
63 16
65 51
65 57
66 97
67 19
68 87
69 62
69 45
70 79
71 40
71 5
72 84
73 67
74 73
75 42
75 20
76 60
77 35
77 70
78 9
78 43
80 88
80 96
81 20
81 24
82 78
84 36
84 30
85 98
85 12
85 53
87 56
87 69
87 86
87 45
88 96
88 61
89 25
90 91
90 19
90 42
91 8
91 60
91 0
92 72
92 14
93 84
94 77
95 59
95 70
96 32
97 52
98 98
98 26
98 35
99 3
99 22
