145
0 57
0 92
2 15
2 31
2 49
2 63
2 98
3 67
6 63
6 93
7 1
7 13
7 46
8 5
8 66
9 31
10 59
11 48
12 41
13 38
13 78
13 99
14 3
14 70
16 32
17 7
17 26
17 61
18 23
18 88
19 35
21 59
22 47
22 66
22 92
23 11
24 75
25 32
25 82
26 23
27 97
28 3
28 15
28 51
28 58
28 83
29 26
29 54
29 70
29 92
31 11
33 17
33 42
33 64
34 31
34 82
35 4
35 76
36 45
36 79
37 11
39 31
43 41
43 84
44 15
44 93
45 3
45 27
46 30
46 41
47 34
47 91
48 2
49 54
51 0
51 25
51 50
52 83
53 39
53 54
54 16
55 0
56 25
56 95
57 64
57 88
59 27
59 47
59 81
60 38
61 2
61 16
62 69
62 89
63 34
63 43
63 62
65 75
65 83
65 94
66 78
67 54
72 38
72 55
72 67
73 0
73 30
73 85
74 9
75 46
75 71
75 94
76 26
78 41
78 86
79 22
79 59
79 73
79 82
82 24
84 51
84 81
85 10
85 59
86 97
89 14
89 46
89 95
90 31
90 58
90 71
92 77
93 99
94 60
95 36
95 46
95 80
96 22
97 6
97 56
97 70
98 61
98 90
99 32
99 42
