113
1 35
1 74
2 59
2 82
3 9
5 27
5 92
7 82
9 53
10 42
11 84
12 91
15 74
16 83
17 26
17 38
17 49
17 60
18 35
19 4
19 43
19 95
24 71
24 84
26 8
26 16
26 56
26 95
27 4
27 11
27 37
27 48
27 61
27 65
27 99
28 0
28 20
28 73
28 84
28 89
29 17
29 81
35 26
36 2
36 82
38 17
38 27
39 91
42 85
46 51
47 26
47 58
47 82
48 93
49 86
50 38
52 96
53 0
53 26
53 71
53 93
56 25
56 73
56 86
56 95
57 0
58 29
58 91
59 36
60 3
61 84
62 15
63 27
63 72
63 92
67 25
73 14
73 84
74 58
74 95
75 36
82 7
82 57
83 17
84 26
85 0
85 36
85 70
85 99
86 39
86 47
86 57
86 73
90 25
91 8
92 4
92 17
92 53
92 68
93 26
93 56
93 64
94 72
95 1
95 9
95 30
95 35
95 46
95 75
95 93
96 4
96 23
96 40
