121
89 3
6 1
47 2
95 2
30 3
50 4
22 5
36 6
84 7
10 8
42 9
2 8
61 9
92 11
45 10
95 13
68 13
39 13
61 16
79 14
13 16
89 17
43 20
69 19
9 20
35 21
94 23
80 23
52 23
74 24
65 25
90 25
46 27
58 27
67 28
4 28
12 29
49 30
26 31
40 34
92 35
81 34
20 35
0 35
9 37
87 37
43 40
74 41
22 41
5 41
48 42
1 42
85 43
56 43
76 45
19 46
98 45
43 47
9 49
34 47
77 49
2 50
23 51
18 52
86 51
42 53
73 53
48 54
30 54
23 55
96 54
14 57
66 57
35 58
27 60
53 61
74 60
33 62
11 62
60 62
49 63
22 65
79 64
30 66
60 65
91 67
99 66
6 69
38 70
41 69
53 71
95 74
5 72
39 75
82 76
57 77
77 76
29 76
72 79
37 79
42 79
94 80
4 84
18 81
68 83
38 84
9 87
62 86
55 86
71 88
0 90
39 89
45 91
28 91
13 91
93 93
19 93
82 95
58 93
68 97
45 99
