155
0 31
0 95
1 27
1 66
2 11
2 49
3 18
4 69
6 22
6 36
6 78
7 26
8 54
9 44
10 38
10 65
10 74
10 92
11 34
11 50
13 13
13 24
13 97
14 28
14 35
15 78
17 33
17 54
17 72
18 50
20 10
20 32
21 39
21 56
21 65
24 31
24 98
25 13
27 96
28 50
29 18
29 72
29 93
30 15
30 84
31 32
31 59
33 89
34 14
35 82
36 3
36 10
36 30
37 87
38 6
39 24
42 46
42 55
42 59
42 70
43 76
44 10
44 66
44 80
45 0
45 24
45 37
47 45
48 50
48 66
50 33
50 99
51 39
51 64
52 11
52 36
52 45
52 95
53 32
53 87
54 50
55 27
55 90
56 46
57 52
57 66
57 94
58 26
58 55
58 82
58 98
59 90
60 60
61 14
61 67
62 35
62 53
64 97
65 85
67 14
67 51
67 80
69 5
70 79
71 89
72 13
73 22
73 37
73 62
74 47
74 70
74 97
75 55
76 30
76 52
76 88
77 38
78 19
78 57
78 70
79 12
80 28
80 85
81 63
82 6
82 81
83 89
84 66
85 69
86 47
86 98
87 75
87 84
89 17
90 9
90 20
90 45
90 78
90 88
91 23
91 34
92 27
92 74
92 85
93 39
94 12
94 36
94 94
95 47
95 82
96 87
98 34
98 43
98 52
98 91
