154
0 43
0 87
1 37
2 10
2 22
3 49
3 73
4 13
4 82
6 18
6 60
7 73
8 91
9 40
9 48
9 96
10 1
10 24
12 55
13 18
13 49
15 93
16 45
16 79
18 4
18 92
19 45
19 72
22 88
24 48
25 14
25 65
26 65
27 37
27 75
28 31
28 56
29 95
30 66
31 0
31 17
31 82
32 28
33 71
33 93
34 9
34 99
35 50
36 5
36 76
37 17
37 79
39 38
40 32
40 55
41 16
41 67
41 84
42 10
42 64
43 3
43 49
44 53
44 82
45 20
45 42
45 91
47 16
47 60
48 93
49 83
50 0
50 78
51 14
51 75
53 22
53 54
53 72
54 30
54 35
56 27
57 16
57 71
57 99
58 10
58 36
58 49
59 59
60 3
60 21
60 69
61 27
61 75
61 90
62 39
62 55
62 83
63 4
65 82
65 99
66 36
67 3
67 67
69 25
69 79
70 5
70 15
70 41
71 68
72 60
73 28
73 86
73 97
76 1
76 11
76 44
76 91
77 8
77 75
77 98
78 20
79 47
79 56
80 31
81 72
81 91
82 52
83 22
83 45
84 16
84 27
85 60
85 80
86 4
86 64
87 51
88 7
88 83
91 25
91 35
91 91
92 72
93 31
93 38
94 15
95 18
95 49
95 58
96 12
96 43
96 71
97 40
99 53
99 84
