122
0 49
2 22
2 93
2 5
3 65
3 80
3 31
3 13
4 99
5 87
6 71
8 54
9 3
9 21
9 69
13 44
12 79
11 14
12 89
13 82
14 32
14 92
15 19
17 56
15 61
16 97
20 4
19 26
20 91
20 72
21 98
23 78
24 59
26 8
27 85
27 37
30 15
28 53
28 80
29 41
28 64
31 74
32 32
33 58
34 64
34 77
35 85
35 7
35 42
36 74
36 18
37 37
41 50
40 58
40 29
41 97
41 14
42 86
43 62
43 36
44 89
46 50
45 74
47 36
47 59
48 19
48 91
48 5
51 86
52 52
53 95
52 37
53 64
56 55
56 84
58 98
58 77
60 65
61 18
66 56
66 73
67 48
68 34
69 19
69 78
70 58
70 7
71 25
72 95
71 98
72 54
72 0
73 89
75 26
77 47
78 83
79 75
80 43
81 57
80 11
81 97
82 34
83 84
84 69
87 4
85 43
86 79
88 51
87 23
88 58
89 93
88 11
91 29
91 49
91 38
92 89
92 71
93 83
95 93
95 13
99 75
99 89
