147
0 36
0 49
1 12
1 99
4 55
4 63
6 26
6 36
6 76
7 62
8 49
8 89
9 99
10 5
10 93
11 72
12 97
13 69
14 34
14 43
15 38
16 2
16 47
16 66
17 80
18 98
19 12
20 7
20 32
22 85
23 90
24 2
24 24
26 21
28 75
28 93
30 29
30 70
30 90
31 94
32 48
32 55
33 43
34 19
34 64
35 86
36 54
37 2
38 69
38 90
38 94
40 1
40 73
41 17
42 33
42 62
45 18
45 58
46 75
47 13
47 28
47 45
48 61
48 85
49 3
50 18
50 56
52 48
52 88
53 78
54 36
54 94
55 13
56 27
56 62
56 80
57 40
59 97
60 53
61 15
61 43
61 66
62 76
63 38
64 92
65 61
66 16
66 64
66 73
67 20
67 33
67 47
67 87
68 1
68 78
68 93
69 60
69 71
69 82
70 7
71 3
73 26
74 8
74 44
74 91
77 6
77 21
78 11
78 24
78 31
78 65
78 97
81 32
81 53
81 69
82 76
82 89
83 13
83 63
84 47
84 70
84 84
85 33
86 30
87 90
88 3
88 14
88 40
90 8
90 81
90 97
91 54
91 88
92 16
93 9
94 5
94 62
95 13
95 39
95 86
96 17
96 35
96 80
97 58
97 63
99 11
99 25
