119
69 99
79 98
24 98
53 96
86 95
39 93
92 94
9 95
78 94
16 90
29 92
3 92
98 90
82 90
92 89
35 89
44 89
67 87
70 88
78 86
57 86
37 85
89 85
23 85
49 81
30 82
33 83
80 83
14 83
96 82
74 80
36 78
16 74
18 77
26 73
65 74
45 73
51 72
56 70
36 68
74 67
90 67
81 68
67 66
39 65
44 64
94 64
30 61
98 62
82 62
8 60
11 61
47 61
68 61
75 56
24 56
15 57
1 55
81 56
95 55
87 55
45 51
44 54
35 49
7 52
74 52
26 46
25 49
90 49
54 46
94 47
35 46
30 41
10 42
49 41
1 39
80 41
51 38
94 37
66 38
13 33
35 33
84 32
75 32
5 30
99 29
49 27
52 23
24 24
68 23
45 21
91 22
18 21
6 22
30 21
87 19
94 17
51 17
72 15
73 18
64 17
29 15
43 13
81 11
9 9
95 10
58 6
39 5
40 8
91 6
32 7
24 4
76 6
97 4
62 4
68 3
90 2
28 1
42 0
