124
14 1
87 1
90 0
46 3
65 1
9 2
30 5
75 4
22 5
60 6
11 5
50 7
66 8
90 7
43 9
34 11
96 11
65 13
19 15
55 14
48 16
8 16
80 16
51 17
19 19
45 18
61 19
1 21
94 22
59 22
80 23
46 26
56 24
36 24
22 27
72 26
74 28
95 30
7 28
9 32
24 31
56 32
79 34
46 32
36 34
39 33
8 37
97 37
0 38
59 37
89 36
64 41
11 40
70 41
49 43
26 44
34 43
14 45
46 45
90 48
55 46
27 47
3 49
18 49
89 51
35 52
98 52
47 53
40 56
79 56
82 55
17 56
54 57
0 57
39 59
70 60
56 61
26 61
35 63
19 65
95 64
42 65
83 66
98 65
76 67
25 67
71 68
35 70
19 71
45 70
65 71
49 76
11 76
33 76
76 78
42 79
90 81
6 83
14 84
61 83
34 84
68 86
22 86
97 84
53 86
28 86
7 86
14 87
36 88
81 89
65 91
38 91
41 90
54 93
57 95
63 95
78 95
35 95
5 95
4 98
19 97
61 98
33 99
8 99
