158
0 0
0 11
0 63
1 16
1 40
3 62
3 76
5 10
6 41
8 73
9 15
9 33
10 29
10 57
12 66
12 93
15 14
15 24
15 39
16 10
16 91
17 67
17 97
18 3
18 87
20 23
20 59
21 42
22 19
23 66
24 1
24 34
24 61
25 28
26 46
26 95
27 12
27 42
27 58
28 22
28 77
29 27
29 86
30 99
31 17
31 73
31 83
31 96
32 22
32 63
33 32
34 3
34 16
34 67
34 85
37 13
37 51
38 42
38 67
39 74
40 36
40 96
41 25
41 45
41 59
42 12
42 41
43 4
44 35
44 71
44 97
45 16
45 40
46 13
46 82
47 19
47 26
48 70
48 85
49 38
49 53
50 64
51 69
52 4
54 32
55 78
55 91
56 38
56 72
57 94
58 22
58 49
59 36
59 80
60 89
61 1
62 67
62 99
63 38
64 19
64 42
65 11
65 34
65 87
66 50
67 17
68 44
68 69
68 83
68 96
69 4
69 61
70 38
70 90
71 53
72 68
73 31
73 91
74 39
74 56
74 88
75 4
75 74
76 34
76 94
77 47
79 15
80 38
80 76
82 14
83 7
83 43
83 57
83 81
84 34
84 52
85 31
85 77
86 83
87 7
87 22
88 17
89 58
92 54
92 67
92 92
93 13
93 29
93 44
93 72
94 16
94 37
95 47
96 52
96 79
97 75
98 22
99 6
