157
2 66
3 24
3 37
3 91
4 20
4 44
4 72
4 57
5 50
5 8
5 99
8 5
9 86
10 50
13 30
13 76
14 18
15 97
15 92
17 41
19 21
20 62
21 43
22 84
22 49
24 96
24 89
25 71
25 37
28 8
29 27
29 54
29 67
31 78
31 94
31 42
31 6
31 21
31 86
32 52
32 15
32 32
33 48
33 29
34 88
34 36
34 79
36 94
36 58
36 47
37 23
38 33
38 83
38 12
39 68
39 95
39 3
40 87
40 37
41 14
41 26
41 48
41 18
41 71
42 99
42 23
43 51
43 33
43 59
44 36
45 25
45 96
45 92
47 30
47 68
47 37
49 12
50 93
51 51
52 30
53 70
53 7
55 24
56 81
56 86
58 43
58 32
58 97
58 49
58 9
59 55
60 73
61 77
62 57
63 5
63 91
63 72
65 84
65 38
66 68
66 54
67 87
67 95
68 37
68 49
68 73
69 8
69 25
70 67
70 89
72 61
72 97
74 33
74 88
75 74
76 15
77 11
78 83
78 37
79 56
79 27
79 2
80 89
80 19
80 49
80 5
81 73
82 41
82 54
83 10
83 47
84 75
85 7
86 13
86 18
86 3
87 83
87 73
89 97
89 91
90 9
90 32
91 40
92 69
92 23
92 35
93 62
93 5
94 49
94 92
95 33
96 56
97 50
97 3
98 92
98 67
99 7
