127
42 0
89 0
92 1
21 1
62 2
74 2
80 5
23 5
16 5
50 6
33 6
97 8
12 9
2 11
72 12
63 10
80 11
24 12
11 12
54 14
90 14
3 14
77 15
61 18
81 18
4 20
7 19
95 19
24 20
56 21
33 22
56 23
59 22
0 22
89 23
81 23
72 26
12 27
31 25
39 27
42 26
19 27
97 27
55 28
8 30
31 33
22 31
66 32
91 33
16 33
79 33
57 34
83 36
97 35
51 37
8 37
61 37
39 38
86 39
22 41
44 44
64 43
12 43
73 43
89 48
49 46
17 48
20 47
84 47
30 48
33 47
6 48
97 49
27 50
61 51
68 52
49 55
27 55
16 55
41 56
94 60
83 58
9 59
73 60
65 60
26 60
37 61
76 63
21 64
49 68
96 66
91 67
30 68
14 68
41 69
6 70
20 74
81 72
64 74
7 74
87 73
94 76
1 76
45 76
26 77
64 77
71 78
98 79
32 82
35 81
22 82
57 83
75 84
90 86
38 86
67 85
55 88
3 87
25 87
95 89
13 90
70 91
31 94
81 94
39 94
3 97
99 97
