160
0 13
1 95
2 34
2 73
3 0
3 31
4 6
4 63
4 27
5 76
5 15
5 96
6 2
6 19
7 72
8 46
8 81
8 50
8 9
9 90
9 18
9 1
11 41
11 84
12 30
12 20
13 60
13 24
14 97
15 11
15 36
16 67
17 40
17 60
17 20
17 46
18 72
19 24
19 28
19 5
19 52
20 44
21 2
21 98
23 81
23 21
25 93
26 4
26 26
27 86
28 64
29 7
30 36
30 69
32 89
32 31
32 40
33 94
33 85
34 75
34 36
35 33
35 91
35 71
35 42
35 9
36 17
36 97
37 1
37 78
38 46
39 31
39 50
39 65
40 35
40 68
41 5
41 57
43 41
44 28
45 95
45 9
47 40
49 54
49 48
51 68
51 38
52 96
52 61
53 76
53 43
54 73
54 35
55 21
56 44
56 52
56 97
58 28
59 68
61 20
61 57
62 40
62 6
64 90
64 62
65 30
65 53
65 83
65 13
65 73
66 3
68 94
69 78
69 59
70 89
71 5
71 46
71 96
73 60
73 92
73 81
74 77
74 27
74 4
74 19
75 32
75 66
76 16
76 46
77 61
77 70
77 74
79 35
79 97
80 49
81 32
82 55
82 22
83 2
86 75
86 53
88 43
88 61
88 67
89 39
90 0
91 46
91 74
92 38
93 3
94 24
94 12
95 78
96 81
97 98
97 54
98 30
98 20
98 93
99 23
