104
0 0
0 49
0 98
2 45
2 94
4 41
4 90
6 37
6 86
8 33
8 82
10 29
10 78
12 25
12 74
14 21
14 70
16 17
16 66
18 13
18 62
20 9
20 58
22 5
22 54
24 1
24 50
24 99
26 46
26 95
28 42
28 91
30 38
30 87
32 34
32 83
34 30
34 79
36 26
36 75
38 22
38 71
40 18
40 67
42 14
42 63
44 10
44 59
46 6
46 55
48 2
48 51
49 98
50 47
51 94
52 43
53 90
54 39
55 86
56 35
57 82
58 31
59 78
60 27
61 74
62 23
63 70
64 19
65 66
66 15
67 62
68 11
69 58
70 7
71 54
72 3
73 50
73 99
75 46
75 95
77 42
77 91
79 38
79 87
81 34
81 83
83 30
83 79
85 26
85 75
87 22
87 71
89 18
89 67
91 14
91 63
93 10
93 59
95 6
95 55
97 2
97 51
98 98
99 47
