150
1 2
1 11
2 49
5 48
5 55
6 29
6 93
7 2
7 83
8 54
8 9
9 76
10 70
11 80
11 43
11 90
12 85
13 10
13 15
13 48
14 76
14 45
14 7
14 97
15 73
15 82
15 24
16 90
16 60
17 1
18 8
18 80
19 65
20 37
21 78
21 98
23 49
23 67
23 26
25 14
25 60
26 85
28 88
28 63
30 45
30 51
30 3
31 17
32 38
34 8
34 29
34 1
34 44
35 4
35 69
36 26
36 34
37 41
37 14
38 95
40 83
42 45
42 65
43 2
43 59
44 87
44 22
44 79
45 15
47 18
48 28
48 40
48 49
48 98
49 24
51 92
52 14
52 48
52 10
53 75
54 32
55 21
55 8
56 54
56 99
57 82
58 68
59 10
59 76
61 21
61 41
61 17
61 88
62 6
62 75
62 68
63 62
63 46
63 25
64 39
64 84
64 94
65 73
66 76
66 14
66 51
66 4
67 66
67 83
67 24
68 18
71 54
71 31
72 15
73 45
73 85
74 55
74 78
75 10
76 52
76 26
76 43
76 7
77 66
77 87
77 95
78 72
79 39
81 18
81 80
83 91
83 22
83 8
83 54
85 13
86 32
86 56
87 67
87 29
88 45
89 91
89 23
93 49
93 94
93 10
95 5
96 23
96 74
97 65
97 34
