155
1 74
2 37
2 47
2 96
3 62
4 7
4 80
4 92
5 37
5 69
6 44
6 55
6 99
10 3
10 84
11 45
12 14
13 38
13 89
14 3
14 46
14 79
15 21
17 34
18 14
18 46
18 89
19 61
21 51
21 55
21 79
22 34
22 48
22 75
23 14
23 69
26 77
27 6
27 25
27 59
27 73
27 98
30 34
30 54
30 85
31 6
31 16
31 89
33 48
33 94
34 52
34 61
35 41
36 57
36 90
37 1
38 26
38 79
39 53
39 83
40 68
41 3
41 25
41 71
43 40
43 65
43 83
43 99
44 1
44 79
45 14
45 24
45 75
46 5
47 63
49 26
49 56
49 68
49 92
50 19
50 50
51 41
52 29
52 69
53 52
53 77
56 30
56 51
57 76
57 96
59 6
59 14
59 29
59 59
60 52
61 86
62 38
62 78
63 8
63 23
63 66
67 15
67 67
68 12
68 31
68 52
69 4
69 34
70 84
70 97
71 51
72 16
72 24
72 35
72 90
73 1
74 44
74 78
75 26
75 64
76 10
76 48
76 89
77 7
77 67
80 99
81 6
82 38
82 49
82 91
83 27
85 18
85 86
87 55
88 43
88 69
88 98
89 3
89 31
90 50
90 89
91 82
92 7
92 23
92 53
93 73
94 16
94 61
94 94
95 57
96 1
96 67
96 78
97 99
99 28
