163
0 87
1 13
2 23
2 56
2 77
3 40
3 60
4 0
6 44
6 80
7 71
8 59
8 93
9 2
10 5
10 81
10 97
11 14
11 47
11 86
12 11
12 77
12 90
13 6
13 32
14 53
14 93
15 15
17 35
18 11
19 46
20 29
21 25
22 32
22 85
23 12
23 55
23 66
24 9
24 50
25 4
25 20
25 29
25 40
25 96
26 99
27 76
28 8
28 87
29 70
30 25
30 40
30 78
31 67
31 86
32 2
32 57
33 26
34 76
35 42
35 93
36 34
36 56
37 17
37 48
39 2
39 9
39 85
40 18
40 29
40 52
41 78
41 89
43 64
44 30
44 87
45 11
47 55
48 7
48 24
48 40
48 63
48 91
49 11
49 19
49 72
50 75
50 88
51 82
52 9
52 48
54 36
54 75
54 85
56 79
57 2
58 13
58 27
58 46
58 64
60 69
60 98
61 72
61 79
63 18
63 47
63 54
65 83
67 86
68 22
68 68
69 8
69 28
71 59
71 76
72 11
72 56
73 49
73 53
73 83
74 61
75 37
76 45
78 97
79 15
80 4
80 47
81 9
81 35
81 93
82 28
84 63
84 72
84 90
85 12
85 16
87 27
87 71
87 89
88 46
89 11
89 34
89 63
89 77
90 17
90 68
90 83
90 90
91 94
92 21
92 32
93 29
93 51
93 75
93 91
94 40
95 2
97 85
98 5
98 24
98 34
99 1
99 81
