151
0 30
3 90
4 62
5 13
5 47
6 58
6 17
6 74
8 14
9 28
9 49
9 67
9 79
10 98
10 83
10 37
11 9
11 31
12 13
12 94
12 53
13 58
15 85
15 7
15 45
15 99
16 42
16 62
16 32
18 54
19 38
20 81
21 25
21 98
21 47
21 77
22 62
22 41
22 54
23 30
24 78
25 98
25 27
26 46
28 11
29 88
29 8
30 57
31 12
31 34
31 43
32 61
33 77
33 30
37 24
38 53
38 73
38 68
38 45
38 60
39 77
39 38
40 9
41 42
41 94
41 80
41 29
42 50
42 17
42 83
43 67
44 59
45 64
45 79
47 29
47 51
48 46
48 41
49 6
50 60
51 20
51 83
52 88
52 68
53 50
53 37
55 32
56 19
57 43
57 65
59 75
60 60
61 79
61 85
62 92
63 99
64 36
64 63
64 81
65 74
66 11
66 43
66 94
67 68
68 8
68 32
69 56
69 83
69 39
69 0
69 48
71 3
72 58
72 78
73 12
73 41
73 63
74 74
76 42
76 99
76 21
77 56
78 76
78 9
79 44
81 2
83 69
83 91
83 51
83 19
84 77
86 30
86 39
87 66
87 10
89 53
89 62
90 97
91 36
92 90
93 49
93 42
93 93
94 34
94 84
96 56
97 83
97 25
98 98
99 12
99 55
