100
0 0
0 4
0 10
0 14
1 99
1 70
1 62
1 82
3 7
3 89
3 76
3 17
5 10
5 20
8 9
8 77
8 19
10 0
10 4
10 40
10 88
10 84
10 46
10 12
10 16
10 50
10 24
10 34
10 54
11 20
11 57
11 71
12 9
13 29
13 65
13 17
13 1
13 5
13 75
15 10
15 32
15 55
15 20
15 42
16 7
17 78
18 21
18 29
20 34
21 7
21 17
23 43
23 70
23 53
24 11
24 34
25 99
25 86
27 2
27 55
27 12
29 29
29 80
29 39
30 99
30 34
30 44
32 52
33 15
33 30
33 25
33 40
34 80
34 88
44 11
44 44
46 17
49 49
49 59
50 29
50 39
51 99
51 70
55 29
55 34
55 39
55 44
61 10
77 16
77 77
80 10
80 15
87 76
88 16
88 40
95 5
98 6
99 15
99 0
99 23
