117
12 0
29 2
37 1
19 1
87 2
1 3
76 4
84 6
67 7
44 7
49 9
59 9
93 9
24 11
97 10
85 12
75 13
56 16
27 18
2 18
12 18
68 19
40 21
44 22
55 25
23 24
79 24
74 24
63 24
17 26
9 27
43 27
37 28
20 28
40 30
95 29
51 31
86 32
31 33
61 33
8 33
75 36
33 36
95 37
25 37
14 37
74 39
4 40
91 41
50 41
60 44
15 44
95 45
23 45
7 46
31 48
63 47
18 48
66 49
0 50
48 50
39 51
25 53
28 52
90 53
61 54
76 54
54 55
97 55
31 56
82 57
64 56
23 58
32 61
39 60
60 61
73 63
48 63
82 63
74 66
62 65
4 66
42 65
56 67
47 69
11 69
64 68
36 69
54 72
30 70
10 73
93 74
40 73
46 75
90 76
38 76
63 78
94 79
56 83
29 82
83 82
23 83
63 86
74 85
16 86
94 88
39 89
70 92
26 91
77 93
44 92
18 95
89 96
75 96
46 97
49 96
7 99
