120
0 30
1 66
1 98
2 8
1 17
3 58
2 44
6 49
7 74
7 3
6 86
6 59
11 1
11 74
10 93
12 17
13 64
15 72
15 40
15 88
16 23
17 38
18 44
18 96
20 11
21 22
20 5
20 68
21 32
22 42
23 75
23 85
24 16
26 29
29 58
29 88
29 43
30 27
32 17
31 78
33 14
33 54
34 57
34 93
34 80
36 74
36 66
38 32
37 9
38 58
39 37
39 15
39 95
42 24
43 78
45 17
44 47
43 56
44 92
46 60
46 87
47 46
48 33
50 5
49 8
51 64
51 69
51 53
52 81
53 17
52 61
53 98
54 2
55 20
57 35
56 88
56 67
60 41
62 72
64 87
65 71
65 2
68 89
68 22
69 38
69 45
74 46
73 78
72 70
74 57
74 88
76 66
76 36
78 26
78 18
80 8
83 97
84 55
85 15
84 67
85 93
85 83
85 0
88 20
87 61
90 37
91 13
92 46
93 59
93 32
93 18
93 75
94 84
94 78
95 53
95 6
96 92
97 38
96 41
97 13
