123
99 64
98 18
98 74
97 38
96 14
97 2
94 26
95 98
94 20
93 10
94 44
91 37
86 30
86 95
89 96
86 21
86 13
83 55
86 56
84 25
84 88
83 19
80 48
78 63
80 66
77 57
78 7
75 81
78 80
75 91
77 2
76 47
74 9
72 18
69 35
71 97
70 84
70 63
69 67
68 52
67 77
66 21
67 24
66 62
64 58
66 2
65 99
65 31
61 7
62 40
62 73
61 86
62 89
58 53
61 54
60 27
55 78
58 92
55 38
55 4
52 72
54 10
51 29
52 3
51 21
51 84
49 10
48 66
48 94
46 25
44 44
45 57
45 87
42 32
39 93
38 40
37 61
36 51
33 78
34 55
32 7
32 64
32 94
33 97
31 73
29 44
32 43
31 14
30 85
26 81
27 50
25 74
24 87
26 3
23 26
22 35
20 54
17 83
20 82
19 12
18 47
19 92
18 71
12 29
13 4
12 94
11 80
10 52
10 87
7 61
9 64
8 22
6 10
7 98
6 15
5 49
4 88
2 63
3 77
3 17
2 40
1 81
1 49
