120
98 0
17 1
20 0
60 3
85 1
49 1
45 2
77 3
64 5
12 7
88 7
1 7
36 8
45 10
16 12
80 13
95 11
71 13
32 12
72 16
88 17
46 19
76 20
37 21
96 23
68 24
4 25
62 25
44 27
90 28
33 26
17 27
55 27
73 27
23 30
33 30
61 31
30 31
21 33
66 33
6 34
77 36
1 37
20 37
32 37
92 37
37 37
45 37
57 40
81 41
13 42
37 43
47 44
8 45
74 46
23 45
65 45
57 46
9 48
87 47
36 50
39 51
11 52
48 52
92 53
61 53
71 55
20 55
23 54
32 57
66 58
6 58
52 59
91 60
31 60
41 62
98 65
81 64
0 64
49 66
69 67
70 70
38 68
15 71
0 72
48 75
37 74
81 73
88 75
69 75
61 76
52 77
95 77
8 79
38 77
34 78
21 79
1 80
64 81
79 81
42 81
89 82
54 84
7 82
31 82
66 84
48 84
45 87
89 88
56 90
38 89
76 90
17 90
20 91
88 95
44 96
70 96
58 97
81 97
41 99
