165
0 16
1 43
2 83
2 91
3 1
3 71
5 44
6 82
6 0
6 89
6 50
8 15
9 9
9 2
9 38
10 70
10 45
11 35
11 56
12 64
12 27
12 23
12 10
13 99
13 1
15 12
15 7
15 31
16 65
16 55
16 35
16 93
18 84
19 23
19 69
19 78
22 10
22 48
23 22
23 99
23 91
24 86
25 69
25 34
25 59
26 13
26 73
26 52
27 93
27 99
27 82
28 49
29 31
29 21
30 76
31 25
31 37
31 65
32 52
32 56
33 45
33 84
33 31
34 78
35 97
36 29
36 7
37 91
37 33
37 58
37 64
38 12
38 85
39 88
40 41
41 27
41 63
41 37
42 4
43 1
43 77
44 32
45 86
47 78
47 22
47 4
47 97
48 9
48 31
48 49
49 34
49 81
50 94
51 74
52 79
52 62
52 21
53 55
54 58
54 2
56 66
56 30
56 14
56 37
56 74
56 44
57 97
58 19
58 60
58 49
58 55
58 82
59 92
60 63
61 75
61 23
61 16
62 35
62 52
63 89
65 43
66 16
67 93
67 4
68 42
68 60
69 24
70 94
75 77
75 93
75 38
76 73
78 65
79 98
80 28
81 6
81 31
83 18
84 67
84 12
84 1
84 24
85 34
88 58
89 83
89 15
89 68
90 55
91 5
92 87
92 78
92 44
92 18
92 2
94 66
96 95
96 32
96 9
96 1
97 82
97 88
97 43
97 47
99 53
99 63
