121
81 0
72 0
41 1
96 1
9 4
19 3
51 6
27 7
90 6
90 8
93 7
32 8
35 7
78 7
67 7
54 9
9 10
4 14
93 14
48 13
15 14
57 14
70 14
36 14
7 15
93 17
45 18
23 20
66 21
8 24
33 22
84 24
91 25
41 25
88 28
77 27
67 27
23 29
7 29
18 29
2 31
8 32
73 35
37 35
80 35
51 38
91 39
26 41
15 40
33 42
7 44
52 43
40 45
64 47
3 48
11 47
22 50
51 48
94 48
57 52
2 52
12 52
8 53
87 54
23 53
34 53
92 57
17 56
4 58
42 58
57 58
60 60
25 60
89 62
0 60
17 61
9 64
44 66
18 64
82 65
90 66
0 68
34 68
98 68
29 69
38 70
20 72
67 73
93 74
14 75
54 75
75 75
44 77
21 77
1 78
73 80
8 80
83 80
63 80
14 83
68 82
41 84
0 85
34 86
98 86
24 86
63 89
13 88
45 89
48 88
75 92
40 91
65 92
95 95
82 94
23 95
12 95
28 95
36 97
53 97
64 99
