118
35 98
86 97
89 98
67 96
8 98
77 94
2 94
17 96
59 92
96 94
53 92
26 93
46 93
9 88
48 86
66 86
19 85
6 85
96 83
37 84
25 82
65 81
79 82
23 79
67 78
41 80
96 79
9 78
2 74
73 75
88 74
61 72
20 68
43 70
65 66
73 66
86 66
5 65
49 63
12 64
22 62
37 62
63 62
76 61
13 59
40 58
87 57
5 57
48 55
19 53
71 52
13 51
65 51
24 49
73 49
59 48
90 48
5 50
79 46
45 46
68 42
67 45
21 42
76 42
8 42
92 42
53 41
27 40
16 39
97 39
78 37
56 37
70 35
50 35
1 37
91 35
59 35
35 34
39 33
74 31
73 34
7 34
16 33
28 33
99 33
49 30
57 31
21 29
0 28
11 27
82 28
26 25
56 22
49 24
73 24
21 22
11 20
44 20
87 18
81 17
71 15
30 16
4 16
18 14
94 10
82 10
61 10
35 7
13 4
45 6
38 5
18 2
17 5
85 4
29 2
4 2
66 1
76 1
