120
63 97
82 98
18 97
7 97
51 97
68 93
98 94
52 91
22 93
3 92
40 90
92 91
34 87
81 88
78 85
16 86
49 85
61 84
92 84
72 83
54 83
22 79
82 81
0 79
28 78
9 78
70 73
69 76
96 73
40 74
79 71
6 71
61 72
26 71
48 70
16 70
88 70
74 65
93 64
36 64
62 65
15 66
99 65
2 64
81 64
88 60
47 61
14 59
75 58
35 57
87 56
96 55
69 52
16 53
77 50
35 51
48 49
93 50
29 45
48 45
9 45
85 43
57 43
47 41
25 42
73 41
32 41
81 40
52 36
41 36
23 34
60 35
66 34
47 34
30 32
90 30
84 27
37 28
40 29
68 28
74 23
79 23
92 23
14 22
53 21
31 19
82 20
98 19
48 18
90 17
61 17
34 18
2 17
55 14
83 14
58 13
30 11
40 11
50 12
97 12
10 8
12 11
73 10
66 10
2 9
37 10
21 8
93 7
57 4
82 5
4 4
99 5
31 1
46 1
69 1
1 2
36 0
90 0
66 0
49 0
