147
1 43
2 86
3 48
4 1
4 35
4 61
5 10
5 28
5 41
5 56
5 77
5 91
6 99
8 63
9 31
10 42
11 62
11 82
12 73
12 99
13 79
14 20
14 66
15 31
16 99
17 11
17 37
17 83
18 51
18 59
18 78
19 54
20 64
21 7
22 2
22 11
22 34
22 60
22 74
22 95
23 53
23 98
25 8
25 27
25 65
26 11
27 14
27 50
29 23
29 30
29 64
31 45
31 76
33 68
34 50
35 18
35 99
36 54
36 74
36 84
36 95
39 36
39 49
40 88
41 56
42 32
42 76
43 4
45 17
46 44
46 71
47 47
48 79
49 51
51 24
51 69
51 93
52 52
53 4
54 12
54 32
55 85
55 99
56 69
57 59
57 90
58 80
60 1
60 96
61 6
61 14
61 89
62 24
62 58
63 85
64 37
65 65
66 9
66 52
66 80
67 45
67 56
67 70
68 13
69 5
69 36
69 61
69 97
70 83
72 8
72 56
73 1
73 76
74 4
74 11
74 82
75 7
75 16
75 43
76 34
76 47
77 51
78 19
78 75
79 64
80 47
80 53
81 26
81 95
82 61
83 65
85 20
85 79
86 34
88 70
90 16
90 94
91 26
91 48
92 20
94 39
94 76
95 33
95 85
96 15
96 51
97 44
