165
0 0
8 0
16 0
24 0
32 0
40 0
48 0
64 0
80 0
96 0
89 1
72 6
0 7
8 7
16 7
24 7
32 7
40 7
48 7
55 8
64 7
96 7
1 16
7 14
16 14
24 14
32 14
40 14
48 14
64 14
72 14
80 14
88 14
96 14
0 21
8 21
16 22
24 21
32 21
40 21
48 21
56 21
64 21
72 21
88 21
97 23
97 27
26 27
0 28
8 28
32 28
48 28
56 28
64 28
80 28
90 30
50 34
0 35
8 35
16 35
26 36
30 36
40 35
56 35
64 35
72 35
80 35
88 35
96 35
23 41
31 41
0 42
8 42
40 42
48 42
56 42
64 42
72 42
80 42
88 42
96 42
16 46
10 49
24 49
31 50
40 49
48 49
56 49
64 49
74 49
80 49
96 49
89 55
0 56
8 56
16 56
24 56
32 56
56 56
64 59
80 56
96 57
8 63
91 63
16 63
24 63
32 63
40 63
48 63
56 63
64 63
80 64
96 63
73 68
0 70
24 70
32 70
40 70
48 70
56 70
64 70
87 71
34 76
0 77
8 77
16 77
24 77
40 77
48 77
56 77
64 77
72 77
96 77
50 83
0 84
8 84
83 84
16 84
24 84
32 84
56 84
64 84
72 84
88 84
96 84
47 92
0 91
8 91
24 91
40 91
56 91
64 91
72 91
80 91
88 91
96 91
33 97
24 98
40 98
48 98
56 98
72 98
80 98
88 98
96 98
