100
5 10
8 16
14 17
2 19
6 20
3 23
9 25
17 24
2 26
22 29
11 31
30 31
22 36
14 38
27 39
9 39
18 42
10 42
4 43
29 43
37 44
16 45
31 48
7 49
1 51
32 51
18 53
41 53
3 56
10 60
51 57
18 59
36 59
46 58
21 60
56 62
2 61
28 62
33 64
57 66
49 66
30 67
22 68
47 69
11 70
39 70
56 70
64 71
52 72
32 72
66 73
15 74
59 75
20 76
52 75
33 76
36 79
62 77
76 78
15 79
46 79
54 80
24 80
4 81
28 82
78 81
20 83
37 82
58 83
10 85
66 85
50 86
82 85
19 86
24 86
74 86
2 88
53 87
36 88
27 91
69 91
10 92
18 93
46 91
59 93
32 93
77 95
2 94
37 96
48 95
19 96
63 96
94 97
8 98
32 98
50 98
57 98
35 99
69 99
76 99
