147
0 75
1 33
1 53
2 23
2 67
3 41
5 5
5 31
6 46
8 49
8 76
9 8
9 16
9 25
9 97
10 36
10 67
12 55
13 46
14 2
14 31
14 40
14 85
16 7
16 63
17 11
17 37
17 52
17 94
18 32
19 62
20 92
21 21
22 26
22 74
24 50
24 87
24 97
25 3
25 17
25 36
25 82
26 40
30 26
30 41
30 98
31 1
31 62
31 80
33 8
33 68
34 39
35 45
36 34
37 0
37 64
39 6
39 59
39 73
41 47
41 84
41 96
42 58
43 77
44 64
45 60
45 69
45 80
46 49
46 96
47 18
47 28
47 74
48 53
48 79
49 92
50 44
52 16
54 32
55 38
55 90
56 97
57 14
57 52
59 11
61 27
61 85
61 94
61 98
62 32
62 51
63 76
64 8
65 4
65 87
66 79
67 67
68 1
68 25
68 38
68 99
69 80
70 18
71 37
71 50
71 70
72 1
72 65
72 97
73 33
73 73
74 48
74 55
76 42
78 72
78 94
80 21
80 56
81 5
82 71
84 52
85 59
85 68
86 85
86 97
87 12
87 49
87 79
88 25
89 34
89 45
90 22
90 42
90 84
91 8
92 87
93 29
94 53
94 75
94 84
95 13
95 79
95 88
97 96
98 20
98 63
99 57
