154
1 29
1 77
1 24
1 85
2 62
2 56
2 18
4 7
5 50
5 0
7 91
7 66
7 54
8 85
9 10
9 38
10 47
10 17
11 29
11 62
11 67
12 70
12 22
13 25
14 76
14 48
15 17
16 20
16 56
17 70
18 50
18 65
18 39
19 95
22 73
22 41
22 35
22 7
23 3
23 91
23 95
24 80
25 54
25 21
29 22
29 2
29 60
30 81
31 63
31 95
33 32
33 6
35 22
35 52
35 98
35 63
35 10
35 85
35 58
36 90
38 96
38 61
38 37
41 9
42 92
42 2
44 63
44 11
45 77
45 23
46 60
47 46
49 49
50 30
50 7
52 76
53 34
54 42
54 92
54 69
54 48
54 30
55 14
56 78
57 74
58 62
58 91
58 40
58 48
59 30
59 1
61 67
62 51
62 20
62 12
62 96
63 57
65 28
66 1
66 40
66 78
66 23
67 91
67 55
67 32
69 20
69 60
69 43
72 73
72 65
72 25
72 44
74 29
75 69
78 43
78 91
80 34
81 66
82 76
82 95
83 37
83 62
84 44
84 90
85 32
85 72
85 51
87 1
87 17
87 47
88 21
88 41
90 96
90 88
91 91
91 29
92 99
92 25
92 32
92 45
93 72
94 9
95 17
95 84
95 46
95 24
96 41
97 65
97 60
97 94
98 50
99 45
99 40
99 88
