122
99 49
97 59
96 25
95 69
96 92
93 89
93 40
93 17
90 67
90 49
90 23
87 42
87 91
88 3
89 6
87 12
87 73
84 1
87 0
86 34
86 54
84 80
84 62
81 4
79 38
81 96
81 12
80 48
77 88
80 89
78 79
78 65
77 19
77 27
76 34
74 49
69 77
71 40
70 89
69 65
67 17
65 69
68 68
67 91
64 33
65 49
62 6
63 59
63 24
61 87
61 3
59 80
58 49
57 43
57 99
54 50
52 74
52 59
50 95
51 42
49 98
49 80
48 33
43 81
43 6
42 51
42 59
43 17
41 42
41 32
41 63
39 53
39 37
35 75
36 90
35 65
34 44
33 4
33 98
31 8
29 24
31 59
30 35
29 81
29 49
28 68
27 12
27 2
25 77
25 88
25 21
23 82
21 89
21 61
19 42
20 3
19 11
19 96
19 49
16 44
18 27
17 83
13 18
14 73
16 39
13 49
11 3
12 64
11 59
8 36
8 70
5 55
8 54
8 89
5 95
6 46
4 11
5 26
2 64
1 80
1 93
1 84
