151
0 90
0 94
2 47
4 12
4 70
4 98
5 65
6 22
6 41
7 97
9 21
10 75
10 85
13 14
13 38
13 45
14 10
14 41
14 48
14 93
15 23
15 62
16 53
16 69
16 84
17 31
18 28
18 87
19 15
20 93
21 64
22 6
22 36
23 24
24 94
25 3
25 74
25 83
27 97
28 32
28 65
29 7
29 28
29 42
29 93
30 20
31 10
31 23
32 2
32 15
32 38
33 62
33 76
33 90
35 82
36 57
36 64
37 28
37 71
38 46
38 87
39 13
39 53
40 56
40 66
41 21
42 17
42 48
42 84
43 12
43 98
44 27
44 91
45 31
47 72
48 29
48 90
49 9
49 56
50 13
50 32
50 51
51 18
51 65
52 3
52 46
52 60
52 81
54 49
54 93
57 32
58 68
59 15
59 81
60 30
60 94
61 48
61 74
62 67
63 21
63 25
63 40
63 91
64 47
64 86
66 43
67 36
67 82
68 11
71 55
72 49
73 65
74 40
74 75
75 47
76 6
76 52
76 83
76 90
77 68
78 25
79 19
79 60
79 89
79 97
82 90
83 39
83 55
84 35
84 81
86 56
86 88
87 39
87 48
88 62
90 6
90 71
91 16
92 1
92 57
95 7
95 23
95 48
96 1
96 80
96 89
97 98
98 11
98 73
99 63
99 86
