156
1 98
2 54
2 64
3 3
3 20
3 51
3 69
4 97
5 63
6 27
8 83
9 45
10 79
10 92
11 26
11 71
13 50
14 63
14 99
15 24
15 53
15 80
16 33
17 8
19 43
19 73
20 51
20 80
21 13
21 34
23 25
23 95
25 98
26 52
27 45
28 73
30 13
30 54
30 85
32 16
32 30
32 41
33 84
34 80
34 93
35 60
36 24
36 48
37 12
37 41
38 2
38 41
39 88
40 8
40 57
41 3
41 44
41 92
42 96
43 22
43 89
44 60
44 86
45 36
45 47
45 66
46 3
46 20
46 54
48 68
49 44
50 36
52 45
54 17
54 48
55 56
55 65
55 76
56 21
56 71
56 87
58 9
58 16
58 30
59 37
60 25
60 63
61 89
62 2
62 53
63 16
63 33
63 44
63 56
63 81
65 3
65 78
65 91
67 39
67 75
68 2
68 28
69 17
69 46
69 54
70 83
71 7
72 25
72 50
73 22
74 0
74 8
74 42
74 57
74 61
74 74
74 89
75 17
76 54
76 67
76 81
77 58
77 96
80 45
80 69
80 78
80 97
83 22
83 28
83 61
83 83
84 35
84 79
85 25
85 92
87 1
87 73
88 10
88 17
88 32
88 80
89 14
89 23
89 69
92 82
93 31
94 35
94 75
97 45
97 78
97 99
98 4
98 13
98 82
99 18
99 49
