160
0 6
1 20
1 71
1 63
1 24
1 40
2 48
3 94
3 2
3 27
4 98
6 46
7 75
7 36
8 85
8 94
9 65
10 21
10 88
11 45
12 2
12 57
12 83
12 32
12 6
13 92
13 20
13 50
14 87
16 81
17 65
19 78
20 67
20 18
20 71
21 27
21 44
22 39
23 22
24 32
26 79
26 75
27 58
27 67
27 13
27 83
30 5
30 41
31 51
31 64
31 36
33 54
34 73
34 88
36 98
36 5
37 92
37 64
38 1
38 8
38 85
38 49
40 65
40 32
41 50
41 20
41 9
42 2
43 70
43 78
44 64
45 37
45 0
47 54
47 12
51 32
51 67
51 86
52 54
52 42
53 80
53 23
54 15
54 19
54 75
56 61
57 29
58 41
58 66
60 88
61 92
61 9
62 76
63 4
63 39
64 25
65 9
65 50
65 67
66 89
66 36
67 71
67 20
68 84
68 74
68 6
68 0
69 79
69 64
70 12
70 68
71 25
72 83
72 22
72 89
73 33
73 86
73 51
73 6
74 55
76 42
77 93
77 84
77 27
77 52
77 79
78 63
79 45
80 58
81 42
81 72
81 52
81 80
83 11
83 59
83 39
83 49
84 96
84 81
85 53
85 33
87 91
87 66
88 79
88 88
88 36
89 25
89 30
90 59
91 93
91 85
92 23
92 4
93 49
94 83
95 62
97 84
97 25
98 17
98 97
