141
0 0
1 3
4 4
8 58
8 64
8 8
11 61
11 67
12 12
14 58
14 64
15 18
15 25
15 32
15 39
15 46
15 53
20 20
21 95
24 24
25 95
27 25
27 29
27 33
27 37
27 41
27 45
27 49
27 53
27 57
27 61
30 30
31 25
31 33
31 37
31 41
31 45
31 49
31 53
31 57
31 61
34 34
35 25
35 29
35 37
35 41
35 45
35 49
35 53
35 57
35 61
38 38
39 25
39 29
39 33
39 41
39 45
39 49
39 53
39 57
39 61
40 85
42 42
43 25
43 29
43 33
43 37
43 45
43 49
43 53
43 57
43 61
44 90
44 94
47 25
47 29
47 33
47 37
47 41
47 45
47 49
47 53
47 57
47 61
50 91
50 87
51 25
51 29
51 33
51 37
51 41
51 45
51 49
51 53
51 57
51 61
53 90
54 87
55 25
55 29
55 33
55 37
55 41
55 45
55 49
55 53
55 57
55 61
55 99
59 25
59 29
59 33
59 37
59 41
59 45
59 49
59 53
59 57
59 61
63 25
63 29
63 33
63 37
63 41
63 45
63 49
63 53
63 57
63 61
75 70
75 76
78 73
80 1
81 70
81 76
82 5
82 9
86 5
86 9
95 95
95 87
