156
0 65
1 80
1 95
1 19
2 53
3 76
3 45
5 6
5 23
5 38
5 61
5 12
7 81
8 73
8 59
9 9
9 51
10 99
10 43
10 6
11 24
13 29
15 88
15 26
15 71
15 65
16 30
16 98
17 45
17 56
19 96
19 3
19 15
19 90
20 72
21 27
23 98
23 4
24 12
24 42
26 87
28 0
30 37
31 97
31 5
32 16
33 89
33 20
34 57
34 74
34 96
36 53
37 85
38 11
39 20
40 24
41 4
41 58
41 28
42 91
42 21
42 10
42 35
43 48
43 32
43 17
43 40
45 12
45 76
47 95
47 2
48 51
48 61
49 73
49 20
51 52
51 41
51 25
52 10
52 91
52 64
53 97
55 89
55 67
56 99
58 13
58 35
58 69
59 43
59 98
59 63
60 51
61 39
61 66
61 55
63 61
63 22
63 94
66 62
67 79
68 10
68 47
69 72
70 98
70 19
70 33
73 39
73 63
73 96
73 56
74 32
75 24
76 74
76 48
77 66
77 16
78 12
79 40
79 47
79 84
80 92
80 0
80 18
80 30
82 9
84 53
84 41
84 27
85 80
85 63
85 69
85 91
86 94
86 88
87 85
87 99
88 35
89 82
89 71
89 51
90 60
90 21
91 31
93 58
93 20
94 91
94 70
95 46
96 99
96 1
96 42
96 53
97 66
97 17
97 77
99 14
