103
1 1
1 6
1 11
1 15
1 19
1 89
1 99
2 61
3 23
3 68
3 96
4 36
4 41
4 86
5 58
6 69
6 93
7 25
7 33
9 55
10 30
10 74
11 11
11 26
11 83
12 44
12 52
12 97
13 14
13 76
14 55
15 45
16 7
16 18
17 37
18 44
18 57
19 21
20 4
21 33
22 24
22 57
22 96
23 8
24 30
25 44
26 11
26 22
26 57
27 92
28 48
29 14
30 30
30 52
30 88
31 24
31 38
33 85
34 34
36 24
36 83
40 82
42 17
42 23
47 17
49 82
51 19
52 29
54 38
55 48
56 56
57 69
58 82
86 15
90 24
91 28
91 45
92 35
93 19
93 40
93 50
93 56
93 61
93 74
93 86
94 26
94 90
95 82
96 13
97 19
97 24
97 28
97 33
97 38
97 42
97 49
97 53
97 61
97 65
97 69
97 75
98 85
99 15
