154
1 54
2 88
5 23
6 98
6 20
6 64
7 87
8 76
9 63
10 44
10 96
11 11
12 35
13 26
14 61
14 71
14 32
14 45
15 65
15 51
17 28
17 14
18 2
18 66
19 55
22 28
22 81
23 88
24 47
24 17
25 40
25 97
27 69
27 50
29 79
29 89
30 2
30 95
32 92
32 63
32 56
33 74
33 21
34 35
35 66
35 82
36 63
36 76
36 92
37 28
38 34
40 74
40 37
40 26
41 93
42 9
43 65
43 42
44 1
45 26
45 95
45 56
45 72
46 75
46 87
47 79
47 48
47 90
48 96
49 84
49 33
51 78
51 71
52 81
54 11
55 6
55 38
55 89
56 71
57 82
58 88
59 47
59 78
59 20
59 72
61 13
61 36
61 91
62 65
63 39
63 51
65 77
65 42
66 73
66 5
66 65
66 46
67 34
67 22
68 70
69 82
69 49
69 17
69 88
69 41
70 56
71 21
71 73
72 48
73 40
74 78
75 34
76 95
76 85
76 60
77 23
79 61
79 57
80 18
80 34
80 98
81 89
82 59
83 21
83 66
83 13
83 56
84 24
85 80
85 99
85 45
86 48
86 28
86 33
86 8
86 75
87 14
89 23
89 42
90 80
90 88
91 39
92 73
93 55
94 34
94 68
95 62
96 6
97 93
97 39
98 53
98 81
99 16
99 72
