149
0 0
0 69
4 70
7 28
7 53
7 72
7 98
10 18
10 29
12 77
13 36
13 68
14 18
15 24
17 20
18 27
18 56
18 76
19 37
20 30
20 68
21 23
21 41
21 52
21 61
21 80
22 57
22 65
23 4
23 30
23 70
24 81
25 87
26 5
26 43
26 74
27 78
27 93
28 9
28 25
28 67
28 81
29 37
29 75
30 33
30 59
31 30
32 67
33 27
33 49
33 56
34 22
35 9
35 52
35 60
36 17
36 32
36 46
36 63
36 75
36 82
39 57
40 25
40 48
40 62
41 16
41 90
42 33
42 86
43 57
44 63
45 17
46 93
47 38
48 15
48 62
48 75
49 5
51 58
53 27
54 30
54 64
55 69
55 75
56 34
56 54
58 70
59 49
60 59
60 66
61 34
61 78
62 23
63 4
63 41
63 71
64 16
64 35
64 44
64 55
65 26
65 67
66 38
66 64
67 82
68 46
68 53
69 27
69 56
70 62
70 72
71 24
71 59
71 76
72 28
72 41
73 17
73 81
73 88
74 13
74 78
75 26
76 23
76 31
76 62
77 18
78 58
78 70
79 27
79 55
79 63
80 30
81 22
81 73
81 81
82 44
83 25
83 38
83 77
84 33
84 60
85 16
85 82
88 46
89 20
89 71
91 49
98 54
99 50
