158
0 45
1 34
2 84
2 15
2 65
3 46
3 56
4 78
5 68
5 98
6 53
7 44
8 26
9 56
9 19
10 98
10 65
11 74
13 54
14 42
14 72
14 83
14 89
15 31
16 28
16 51
17 45
18 1
19 39
19 29
20 44
20 60
20 80
20 18
23 4
23 70
24 24
25 63
25 81
25 99
26 69
26 46
28 49
29 36
29 77
30 70
30 31
31 93
31 88
31 14
31 6
34 5
35 83
35 93
36 24
36 97
37 60
38 57
38 34
38 77
38 8
39 82
41 18
41 27
42 79
43 7
43 31
44 60
45 78
46 56
46 92
47 7
47 67
48 38
48 95
48 49
49 23
49 57
49 4
49 29
52 81
53 84
54 69
54 20
55 49
55 87
56 45
57 91
57 59
57 14
58 26
58 10
59 29
61 40
61 76
61 96
61 0
61 50
62 7
62 84
63 88
63 81
63 21
63 30
65 91
65 2
66 64
67 37
68 74
70 45
70 84
70 95
71 88
72 56
73 17
73 76
74 80
76 19
76 71
76 9
77 55
77 27
78 74
78 62
79 7
80 37
80 87
80 16
80 57
80 22
81 10
82 65
82 69
83 14
83 42
83 90
85 58
86 78
87 7
87 40
87 46
87 85
87 96
87 53
88 69
88 50
91 57
92 79
92 30
93 7
94 58
95 33
95 16
97 23
97 45
99 55
99 13
99 77
