127
96 32
99 31
97 41
97 75
97 67
96 25
94 8
93 47
91 87
93 57
89 21
92 20
92 47
88 77
87 46
87 71
83 14
82 28
83 18
83 44
83 86
80 12
81 32
81 51
79 79
78 94
77 24
75 75
78 76
75 6
75 61
72 68
72 56
73 84
71 18
72 40
70 5
71 73
68 53
68 97
65 11
68 12
65 44
64 61
64 4
65 79
64 30
63 7
62 87
60 52
58 21
61 22
59 84
57 72
57 99
55 45
58 46
57 36
52 82
55 81
53 66
51 7
50 92
50 50
51 70
47 20
46 78
44 10
45 58
46 74
45 95
43 19
39 32
40 43
39 10
38 82
38 69
37 53
35 16
36 77
34 60
35 90
31 24
30 67
33 66
33 36
29 12
27 60
29 19
27 4
27 37
27 98
24 77
24 45
24 28
20 88
23 89
19 14
19 58
21 96
19 66
19 22
17 28
17 68
14 55
16 4
13 88
15 72
15 14
14 43
13 0
13 61
11 71
9 24
9 97
8 13
7 8
7 72
7 64
5 85
3 32
1 18
3 6
2 26
1 60
1 92
0 99
