157
1 73
1 56
1 49
3 30
3 85
3 37
3 14
4 3
5 51
6 78
7 42
7 23
7 6
8 17
8 87
9 79
9 65
11 58
12 50
12 5
13 2
14 73
14 98
14 45
14 85
15 30
16 93
17 7
17 66
18 16
18 24
19 75
20 92
20 44
21 32
22 73
24 86
25 47
25 52
28 99
28 10
29 39
29 24
29 17
33 25
34 87
34 39
35 8
37 71
38 67
39 14
40 47
40 70
40 28
41 18
41 65
42 21
42 75
42 96
43 35
43 99
43 51
43 4
45 27
45 8
45 1
46 73
47 60
48 90
48 30
48 2
49 46
49 16
49 96
49 22
51 93
52 37
53 63
53 16
53 56
55 42
55 35
55 67
56 62
56 20
57 25
57 16
58 48
58 10
59 19
62 46
62 28
62 99
64 49
64 61
65 26
66 17
68 32
68 2
69 66
69 81
70 41
70 98
70 46
71 11
71 27
72 80
72 73
72 34
73 57
73 3
76 30
76 21
76 58
77 63
78 84
78 94
78 68
79 79
80 5
81 15
82 8
82 69
82 54
83 85
83 94
83 39
84 17
84 13
84 46
84 4
85 1
85 55
85 88
86 59
86 71
87 26
88 0
89 65
90 83
90 33
90 22
90 7
91 76
91 28
92 38
94 2
95 85
95 74
96 98
96 38
96 16
97 32
97 19
98 25
98 12
98 75
