100
0 0
0 6
0 12
0 18
3 3
3 9
3 15
6 0
6 6
6 12
9 3
9 9
9 15
12 0
12 6
12 12
15 3
15 9
15 15
18 0
18 6
18 12
21 3
21 9
21 15
24 0
24 6
24 12
27 3
27 9
27 15
30 0
30 6
30 12
33 3
33 9
33 15
36 0
36 6
36 12
39 3
39 9
39 15
42 0
42 6
42 12
45 3
45 9
45 15
48 0
48 6
48 12
51 3
51 9
51 15
54 0
54 6
54 12
57 3
57 9
57 15
60 0
60 6
60 12
63 3
63 9
63 15
66 0
66 6
66 12
69 3
69 9
69 15
72 0
72 6
72 12
75 3
75 9
75 15
78 0
78 6
78 12
81 3
81 9
81 15
84 0
84 6
84 12
87 3
87 9
87 15
90 0
90 6
90 12
93 3
93 9
93 15
96 0
96 6
96 12
