140
0 9
0 41
0 50
0 68
0 84
1 19
1 64
2 54
2 76
2 92
5 73
6 23
8 28
8 32
9 72
10 3
10 80
11 10
11 86
12 0
12 39
13 4
13 28
13 43
15 90
16 79
16 93
17 14
18 27
18 40
18 96
19 8
20 23
20 46
21 5
21 28
24 41
24 85
24 94
25 10
25 91
28 87
30 65
32 56
32 93
33 30
34 60
34 74
34 99
35 4
36 26
36 90
37 61
38 50
38 93
39 22
40 10
40 78
41 62
41 69
43 84
44 1
44 32
44 49
44 72
45 5
45 53
45 69
46 59
46 75
46 84
46 91
47 12
47 39
48 22
48 50
49 5
49 47
50 90
52 8
53 16
53 35
54 28
55 32
55 56
56 8
56 63
56 90
57 23
58 34
59 17
59 96
60 9
60 45
60 57
60 72
60 88
61 30
63 3
63 35
66 7
66 21
67 43
68 52
69 31
71 36
72 55
73 5
74 16
74 43
75 26
75 38
75 97
76 91
78 62
79 9
79 69
79 89
80 0
80 85
81 40
82 23
82 92
83 33
83 53
86 59
87 79
87 84
90 6
90 36
90 97
91 33
91 82
93 77
94 13
94 67
95 92
96 41
97 69
98 12
