148
1 88
2 58
2 70
3 47
3 63
4 2
4 16
5 35
6 12
6 40
6 68
7 0
8 15
8 65
9 69
11 2
11 89
12 38
12 45
12 85
13 96
14 50
15 15
15 77
16 6
16 37
17 59
17 66
18 49
18 92
20 87
21 83
22 39
22 48
22 80
24 59
25 9
25 38
26 26
27 4
27 18
27 75
28 31
28 89
29 1
30 47
31 81
32 66
33 51
34 33
35 44
35 69
35 97
36 39
37 36
37 87
38 3
38 11
38 76
39 63
39 79
40 26
40 34
41 23
41 84
43 40
43 69
44 5
44 26
44 51
45 32
45 47
46 23
47 84
50 8
50 26
50 47
50 63
52 58
54 14
55 21
57 67
57 93
59 6
60 60
62 86
63 16
64 59
64 74
64 82
66 16
66 36
66 54
69 12
69 25
69 92
70 19
70 45
70 96
71 7
71 41
71 74
71 83
72 31
73 22
74 3
74 35
74 50
74 65
76 20
76 88
77 37
77 73
78 2
78 79
79 45
79 55
80 12
80 38
82 3
82 31
82 85
84 7
85 48
85 93
86 1
86 22
87 13
87 19
87 36
87 89
88 49
89 70
90 39
90 58
90 76
91 31
92 96
93 62
94 36
94 49
94 71
95 90
96 58
97 38
99 1
99 51
99 81
