151
0 9
1 4
1 68
2 13
2 22
2 60
5 54
5 64
5 71
6 74
6 90
7 2
8 10
8 28
8 48
9 35
9 62
11 3
12 19
12 42
12 69
13 6
14 50
15 22
16 87
16 96
17 61
18 39
18 45
18 83
19 79
20 18
20 67
21 42
22 24
23 30
23 97
24 20
25 73
26 25
27 56
28 33
29 81
29 88
30 12
31 5
31 29
32 37
32 59
33 9
33 33
33 50
34 54
35 18
35 84
36 29
37 40
37 78
38 67
39 64
39 98
40 8
40 15
40 44
40 91
41 4
41 24
41 31
43 58
43 88
45 13
46 68
48 5
48 28
48 33
48 83
48 93
49 38
49 77
50 87
51 21
51 32
51 65
51 84
51 96
52 26
52 50
52 75
53 1
54 72
55 51
56 36
56 62
58 13
58 24
59 79
60 17
61 46
62 8
62 89
63 2
63 11
63 22
63 93
65 7
66 16
66 44
66 90
67 23
68 28
69 34
69 45
70 25
70 56
72 31
72 46
72 64
73 17
73 76
75 39
76 73
77 17
78 53
78 60
78 88
80 39
81 5
81 70
82 73
85 14
86 51
87 4
87 30
87 62
87 77
88 74
89 56
90 52
90 94
93 5
94 20
94 46
95 28
95 57
97 18
97 84
97 97
98 10
98 35
99 50
99 70
