129
0 15
1 4
1 35
1 43
1 51
2 18
2 67
2 92
3 30
4 8
4 21
4 57
4 79
6 67
6 88
7 24
7 51
7 70
7 85
8 10
8 39
9 63
10 19
10 26
10 45
11 14
11 74
12 62
12 96
13 33
14 23
14 58
15 47
15 90
16 53
17 20
17 69
17 96
18 36
18 83
19 48
19 63
20 32
20 43
21 22
21 69
21 86
22 38
22 61
22 78
23 41
23 66
24 93
25 32
25 52
26 27
26 48
26 74
27 79
27 96
28 41
28 59
28 69
28 86
29 99
30 83
31 38
31 71
31 79
31 88
32 76
32 91
35 62
36 42
38 84
39 61
39 78
40 43
40 54
40 64
40 88
41 72
41 95
43 58
43 98
44 50
44 62
44 91
45 53
45 87
47 63
47 94
48 56
48 60
48 97
50 71
50 80
51 94
52 57
52 99
54 93
55 68
56 59
56 73
57 81
57 88
59 60
59 98
63 77
64 66
64 86
65 73
67 80
68 74
68 85
73 98
74 81
74 89
78 79
78 98
79 88
81 95
82 87
82 98
84 93
86 97
89 90
90 96
91 99
