154
0 16
0 56
1 37
2 64
3 2
3 69
4 20
4 76
5 62
5 82
6 44
7 1
7 8
8 26
8 55
8 73
9 58
11 33
12 9
12 76
12 91
13 52
13 66
13 87
14 60
15 10
15 92
16 71
16 78
17 13
17 51
17 62
18 42
20 30
20 81
20 93
21 20
21 49
21 85
21 99
24 38
24 59
24 96
25 27
25 50
26 44
26 89
27 74
30 45
30 57
32 29
32 93
33 83
34 3
34 43
34 64
35 59
36 88
37 12
37 99
38 74
39 22
40 6
42 14
42 49
42 56
42 99
43 0
43 20
43 67
44 10
44 63
44 71
46 31
46 80
47 19
47 52
47 62
48 10
48 84
49 44
50 13
50 75
51 40
51 80
53 1
53 25
53 68
53 88
54 6
55 95
56 32
56 43
56 55
57 36
57 98
58 74
59 54
60 19
60 34
60 42
60 97
61 13
63 30
63 77
64 34
64 68
65 39
66 22
66 64
67 30
68 54
69 18
69 85
70 12
70 90
71 2
71 27
71 50
71 63
72 71
73 31
73 55
74 15
74 46
77 79
79 95
80 40
80 75
81 21
81 60
82 78
83 97
84 48
84 71
85 10
86 61
86 98
87 20
87 81
88 16
89 67
90 40
90 49
92 33
92 69
93 36
93 63
97 17
97 30
97 39
97 95
98 36
99 0
