152
0 1
0 18
0 93
2 6
3 13
3 79
4 20
4 57
4 66
6 16
7 75
9 47
10 8
11 21
12 27
12 71
13 49
13 62
14 59
15 43
15 93
16 51
18 4
18 25
18 73
18 80
19 69
19 85
22 48
23 17
23 36
23 66
23 74
23 86
24 10
24 97
26 18
26 68
26 80
27 44
27 55
27 63
27 75
28 2
29 37
30 5
30 30
31 49
31 78
32 39
32 72
33 58
33 65
34 32
35 28
35 42
36 68
36 91
37 87
38 3
38 7
38 21
38 30
38 56
39 38
39 93
41 45
41 90
42 30
42 41
42 52
44 47
46 2
46 24
46 33
46 59
46 81
47 70
48 77
48 89
49 4
50 17
50 54
51 20
51 97
52 33
52 61
53 14
53 30
53 38
53 46
54 2
56 45
56 83
57 36
57 55
59 16
59 69
60 44
60 64
61 20
61 97
62 2
62 23
62 90
63 37
63 70
64 80
66 21
66 51
66 77
67 63
68 37
68 85
69 25
70 13
70 51
70 62
71 31
73 6
73 84
73 95
75 99
76 11
76 62
76 87
77 76
78 21
80 55
80 77
81 40
81 74
82 58
85 64
86 19
86 49
86 95
87 29
87 73
89 37
89 44
90 72
91 10
92 92
93 44
93 99
94 16
95 83
97 31
97 38
98 49
99 20
