153
0 73
1 2
2 25
2 21
2 44
3 79
3 71
3 34
4 54
6 49
6 88
8 14
8 61
9 83
10 80
10 37
10 54
12 31
13 25
13 98
14 93
15 9
16 18
17 54
17 65
18 36
18 48
19 24
19 90
19 16
20 64
22 35
22 9
22 17
24 13
25 86
27 24
27 5
27 93
27 15
27 49
27 72
28 33
29 53
30 58
31 14
31 88
31 65
32 33
33 53
33 43
34 94
34 37
35 22
36 8
37 56
38 61
39 80
40 45
40 9
40 49
40 14
40 0
41 65
41 20
41 37
43 60
45 35
45 31
46 43
47 73
47 61
47 23
49 7
50 45
50 87
50 19
52 34
53 48
54 6
55 68
56 92
56 57
57 33
57 51
58 43
58 13
59 61
60 38
61 87
62 43
62 60
63 11
64 8
64 4
65 30
66 36
66 45
68 72
68 76
69 84
69 99
71 1
71 89
71 75
72 4
73 96
73 54
73 28
74 32
74 23
75 60
78 28
78 66
78 53
78 96
79 74
79 39
80 99
80 83
80 19
81 91
81 46
81 6
82 77
82 69
83 27
83 60
83 66
84 1
84 88
85 72
85 9
86 69
86 21
86 56
86 51
87 6
87 90
88 78
89 61
89 83
89 72
90 12
91 96
92 59
92 74
95 26
95 91
96 23
97 44
98 58
99 47
