157
0 29
0 75
0 52
0 8
1 32
1 46
2 56
3 76
3 50
4 64
4 83
5 57
5 4
6 71
7 50
7 54
9 95
9 81
9 42
10 58
11 16
11 53
12 3
12 74
12 90
12 96
13 85
15 18
15 23
15 40
17 57
18 90
18 85
18 7
19 33
19 49
20 95
21 54
21 20
21 66
21 84
21 8
22 87
23 49
23 17
23 36
24 5
24 32
25 13
26 41
26 24
26 77
26 0
28 56
28 7
28 31
29 92
31 20
32 37
35 67
35 76
35 61
35 53
35 27
36 85
37 24
38 91
38 16
38 98
40 50
41 70
41 97
42 79
43 10
43 38
45 17
45 86
47 35
47 67
47 76
47 63
51 47
51 18
51 39
51 91
52 70
54 28
54 80
54 12
55 39
55 43
56 56
57 97
58 16
58 21
58 46
61 34
61 74
62 27
63 69
66 94
66 31
66 89
67 41
67 45
68 82
69 26
69 34
69 1
69 6
70 99
70 69
72 12
72 86
72 5
73 16
73 64
74 1
75 28
75 32
76 99
77 36
77 44
79 31
81 19
81 34
81 55
81 95
82 29
82 87
84 71
84 97
84 76
85 79
86 38
86 30
87 41
87 18
88 89
89 86
90 51
91 94
91 90
92 15
92 11
92 34
93 6
93 71
93 42
93 97
94 31
94 66
97 19
98 9
98 4
99 77
99 32
