119
60 2
14 2
46 1
24 3
87 4
97 5
31 7
88 7
78 8
53 9
95 9
23 11
33 12
61 12
89 13
70 13
80 14
41 15
6 14
0 18
98 16
25 17
38 18
76 18
41 19
69 19
35 20
72 21
53 23
20 24
59 24
23 25
51 26
30 26
36 26
54 27
82 30
99 29
8 30
65 31
87 31
15 31
69 33
2 35
87 35
21 40
51 37
11 37
36 37
3 38
88 42
75 42
63 42
23 43
53 43
98 46
37 47
1 48
14 50
78 50
91 51
61 52
98 52
2 53
27 53
37 54
52 53
66 56
85 56
22 56
47 58
40 60
22 62
74 62
4 64
7 63
93 65
35 65
85 67
9 66
59 68
28 67
47 68
78 68
94 70
40 73
92 72
93 74
83 73
24 73
58 73
15 74
3 75
30 74
51 77
5 79
28 80
71 80
37 80
0 82
19 81
10 83
97 83
83 83
60 86
44 89
1 89
15 89
86 90
24 90
44 94
37 94
18 95
51 95
12 96
58 97
76 97
32 97
91 99
