157
0 99
0 1
1 29
2 83
2 15
2 9
3 98
3 6
4 1
4 87
7 91
7 53
8 68
9 99
10 18
11 94
11 10
12 80
13 0
13 13
13 32
14 40
14 8
14 58
14 86
14 44
15 36
15 93
17 85
18 44
19 2
21 11
21 75
22 66
23 87
24 90
25 69
25 53
27 7
28 72
29 50
30 92
30 56
31 47
32 95
33 82
33 27
33 17
34 99
34 54
34 10
34 34
34 76
34 69
36 14
36 57
37 73
37 37
37 48
39 52
41 35
41 26
42 73
42 53
43 90
44 48
45 70
45 25
45 64
45 6
45 80
47 44
48 52
48 74
49 28
49 79
50 37
50 46
51 43
51 97
52 86
52 2
52 59
53 56
54 40
55 13
55 31
56 84
56 16
57 19
57 94
57 58
57 99
58 65
60 53
60 21
61 90
61 31
63 35
63 12
64 19
65 32
66 93
66 65
67 14
67 90
67 86
67 79
68 34
69 37
69 0
70 81
70 13
70 19
71 53
71 71
72 45
72 76
73 23
73 66
73 95
73 36
74 33
76 50
76 64
77 6
77 99
78 58
78 47
78 15
79 78
82 23
83 54
83 47
83 0
84 28
84 13
85 4
85 91
87 16
87 34
88 1
88 68
90 44
90 95
91 92
92 71
92 8
93 45
94 89
95 29
95 82
97 99
97 18
97 4
98 83
99 96
