159
0 50
0 85
0 59
1 95
1 78
2 40
3 60
3 84
4 92
4 55
5 72
6 39
6 99
6 58
7 82
7 61
8 27
8 6
9 3
9 98
11 83
12 29
13 86
13 58
13 74
13 52
14 8
14 78
14 26
14 18
16 90
16 66
16 85
16 30
17 38
17 98
19 45
20 77
20 54
21 69
21 12
22 57
23 85
23 60
24 92
25 26
26 78
26 71
27 14
27 33
27 8
27 65
30 75
30 89
31 5
32 31
32 61
32 70
32 36
32 51
32 84
33 28
33 92
34 24
35 64
36 15
37 20
38 62
39 77
39 87
40 74
40 16
42 86
42 22
43 63
45 6
46 48
47 62
48 41
48 20
48 78
51 32
51 48
52 82
53 25
53 72
53 37
53 11
55 92
56 39
56 57
56 84
59 5
60 45
60 90
61 78
61 73
62 58
65 3
66 83
67 78
67 11
67 65
68 15
68 53
69 74
70 79
70 58
70 0
70 21
71 36
73 9
73 41
74 46
74 91
75 36
76 61
76 29
77 40
78 87
79 30
79 63
80 13
80 74
81 90
81 66
81 47
82 35
82 31
82 17
82 93
86 84
86 92
88 81
88 96
89 66
89 20
89 6
89 31
89 37
90 85
91 78
91 72
92 28
92 65
92 93
93 5
94 22
95 15
96 48
96 64
97 11
97 20
97 37
97 51
97 90
98 24
98 58
99 4
