96
6 98
20 98
23 99
93 99
35 99
70 96
13 97
88 97
28 97
59 96
3 96
91 94
9 93
47 93
67 92
15 92
81 90
25 91
33 90
73 89
62 89
41 89
1 89
9 87
25 88
5 87
49 88
36 88
66 87
29 85
78 85
14 84
69 82
57 82
15 82
40 79
66 78
15 78
76 79
50 77
34 75
21 75
56 76
6 75
45 75
68 74
42 73
12 70
63 70
33 69
46 70
49 71
53 68
42 68
22 67
38 68
29 67
47 65
62 64
29 63
9 63
39 62
50 61
34 58
27 60
2 58
10 58
15 55
5 56
48 56
33 53
1 52
47 51
50 52
19 48
11 48
34 44
19 43
26 43
7 42
19 40
15 39
24 35
30 33
13 32
18 28
8 27
2 26
22 25
12 27
5 22
9 20
1 19
12 16
3 14
0 6
