150
1 36
1 58
2 8
2 62
2 71
5 54
6 77
6 98
7 8
7 49
8 22
8 95
9 64
9 74
10 9
10 45
11 67
11 93
13 11
14 50
14 89
15 6
16 23
17 77
18 30
18 53
18 59
20 24
20 39
20 70
20 97
21 17
21 34
22 67
23 8
23 28
24 37
24 51
24 75
26 26
26 67
27 19
27 29
27 96
28 89
29 13
29 46
30 86
31 69
32 50
33 10
35 96
36 6
36 68
36 87
37 22
37 41
37 51
38 17
39 3
41 7
42 43
42 64
44 1
44 11
44 47
44 72
46 96
47 12
47 26
47 49
48 33
50 48
50 92
50 99
51 10
51 21
51 51
52 80
53 3
53 96
54 49
56 19
56 63
56 90
56 98
57 72
58 3
58 41
58 78
59 34
59 53
60 13
61 60
62 25
62 42
62 49
63 14
63 71
63 97
64 67
64 87
66 2
67 17
70 12
70 59
70 70
71 24
73 44
74 10
74 35
75 28
75 62
77 33
77 67
78 2
78 14
78 92
79 75
80 78
82 17
83 67
83 81
84 27
84 94
85 91
86 51
86 61
87 24
88 87
89 21
89 38
89 59
89 80
90 75
91 84
92 6
92 19
92 61
93 88
94 41
95 1
95 12
95 62
96 90
97 15
97 29
97 59
98 32
98 93
