165
0 86
0 28
1 72
1 58
2 53
2 96
3 43
4 12
5 85
6 36
6 95
7 67
7 14
8 90
8 79
9 25
9 35
10 59
10 44
11 16
11 1
12 37
13 21
13 31
14 87
14 11
16 24
16 42
17 37
17 60
18 65
18 49
19 23
19 98
20 0
20 18
21 3
21 8
22 12
22 97
23 45
24 76
24 9
25 62
25 92
26 40
27 18
27 0
28 15
28 55
29 4
29 30
30 79
30 90
32 22
32 46
33 81
33 71
34 89
34 51
35 57
37 44
38 14
38 67
39 24
40 50
41 95
41 36
42 1
42 16
43 29
43 66
44 20
45 71
45 81
46 27
47 98
47 23
48 33
48 19
49 83
49 75
50 25
51 64
51 91
52 9
52 76
53 82
53 56
54 28
54 86
55 10
56 73
57 7
57 41
58 49
58 65
59 32
60 39
60 17
61 21
62 11
62 87
63 61
64 6
65 78
65 74
66 30
67 46
67 22
68 99
69 6
69 88
70 13
70 34
71 2
71 69
72 41
72 7
73 51
73 89
74 96
75 58
75 72
76 8
76 3
77 17
77 39
78 91
78 64
79 50
79 68
80 2
81 55
81 15
82 80
83 26
83 38
84 34
84 13
85 84
85 73
86 92
86 62
87 78
88 56
88 82
89 32
89 48
90 66
90 29
91 77
91 5
92 94
92 70
93 54
93 80
94 75
94 83
95 47
95 93
96 70
97 63
99 38
99 26
