139
0 76
2 28
2 93
3 0
3 97
4 13
4 56
5 31
6 36
6 81
7 6
7 63
8 97
9 60
9 67
10 45
10 81
11 51
11 78
13 11
14 48
14 61
14 74
15 64
15 88
16 18
18 56
18 93
20 17
20 37
21 45
23 58
23 69
24 34
24 74
24 92
25 80
27 17
27 75
28 55
28 94
29 10
29 98
31 24
31 63
34 52
34 73
35 96
36 44
37 48
38 69
38 81
39 29
40 9
40 25
40 98
41 35
41 58
42 20
43 4
43 94
44 12
45 25
46 80
48 3
48 37
48 53
50 7
50 23
50 82
51 50
51 65
51 87
53 20
53 70
54 26
54 35
55 87
56 53
57 61
57 95
58 30
58 99
59 7
59 23
60 42
60 56
60 77
61 90
62 47
63 6
63 36
64 88
65 65
65 79
66 17
67 22
67 41
67 55
67 73
69 2
70 69
71 21
72 14
72 53
74 1
74 28
75 41
75 70
75 78
78 74
79 95
80 20
80 34
80 50
80 58
81 77
82 47
83 93
84 19
85 46
86 26
86 95
88 84
89 49
89 80
90 55
91 7
91 44
92 3
93 25
94 8
94 46
95 75
97 3
97 15
98 59
99 38
99 54
