154
0 55
0 11
2 34
2 22
4 38
4 88
5 50
6 43
6 35
7 72
9 84
10 45
10 41
10 65
10 94
10 0
11 75
11 18
13 32
14 23
14 82
14 38
16 92
16 30
17 14
17 53
17 0
17 86
19 77
19 33
19 69
20 8
20 44
20 25
22 67
22 59
22 88
23 37
24 45
25 31
25 26
26 57
27 54
27 86
28 82
29 63
31 16
33 27
35 14
35 96
37 88
38 84
39 19
39 27
41 71
41 45
42 75
43 32
44 56
44 18
44 98
45 10
45 44
46 94
47 53
47 85
48 16
48 11
49 81
49 90
49 1
50 95
50 74
50 50
50 68
51 24
52 42
52 35
52 18
52 47
54 77
54 73
55 44
57 54
57 31
57 97
58 17
58 27
58 13
59 91
59 10
60 23
60 1
61 63
62 95
63 79
63 90
63 37
64 16
64 72
65 29
65 23
65 64
66 95
67 13
67 54
67 71
68 90
70 46
71 73
72 18
72 76
73 27
74 0
75 37
76 47
77 21
77 59
77 6
77 88
78 12
79 46
79 66
79 56
80 97
80 93
81 71
81 63
82 45
84 25
85 40
85 3
85 30
85 16
86 21
86 52
87 44
89 80
91 90
91 96
92 32
92 49
94 87
95 58
95 35
95 44
96 3
96 51
96 91
97 76
98 11
98 65
99 16
99 0
