123
2 32
2 76
1 18
1 2
2 5
3 11
4 46
4 96
5 99
5 61
6 26
6 78
7 68
6 91
8 81
10 2
9 5
10 36
9 39
10 27
11 14
11 22
11 45
15 35
15 58
17 26
17 93
19 7
18 21
20 66
20 30
21 49
20 94
21 82
21 56
22 77
23 5
25 15
24 0
26 88
26 22
30 76
30 43
32 4
33 64
32 12
32 56
36 8
35 37
37 11
36 0
36 23
38 70
39 83
39 34
40 46
40 20
42 87
44 50
44 1
44 59
45 26
46 43
45 14
47 31
47 86
49 61
48 64
50 27
50 19
51 3
52 10
54 64
56 46
55 81
57 84
56 77
58 25
59 18
58 49
60 11
60 64
60 71
62 96
62 7
65 14
66 24
67 61
67 3
67 76
68 27
71 49
71 90
71 11
72 97
73 67
74 58
74 88
74 51
77 60
79 34
81 52
83 15
82 2
83 40
85 26
86 80
87 66
88 2
88 86
89 27
89 35
89 44
90 15
91 51
92 99
93 6
93 60
94 90
95 49
95 12
96 22
97 82
