154
0 70
0 79
1 31
1 83
2 15
3 94
4 45
5 97
6 2
8 90
8 37
8 24
9 62
10 18
11 68
12 39
12 61
13 75
13 56
13 81
14 84
15 41
15 94
16 45
16 29
16 10
17 85
20 23
20 93
20 84
21 72
21 89
21 78
22 36
23 54
24 81
27 39
28 79
28 71
28 24
29 98
30 92
30 15
30 52
30 66
31 88
31 20
33 37
34 28
35 98
35 52
36 75
36 19
37 40
38 44
40 65
41 3
42 20
42 15
42 75
43 38
44 9
44 41
44 48
44 34
46 94
46 52
47 91
48 38
49 70
49 9
50 34
50 14
50 86
50 77
51 94
52 60
52 11
52 37
53 24
54 70
54 95
55 88
55 51
56 74
57 37
57 62
59 30
59 10
60 46
60 80
60 99
61 52
62 49
62 0
62 39
64 10
65 37
66 74
67 81
68 40
68 22
68 69
70 44
70 9
71 97
71 41
73 81
74 20
74 24
75 9
75 71
76 97
77 67
77 39
78 45
78 88
80 17
80 72
80 34
81 81
81 96
83 55
83 90
83 1
84 41
85 37
85 75
87 15
87 58
87 72
87 8
87 0
88 31
89 35
89 69
90 18
90 51
92 48
92 44
94 22
94 40
94 73
95 28
95 0
96 32
96 56
96 47
97 51
98 15
98 8
98 89
99 26
99 44
