120
99 39
98 17
98 29
97 87
97 68
97 63
94 12
91 25
94 24
92 5
93 86
91 92
89 15
90 18
89 55
88 81
88 3
85 65
81 94
84 93
84 41
81 76
81 27
79 34
80 54
79 80
78 18
77 40
78 43
77 2
73 20
72 92
73 10
73 87
70 3
72 33
71 55
69 37
69 97
68 29
68 0
65 15
65 23
64 81
63 8
65 57
61 35
64 34
61 11
59 70
58 96
57 59
57 24
56 76
56 21
55 49
56 88
54 60
55 40
54 13
51 84
49 97
50 69
48 44
47 63
48 6
45 23
44 83
40 53
43 52
41 45
43 75
40 32
40 65
38 59
37 17
38 93
36 51
36 37
37 99
35 90
33 12
31 46
32 72
33 75
32 34
31 64
30 6
30 13
30 80
30 59
26 71
28 53
27 44
26 14
26 89
23 13
21 20
22 80
20 4
20 59
21 26
20 88
17 31
19 62
11 17
10 88
7 52
7 71
8 1
5 65
3 81
3 24
3 6
1 71
1 92
1 17
0 26
0 37
0 79
