119
75 97
25 97
93 95
70 95
32 94
3 94
50 92
60 93
44 90
88 91
70 89
36 87
75 87
21 86
60 85
65 85
8 84
30 81
90 79
89 82
76 81
51 81
79 80
11 80
98 77
68 79
63 77
36 78
26 76
87 75
56 74
90 74
19 72
7 73
47 70
75 68
0 69
30 66
60 67
70 66
46 66
11 64
37 64
55 64
19 63
49 62
23 63
66 62
42 61
85 61
2 59
61 59
51 59
11 58
63 56
28 52
38 53
17 53
90 52
2 51
9 48
98 51
82 47
70 46
23 47
28 45
41 45
3 44
61 43
64 44
31 41
51 42
77 42
41 42
96 39
5 40
90 40
15 40
10 35
82 35
73 34
94 34
34 34
24 34
57 32
66 31
16 31
2 29
81 28
95 26
37 28
43 25
52 26
64 25
3 23
24 23
88 21
91 22
80 20
12 18
40 18
58 17
14 15
66 14
27 12
69 8
2 8
94 7
87 6
52 5
55 6
17 3
29 4
39 1
55 1
58 2
48 1
65 0
1 0
