116
66 97
41 98
29 98
9 96
47 97
87 93
4 93
96 93
68 93
0 89
34 87
18 86
27 86
6 85
52 84
71 84
88 83
98 82
36 81
58 81
90 80
16 80
64 77
8 76
1 75
51 76
55 74
30 73
93 73
74 72
12 71
15 72
29 71
88 70
32 68
96 68
21 66
20 69
58 67
99 67
7 65
63 63
30 62
92 62
52 60
41 62
70 58
73 60
83 59
35 56
18 56
8 53
9 56
86 54
42 52
45 54
76 54
31 50
61 49
0 49
8 46
18 48
81 46
49 45
45 41
95 43
66 40
91 39
82 38
20 34
23 35
45 35
94 33
66 31
76 30
77 33
60 29
15 31
37 30
9 28
70 27
32 27
52 26
19 25
88 25
24 21
71 22
10 23
30 20
81 21
68 18
46 20
97 20
28 14
14 14
57 15
4 14
45 13
93 13
81 13
69 11
49 9
48 12
11 10
77 7
79 10
39 9
0 9
32 7
91 7
99 7
6 3
29 4
77 3
69 1
35 0
