99
1 99
12 97
33 95
73 95
46 94
3 92
63 92
21 90
32 91
10 89
13 87
45 84
10 83
66 84
20 77
55 78
11 76
23 76
39 75
3 75
45 74
41 66
8 65
11 66
1 66
23 65
4 56
22 57
14 54
32 54
49 54
12 47
45 46
93 47
3 47
33 47
50 43
52 46
22 46
17 41
16 44
77 36
78 39
13 38
30 36
33 37
6 35
12 35
2 34
35 31
27 31
33 27
22 25
81 26
91 23
12 25
72 26
32 20
1 20
12 20
51 17
41 19
71 19
82 18
22 18
90 17
11 17
13 14
83 13
73 15
94 14
77 14
48 14
39 13
57 14
43 10
32 12
63 12
2 12
27 11
12 11
13 7
55 8
4 7
32 5
89 5
73 5
40 3
22 4
11 4
95 4
66 4
45 4
14 2
5 4
30 2
84 1
24 1
1 1
