145
0 60
1 40
1 45
1 57
1 70
1 81
3 21
3 75
4 35
4 59
7 40
7 63
8 54
10 57
11 10
11 36
11 84
13 95
14 32
14 77
16 2
16 74
17 38
17 67
17 93
18 6
18 20
18 25
18 46
18 97
22 62
22 83
22 92
23 7
23 41
23 50
24 16
25 65
26 43
27 2
27 11
27 33
28 67
28 86
29 49
30 19
30 44
30 58
30 73
32 8
32 37
33 14
34 45
34 66
35 21
35 70
35 79
36 4
37 12
37 26
37 76
37 88
40 64
41 12
41 56
42 8
42 26
43 29
43 72
43 90
44 95
45 77
46 83
48 52
49 71
49 94
50 55
51 80
52 34
53 9
53 53
54 39
54 73
54 81
57 27
57 61
58 17
59 23
59 51
59 87
60 20
60 59
61 1
62 25
62 63
63 19
64 15
65 31
65 55
65 72
66 0
66 80
67 5
70 48
70 85
71 95
72 32
73 86
75 69
76 49
76 78
76 89
77 3
78 24
78 84
78 99
79 17
80 0
80 90
81 28
81 79
83 45
85 33
85 85
86 55
87 44
87 71
87 85
88 76
89 19
89 33
89 50
90 8
90 27
91 22
91 76
91 92
91 99
94 20
94 28
95 62
96 38
97 13
98 56
98 66
