156
0 25
0 71
1 52
1 0
2 32
2 16
2 39
2 63
2 83
3 56
4 59
4 75
4 88
6 66
6 39
7 11
8 42
8 97
11 66
12 82
13 36
14 43
14 4
15 63
15 10
16 73
16 1
17 30
17 6
18 43
19 80
20 87
20 31
21 65
21 10
23 6
23 1
23 43
24 38
24 48
24 15
25 57
25 31
26 78
27 45
27 81
27 93
27 86
30 26
30 8
30 33
30 20
31 71
31 47
31 95
31 79
31 54
32 50
34 91
34 26
34 77
35 18
36 10
36 39
36 4
37 94
37 89
38 61
40 39
40 58
40 2
41 24
41 62
42 98
43 17
43 83
43 28
44 86
45 69
45 8
46 3
47 56
47 77
47 41
47 62
48 84
48 96
48 15
51 81
51 34
51 88
52 30
53 94
53 21
54 62
56 57
56 34
57 65
57 76
60 51
60 43
61 73
61 0
61 6
62 28
63 11
63 80
63 89
64 5
65 98
66 63
66 83
66 49
67 36
68 0
69 17
69 23
70 39
70 5
71 13
73 41
74 38
74 1
75 11
76 33
76 15
76 22
77 57
77 36
78 5
78 88
79 19
80 39
80 71
81 36
82 76
83 93
84 12
85 6
85 41
85 81
85 49
85 0
86 67
86 98
88 55
89 59
91 62
92 13
92 2
92 50
93 98
94 70
96 95
98 78
99 31
