161
0 92
0 61
1 55
2 9
3 13
4 35
4 93
6 84
7 5
7 22
8 75
9 28
9 37
9 14
10 2
10 68
10 18
11 42
11 23
12 78
13 66
13 82
14 54
14 32
15 42
16 67
16 4
16 18
16 95
17 59
18 47
19 30
19 21
20 7
21 2
21 48
23 18
23 24
24 94
24 39
24 13
25 0
25 98
25 69
25 49
26 82
26 56
28 32
28 62
28 28
29 73
30 79
30 44
31 13
32 96
32 20
32 4
33 61
34 89
34 69
34 9
35 37
35 83
36 20
36 24
36 96
38 89
41 66
41 45
41 31
43 10
43 2
43 97
44 7
45 61
46 17
46 69
47 84
47 73
48 4
49 1
49 88
49 48
50 10
51 52
52 47
52 65
52 15
52 39
53 42
53 82
54 96
54 55
54 12
54 4
56 8
56 92
56 21
57 51
58 83
59 39
60 79
60 11
60 48
61 26
62 68
63 17
64 41
64 37
66 26
66 14
69 86
69 81
70 73
70 47
71 15
71 9
71 40
71 94
72 30
73 36
73 26
74 84
76 95
76 78
77 32
78 45
78 8
79 18
80 72
81 25
82 15
83 10
84 28
84 47
84 88
85 41
85 72
86 0
87 19
87 78
87 23
87 59
88 48
89 32
90 66
91 18
91 23
92 11
92 49
93 7
93 84
93 71
95 96
95 89
95 32
96 19
96 49
98 66
98 80
99 35
