168
0 70
0 18
0 33
1 87
1 58
1 79
2 1
2 28
4 94
4 24
4 85
5 80
5 15
5 57
6 43
6 10
7 51
8 7
8 2
9 48
9 92
10 80
10 31
11 43
11 37
11 74
11 23
12 11
13 28
14 44
15 84
15 69
16 90
16 24
16 61
16 16
17 8
19 93
20 49
20 12
21 55
22 5
24 90
25 19
25 60
26 30
26 25
27 35
27 94
28 5
29 48
30 87
30 57
31 45
31 41
31 81
31 53
32 21
33 15
33 37
33 93
34 4
34 29
35 66
36 0
37 89
37 3
38 52
38 22
39 38
39 71
41 0
42 50
42 42
42 85
44 29
44 24
45 79
46 99
46 55
47 15
48 63
48 38
49 2
49 72
50 92
50 23
50 10
50 55
50 18
51 34
52 66
53 83
53 75
53 95
54 23
54 62
54 10
54 30
55 70
55 6
57 11
59 32
61 67
61 8
62 87
62 24
63 48
64 30
64 34
64 71
64 81
64 77
66 94
66 53
66 42
67 23
67 7
67 3
68 70
68 17
69 28
71 33
71 41
71 94
72 44
72 25
73 21
73 99
74 16
74 40
75 68
78 19
78 95
79 78
80 63
80 14
80 57
81 45
81 5
81 54
82 97
84 63
84 67
84 10
85 70
86 90
87 80
87 95
88 13
89 58
89 62
89 22
89 51
90 93
91 77
92 38
92 59
93 62
96 33
96 67
97 50
97 80
98 71
98 3
99 26
99 64
99 40
