153
0 19
1 1
1 10
1 63
1 99
2 82
4 7
4 15
4 62
5 68
6 26
7 50
7 64
7 71
11 33
11 88
12 36
12 82
13 8
13 18
14 2
14 25
14 59
15 29
15 55
18 54
18 83
19 57
20 18
20 65
20 80
21 13
22 7
22 32
22 59
22 71
22 92
23 53
23 79
24 24
24 39
25 35
25 66
26 28
27 93
28 20
28 36
28 48
29 4
30 80
31 26
31 46
32 12
32 98
33 6
35 33
35 80
35 91
36 22
36 41
38 7
39 46
39 53
39 97
40 35
40 64
41 41
41 75
41 94
42 9
43 26
43 37
43 48
44 75
46 45
46 78
47 51
47 70
48 19
49 7
50 24
50 61
50 97
51 42
52 0
52 84
53 78
54 27
54 49
55 13
55 31
55 37
55 52
55 85
57 71
58 55
59 48
61 45
61 80
61 99
62 26
63 13
63 20
63 35
64 84
64 98
65 60
66 2
66 16
66 39
66 52
69 21
69 43
69 63
69 78
71 24
71 93
73 29
74 79
75 39
75 50
75 98
76 26
76 66
77 35
77 78
79 5
79 51
80 25
80 54
80 61
81 22
81 38
81 47
82 98
83 91
85 54
86 46
87 11
88 61
88 85
88 97
89 56
89 80
90 10
91 47
93 2
94 40
95 95
97 0
97 49
97 76
98 73
