129
43 0
77 0
57 0
31 2
65 1
7 3
1 4
85 2
51 4
63 4
73 6
76 5
39 6
96 8
59 9
74 9
3 10
28 11
52 11
14 11
86 14
58 14
92 12
39 12
85 18
63 18
67 19
96 19
3 21
13 20
94 24
33 25
9 26
85 25
54 26
81 27
64 27
96 27
3 31
88 30
96 31
21 33
28 32
69 33
77 35
61 36
95 35
82 37
73 40
48 38
3 40
41 41
12 40
31 42
6 42
92 43
45 45
82 45
37 47
19 47
71 48
11 48
36 50
17 54
71 54
0 53
54 53
85 54
31 57
63 55
98 57
38 58
77 58
19 59
8 59
88 60
34 62
13 60
70 61
2 63
60 64
72 65
5 65
28 65
88 67
41 67
66 67
50 69
23 69
91 69
17 72
46 72
76 73
49 73
63 73
97 74
20 77
40 76
5 78
58 79
42 79
85 79
16 80
25 83
95 82
81 84
65 84
72 84
57 85
29 87
85 87
8 85
44 87
19 88
96 89
5 89
45 91
86 90
62 90
69 91
28 91
14 92
39 94
93 95
57 95
22 94
98 96
2 99
32 99
