162
0 16
0 85
1 55
1 77
1 91
2 68
3 99
4 25
4 7
5 72
6 93
6 36
7 83
7 48
8 78
8 40
9 19
10 61
10 1
11 35
11 30
11 23
12 16
13 50
13 13
13 64
13 5
14 68
14 27
14 60
14 46
14 41
15 10
15 87
17 33
19 14
19 94
19 84
20 75
20 64
20 42
22 82
22 89
23 43
24 51
26 64
27 40
27 80
27 95
28 24
29 17
29 46
29 65
30 57
30 30
31 42
31 51
32 78
33 10
34 75
34 13
34 82
34 71
34 26
36 98
37 70
37 9
37 61
38 48
38 34
38 75
38 92
39 79
39 23
40 65
41 93
42 88
42 82
44 75
45 53
46 98
47 6
47 93
47 35
48 12
48 68
49 32
49 43
49 21
49 48
51 82
51 88
52 6
52 73
55 88
56 3
56 54
56 30
59 82
60 30
61 69
62 84
63 52
63 91
63 74
65 29
65 70
66 33
66 46
67 99
67 1
67 77
67 43
68 36
68 92
69 69
69 81
69 7
70 49
71 35
71 97
71 28
72 67
73 11
73 40
76 97
77 74
77 46
77 18
77 62
77 90
78 36
79 24
80 14
81 6
81 54
81 60
82 29
82 10
84 73
84 68
85 9
85 17
86 60
88 16
89 19
89 91
89 76
90 1
90 98
91 26
92 50
92 9
94 24
95 93
95 29
95 97
95 56
96 81
98 13
99 53
99 60
