161
1 64
1 7
1 49
1 1
2 91
2 35
2 87
3 96
5 7
5 53
5 26
5 33
6 94
6 72
7 84
7 59
7 19
8 45
8 11
9 3
10 32
10 71
12 50
14 94
14 78
14 44
14 90
15 48
15 72
15 82
16 98
17 27
17 8
18 59
18 43
20 39
21 15
22 9
22 63
22 5
22 50
24 71
25 1
26 68
27 26
27 82
28 74
30 35
30 63
30 0
30 57
30 50
31 54
32 82
33 59
34 23
34 42
34 91
34 86
35 15
35 63
36 30
38 26
39 66
39 56
39 72
40 31
40 37
40 60
41 15
41 0
42 8
42 52
43 66
44 26
44 36
44 56
46 99
46 45
48 88
48 35
49 15
51 78
51 2
51 36
51 70
52 23
52 82
52 90
52 65
53 56
55 64
56 38
56 20
57 33
57 74
57 92
60 4
60 68
61 39
61 90
63 8
65 93
65 66
65 40
65 36
67 44
68 75
68 32
69 16
69 47
69 12
70 19
72 57
73 90
73 45
73 12
74 99
74 28
75 52
75 33
75 93
76 71
76 14
78 17
78 76
80 33
80 22
81 44
82 68
83 20
83 51
83 90
84 93
85 15
85 84
87 12
88 72
88 87
88 56
88 63
88 79
89 22
89 82
89 94
89 99
91 1
92 85
93 40
94 52
95 89
96 68
96 14
96 48
96 96
97 45
97 65
97 55
99 9
99 23
99 98
