155
0 4
1 28
1 76
2 25
3 5
3 53
3 60
4 1
4 80
4 92
5 89
6 62
7 48
7 55
8 2
8 78
9 84
10 42
11 93
13 27
13 70
14 20
15 14
15 55
17 5
18 62
20 14
20 90
22 38
24 14
24 76
26 36
27 17
28 6
29 38
30 0
30 84
30 99
32 40
33 6
33 24
33 36
33 64
34 30
34 86
35 12
35 19
35 27
36 80
37 16
37 70
37 96
38 13
38 28
38 50
39 19
39 67
40 74
42 27
42 36
42 93
43 58
43 82
44 7
44 30
44 63
44 76
46 4
46 48
47 11
47 52
48 43
48 93
49 21
49 77
50 3
50 31
50 40
51 28
51 37
52 7
52 20
52 98
53 14
54 53
55 50
55 79
55 91
56 36
58 33
59 0
59 67
59 88
60 5
60 81
61 31
61 59
62 85
63 48
63 75
64 3
64 25
64 93
65 36
66 32
66 55
66 70
67 11
67 27
67 61
67 86
68 5
68 37
69 21
69 50
70 46
70 74
71 31
71 93
72 90
73 84
74 35
74 66
77 31
77 48
77 80
78 60
78 72
80 13
80 17
80 35
81 26
81 81
82 68
84 57
84 73
85 11
85 26
86 30
86 63
87 39
88 2
88 76
90 44
90 86
91 79
92 28
93 57
95 60
95 77
96 82
97 5
97 19
97 55
99 87
