117
76 1
39 2
83 4
86 3
59 5
97 6
5 6
44 7
11 8
19 8
67 9
53 9
61 10
97 11
28 12
49 13
37 13
3 14
75 14
18 18
87 16
5 17
54 18
47 19
26 18
50 19
43 20
86 23
3 25
96 25
52 27
26 27
14 25
89 27
92 28
28 32
58 32
16 32
52 33
75 33
36 34
38 36
95 36
8 37
98 37
2 38
68 42
73 43
85 41
10 44
48 44
98 44
63 45
55 44
40 46
19 46
29 47
10 48
80 48
73 48
38 50
0 49
61 52
87 51
8 52
50 53
34 56
97 55
66 58
97 61
55 59
5 60
77 61
26 62
39 61
36 66
3 65
75 64
48 65
23 66
42 68
18 69
28 69
9 71
43 72
63 72
53 73
68 73
56 74
26 75
2 75
95 76
22 77
76 79
37 77
72 83
3 87
29 87
67 88
95 89
85 90
77 92
55 92
45 91
25 94
34 93
77 94
11 95
37 95
27 96
83 97
46 97
59 97
71 97
96 98
17 99
2 99
