154
0 1
0 36
0 57
0 96
1 22
1 62
1 66
3 88
4 84
6 0
7 85
8 17
8 97
9 1
11 51
11 78
12 6
12 99
13 14
13 39
14 87
15 36
15 47
15 58
16 2
16 50
16 91
18 9
18 18
18 55
18 86
19 21
19 37
20 77
22 53
23 11
23 57
23 74
24 24
24 99
25 95
26 47
27 79
28 36
30 93
31 26
32 9
32 61
33 44
34 58
34 81
35 73
35 87
35 96
36 26
36 33
36 61
36 77
37 0
37 66
38 38
39 49
40 16
40 44
42 37
42 75
44 3
44 42
44 70
45 58
46 81
46 89
47 14
47 32
47 41
49 18
50 55
50 72
51 26
51 45
51 98
52 69
53 38
54 57
54 93
55 16
56 27
57 9
57 31
57 46
57 91
59 79
61 17
61 51
61 97
62 9
62 31
62 93
65 21
65 47
65 54
66 67
66 71
68 48
68 62
69 4
69 52
70 25
70 90
71 68
72 28
72 62
72 84
73 9
73 75
73 98
74 55
74 69
74 94
75 36
76 3
76 21
78 25
78 35
78 64
78 77
79 70
80 60
81 97
83 15
83 57
85 72
86 49
87 80
88 12
89 71
90 33
91 0
91 56
91 93
92 37
92 97
93 53
94 26
94 71
95 34
95 63
96 48
96 79
97 54
98 40
99 1
99 60
99 67
