151
0 1
0 11
0 64
1 44
1 92
2 19
2 79
3 55
4 88
5 84
6 50
7 8
7 64
8 34
8 43
8 78
9 22
9 60
12 15
12 47
12 88
13 7
13 97
14 24
15 20
15 68
15 82
16 29
16 48
17 56
17 88
18 1
18 36
19 68
20 19
21 5
21 79
22 73
23 49
23 69
24 2
26 32
26 90
27 85
28 1
29 7
29 52
31 63
32 37
33 1
33 81
34 12
35 43
36 87
39 6
39 45
40 16
40 51
41 33
41 81
42 9
42 37
42 72
42 95
44 49
45 4
45 41
45 52
46 68
46 88
47 80
47 93
48 49
50 6
50 28
50 39
50 89
51 25
51 98
52 15
52 33
53 90
54 44
55 32
56 47
57 55
57 98
58 75
59 15
59 22
59 86
60 10
60 82
61 27
61 46
61 96
62 64
63 4
63 19
63 60
64 45
65 38
66 7
66 77
66 85
67 17
67 58
67 67
70 53
71 10
71 66
72 19
72 29
72 83
72 94
76 30
76 91
77 6
77 15
77 61
77 88
77 98
78 65
81 2
81 15
81 43
83 5
84 91
85 60
85 97
86 75
87 6
87 38
88 50
88 59
90 17
91 37
92 10
92 33
92 46
92 51
93 1
93 56
93 79
93 99
94 84
95 47
95 75
96 72
97 8
99 67
