125
82 0
23 1
51 2
63 2
12 4
87 7
67 8
7 8
23 10
54 9
70 9
46 12
51 10
63 12
30 15
88 15
75 15
13 16
37 16
96 16
49 16
0 16
57 19
88 20
64 18
9 22
27 22
5 21
70 23
98 23
55 22
90 23
77 24
63 24
40 25
26 26
8 28
5 29
22 30
36 30
61 30
46 31
15 31
11 34
26 35
56 37
69 37
95 37
64 38
80 39
16 41
19 40
53 41
38 42
91 45
76 44
98 43
84 44
68 48
56 47
59 46
14 46
79 48
54 52
19 51
68 53
34 52
47 53
90 54
13 54
26 56
69 56
56 57
44 59
47 62
33 62
68 65
77 65
34 65
86 66
21 67
2 67
11 68
93 68
46 70
5 69
61 72
42 72
16 73
84 74
96 76
55 75
2 78
28 77
37 77
42 80
13 79
91 80
70 80
90 83
65 85
8 85
56 86
68 86
93 87
37 87
11 87
46 89
2 88
81 88
59 89
77 89
28 90
60 92
40 93
34 93
86 95
94 94
14 94
75 96
40 98
79 97
69 97
12 98
30 98
