122
99 70
97 43
97 2
94 60
96 24
94 14
91 39
92 96
91 47
88 89
87 0
85 25
84 59
83 6
81 54
82 67
82 15
81 21
82 83
80 0
80 58
80 41
80 92
78 67
79 8
78 23
73 27
72 87
73 98
71 0
68 68
68 52
64 31
66 82
65 20
64 41
63 62
63 98
62 54
59 73
61 43
61 22
60 10
59 80
57 90
54 45
55 28
55 39
51 52
50 74
51 92
49 97
48 14
49 35
46 26
49 28
47 60
47 19
47 79
45 93
46 96
43 51
45 54
40 13
43 14
43 97
41 48
41 70
40 57
41 60
40 23
38 29
37 6
37 60
37 81
33 43
33 18
34 65
33 93
33 53
32 1
32 46
29 72
32 73
29 80
29 8
28 98
28 56
25 45
26 65
25 72
23 53
23 13
21 30
20 61
20 1
17 98
20 99
19 24
14 48
17 49
15 17
13 69
13 91
12 57
12 83
12 16
9 40
10 78
8 30
9 95
6 24
6 58
5 47
5 33
4 40
4 14
4 84
3 59
2 8
1 24
0 51
