168
0 7
1 3
2 68
4 29
4 23
4 59
5 15
5 79
6 4
6 66
8 87
8 56
8 76
9 51
9 17
9 7
9 12
9 71
10 25
12 57
12 65
13 0
13 14
13 62
14 19
14 54
16 12
17 5
17 79
18 64
20 37
20 96
20 82
20 30
21 5
21 46
21 89
22 33
22 49
22 71
24 98
25 77
25 57
25 2
26 54
26 5
26 66
27 81
27 42
27 24
27 29
28 72
28 85
29 90
31 27
31 9
32 38
32 84
32 56
33 24
35 14
35 69
35 46
36 40
37 21
37 98
37 85
37 78
39 41
39 52
39 48
39 63
40 35
40 7
41 67
41 84
44 76
45 27
45 60
45 39
46 96
46 51
46 6
46 45
47 82
48 9
49 20
49 35
49 28
49 78
50 73
51 59
52 54
52 90
52 77
52 43
53 83
54 7
54 97
56 61
56 11
57 90
57 73
57 3
58 19
59 36
59 96
60 47
60 91
61 28
62 75
63 87
64 5
65 73
66 84
66 93
68 72
68 34
69 58
69 90
70 76
70 98
71 63
71 38
72 89
74 79
75 70
75 45
75 84
75 31
75 59
76 9
76 27
78 66
78 80
79 74
79 23
80 58
80 71
81 90
81 37
82 30
83 87
83 56
83 67
84 78
84 97
84 1
85 41
85 5
86 53
86 92
86 59
87 44
87 67
88 84
90 54
90 49
91 36
91 75
91 17
93 92
94 19
95 85
95 44
96 81
97 78
99 88
