123
1 99
1 67
3 32
3 83
3 50
4 35
3 7
3 71
7 67
6 83
9 97
8 34
9 28
9 16
10 5
12 80
13 57
12 95
17 48
15 1
15 68
16 12
20 87
22 44
24 58
23 12
27 25
27 65
28 4
29 32
29 75
31 20
32 40
32 14
33 77
33 43
34 88
34 68
37 96
37 59
36 4
35 33
37 22
38 7
41 79
41 63
42 89
42 48
42 16
42 25
42 35
43 72
46 73
44 29
45 8
46 46
47 39
49 96
48 99
48 80
48 54
49 10
53 27
52 42
53 55
54 83
55 16
55 95
55 73
56 46
56 32
57 87
60 3
62 20
63 49
63 60
63 80
64 86
66 23
64 96
66 2
66 35
68 41
67 55
67 67
70 79
71 7
72 97
72 14
73 67
75 85
74 58
75 36
78 45
77 4
79 62
81 65
82 39
81 86
82 17
83 52
83 5
84 42
86 80
87 59
86 12
90 88
89 79
90 61
90 50
93 45
91 23
94 14
94 1
96 93
97 46
98 85
98 70
97 33
98 21
99 99
99 40
99 73
