119
98 15
97 66
96 78
94 5
92 51
90 2
93 1
93 39
91 69
92 21
90 13
89 59
88 45
88 74
86 28
85 12
85 83
81 57
82 68
82 37
82 3
80 15
78 88
78 62
75 55
76 79
74 16
74 62
72 17
73 20
71 48
69 76
68 91
67 16
68 55
64 88
66 67
62 96
64 33
61 5
60 46
63 45
62 39
61 75
61 87
58 17
56 54
59 53
57 97
57 31
56 24
54 15
55 18
53 78
52 98
51 86
52 38
50 16
47 7
50 6
49 56
47 96
48 99
46 30
46 15
47 18
44 45
40 66
43 68
42 61
41 27
40 42
38 4
40 7
38 35
39 79
37 67
35 18
35 96
33 55
32 42
33 1
30 17
30 68
29 9
27 27
29 48
25 55
28 56
27 85
26 99
25 74
23 3
22 37
22 21
20 10
21 27
20 86
19 58
17 19
16 92
15 27
15 2
16 73
14 12
13 86
12 49
10 27
9 7
10 83
8 16
9 93
7 39
5 28
4 46
4 9
2 2
2 35
1 48
