102
21 32
22 11
22 18
22 24
22 28
22 39
22 45
22 55
23 7
23 51
23 61
24 67
25 72
26 75
27 4
29 80
30 2
31 65
32 69
32 82
33 61
33 72
34 1
34 64
34 75
35 84
36 58
37 5
37 77
38 10
38 72
39 14
39 57
39 85
40 19
40 72
41 23
41 27
42 30
42 58
43 34
43 76
44 85
46 36
46 58
46 75
47 55
48 85
50 58
51 36
51 74
52 55
52 85
54 34
55 15
55 21
55 29
55 73
56 11
56 26
56 57
56 85
57 7
60 4
60 57
60 70
60 84
62 67
63 62
64 57
65 2
65 65
65 83
68 81
69 73
69 78
70 42
70 49
70 55
70 60
70 66
71 3
71 10
71 18
71 24
71 29
71 34
71 38
71 69
72 63
75 37
77 69
78 63
80 37
80 68
82 62
83 57
83 66
84 38
84 43
84 49
84 54
