158
0 13
0 38
1 65
2 16
2 23
2 45
3 9
4 32
5 41
6 84
6 50
10 12
11 79
11 70
11 91
12 56
12 22
12 5
13 30
13 88
14 67
14 13
14 49
15 52
15 9
16 26
17 89
18 76
18 93
19 11
20 23
21 65
22 13
22 96
25 1
25 15
26 83
26 48
27 51
28 24
29 95
29 31
29 54
29 10
32 61
32 78
32 22
33 89
33 3
33 97
33 18
34 57
34 66
35 93
37 86
38 40
38 5
39 48
39 43
40 12
40 59
41 28
42 75
42 92
42 20
42 80
42 4
42 25
43 67
44 37
44 14
45 40
46 8
47 50
47 97
47 58
47 0
48 89
48 35
49 46
49 86
50 72
50 60
51 52
51 29
51 82
52 90
52 9
54 51
54 39
54 4
55 64
56 30
56 16
57 69
57 43
57 36
57 98
58 9
60 31
61 93
61 2
63 70
63 32
63 38
64 60
64 94
66 12
69 79
69 24
69 39
72 86
72 93
73 23
73 29
74 14
74 2
76 84
76 61
76 68
77 94
78 51
78 89
79 36
80 63
81 6
81 17
82 14
82 71
82 24
84 30
84 53
85 95
87 13
89 18
89 52
89 42
90 48
91 88
91 33
91 22
92 27
92 78
93 0
93 59
94 55
94 10
94 72
95 30
95 46
95 3
96 51
96 42
97 85
97 58
98 80
98 73
99 19
