205
97 32
97 24
97 16
97 8
97 0
90 96
90 88
90 80
90 72
90 64
90 56
90 48
90 40
90 32
90 24
90 16
90 8
90 0
85 92
85 84
85 76
85 68
85 60
85 52
85 44
85 36
85 28
85 20
85 12
85 4
78 92
78 84
78 76
78 68
78 60
78 52
78 44
78 36
78 28
78 20
78 12
78 4
73 96
73 88
73 80
73 72
73 64
73 56
73 48
73 40
73 32
73 24
73 16
73 8
73 0
66 96
66 88
66 80
66 72
66 64
66 56
66 48
66 40
66 32
66 24
66 16
66 8
66 0
61 92
61 84
61 76
61 68
61 60
61 52
61 44
61 36
61 28
61 20
61 12
61 4
54 92
54 84
54 76
54 68
54 60
54 52
54 44
54 36
54 28
54 20
54 12
54 4
49 96
49 88
49 80
49 72
49 64
49 56
49 48
49 40
49 32
49 24
49 16
49 8
49 0
42 96
42 88
42 80
42 72
42 64
42 56
42 48
42 40
42 32
42 24
42 16
42 8
42 0
37 92
37 84
37 76
37 68
37 60
37 52
37 44
37 36
37 28
37 20
37 12
37 4
30 92
30 84
30 76
30 68
30 60
30 52
30 44
30 36
30 28
30 20
30 12
30 4
25 96
25 88
25 80
25 72
25 64
25 56
25 48
25 40
25 32
25 24
25 16
25 8
25 0
18 96
18 88
18 80
18 72
18 64
18 56
18 48
18 40
18 32
18 24
18 16
18 8
18 0
13 92
13 84
13 76
13 68
13 60
13 52
13 44
13 36
13 28
13 20
13 12
13 4
6 92
6 84
6 76
6 68
6 60
6 52
6 44
6 36
6 28
6 20
6 12
6 4
1 96
1 88
1 80
1 72
1 64
1 56
1 48
1 40
1 32
1 24
1 16
1 8
1 0
