160
2 4
3 43
3 22
5 71
6 64
7 8
8 61
9 52
9 35
10 45
11 8
11 81
12 21
12 71
13 54
13 96
14 51
14 40
14 60
15 2
15 44
16 6
16 84
18 26
18 35
19 48
19 88
20 69
22 73
22 65
22 42
23 29
23 18
23 6
23 14
24 83
24 49
25 32
26 8
27 11
28 87
28 27
28 56
28 2
30 16
31 6
31 80
32 97
32 47
32 55
33 51
35 67
35 14
37 77
37 22
37 54
38 70
39 65
39 91
40 87
40 41
41 69
41 0
41 50
41 6
42 3
42 29
43 12
44 26
44 63
44 86
45 96
46 0
46 29
47 60
47 91
49 26
49 46
50 73
50 39
50 1
51 23
51 69
52 81
52 17
52 47
54 36
55 5
55 26
55 31
55 76
57 64
57 54
59 7
59 37
60 44
60 85
61 32
63 97
64 94
64 36
64 75
64 71
64 8
65 41
67 90
68 47
68 27
68 35
69 9
70 13
70 70
71 28
71 98
72 34
73 11
73 41
74 21
75 67
76 0
76 50
77 78
77 41
78 38
78 92
80 46
80 89
80 16
81 79
82 25
83 41
84 15
84 6
84 35
84 62
85 96
86 89
86 54
87 10
88 7
88 32
88 51
89 1
90 11
90 27
92 57
93 12
94 40
94 21
94 61
94 48
95 53
95 64
96 81
97 85
97 29
97 34
98 37
98 19
98 6
