156
0 50
0 24
1 7
2 64
2 43
2 96
3 88
4 12
4 18
5 66
5 4
6 69
6 22
6 93
6 55
7 25
8 86
8 60
8 13
8 28
10 16
11 74
11 53
12 82
12 22
12 32
13 12
15 15
15 35
15 30
16 51
17 90
17 81
17 41
17 68
18 61
19 11
19 44
20 95
21 71
21 35
21 48
23 25
24 51
24 16
24 85
24 65
25 48
26 32
28 86
28 56
28 90
29 46
29 5
30 33
30 0
32 57
32 43
32 63
32 8
33 53
33 11
33 30
34 27
34 91
35 39
36 10
38 85
38 66
39 13
39 30
40 19
41 81
41 90
41 3
41 74
42 40
43 93
43 49
44 35
45 77
46 66
46 55
47 86
47 8
48 41
50 49
50 64
51 37
53 72
54 95
54 56
55 76
55 64
55 44
55 86
56 11
56 19
59 22
60 91
60 13
60 54
60 1
61 37
62 98
62 31
63 93
63 62
64 44
66 81
66 60
66 70
67 19
68 36
68 7
69 72
70 4
70 49
71 78
73 27
74 63
74 77
75 66
76 55
77 93
77 0
78 99
79 69
80 40
82 44
82 91
82 28
84 24
84 52
85 88
85 61
85 38
86 81
87 22
88 68
89 16
92 41
92 23
92 93
92 79
93 31
93 14
94 49
95 80
95 67
95 59
97 18
98 82
98 39
99 15
99 68
