122
23 98
52 99
95 98
13 97
72 95
16 95
61 96
26 92
29 94
43 92
82 90
20 89
23 90
9 87
3 86
64 86
91 87
58 87
32 86
42 85
76 81
84 83
22 81
25 82
65 81
68 79
27 77
28 80
88 78
45 77
97 74
15 73
58 74
66 71
79 69
84 68
9 68
28 67
22 69
63 68
57 65
33 63
98 63
79 64
43 62
51 61
22 60
65 58
37 57
85 58
68 57
2 56
14 55
44 55
34 55
24 51
23 54
93 50
92 53
9 52
50 53
2 52
73 50
99 51
84 46
58 47
15 47
70 46
46 45
55 45
1 42
63 41
23 41
31 39
90 40
52 38
42 36
22 36
56 35
75 32
91 32
68 31
15 32
41 31
71 30
37 29
90 28
27 29
50 27
1 27
93 26
13 25
41 24
81 22
75 22
6 21
28 20
35 19
61 15
3 14
2 17
48 15
75 14
28 12
59 9
60 12
49 11
75 10
9 10
84 9
19 8
40 8
76 6
34 6
47 3
46 6
18 4
97 3
69 3
25 1
80 0
52 0
