152
0 61
1 6
1 42
1 91
2 31
3 72
3 97
4 3
4 46
4 55
4 87
6 76
7 11
7 42
7 53
8 18
9 23
9 88
10 62
10 82
11 20
12 5
12 17
13 11
13 57
14 54
15 93
17 16
17 70
18 77
19 6
19 10
19 47
21 0
23 69
24 3
24 35
24 85
25 25
25 49
26 80
27 12
27 72
28 69
29 17
29 49
29 61
30 25
30 82
31 43
31 97
32 13
33 54
33 88
34 75
36 3
37 32
39 4
39 12
40 34
41 50
41 87
42 13
42 22
42 57
42 79
44 49
45 75
46 9
46 31
46 81
47 25
47 51
49 10
49 20
49 84
50 40
50 88
51 48
52 67
53 12
54 9
54 61
54 73
54 80
54 88
55 19
56 23
56 41
58 13
58 46
59 85
60 7
60 17
60 81
61 26
62 20
62 77
62 95
63 57
63 69
63 99
64 9
66 27
67 96
68 53
68 62
69 38
70 30
71 1
71 97
72 27
74 32
74 75
74 82
75 35
75 56
76 97
77 9
78 4
80 18
80 35
80 59
80 89
81 13
81 83
81 94
82 50
82 72
83 25
83 47
83 62
83 98
85 3
86 71
87 22
87 56
88 47
89 29
89 88
90 40
92 35
93 25
93 81
94 58
96 7
96 42
96 72
97 46
98 2
98 99
99 71
