117
34 97
71 99
85 99
68 97
59 96
6 94
99 95
14 94
41 93
33 94
1 90
2 93
62 92
52 87
76 86
90 87
42 83
1 84
58 84
72 82
16 82
50 82
32 79
24 80
91 80
10 79
37 79
5 76
51 75
82 74
83 77
55 73
68 72
42 70
30 69
29 72
55 69
36 68
91 69
81 66
4 66
17 66
52 65
22 63
78 61
38 59
68 59
31 59
95 58
8 55
9 58
25 57
63 54
18 54
94 52
93 55
55 51
36 52
47 50
82 47
23 47
26 49
75 49
68 47
7 43
46 44
35 42
18 41
74 40
81 39
6 38
67 37
93 34
39 34
88 33
12 32
3 30
39 29
42 30
82 30
49 27
50 30
72 27
28 24
14 26
55 23
56 26
41 25
70 23
14 22
98 19
99 22
79 21
82 22
19 19
52 18
83 18
5 16
42 15
33 12
54 14
66 11
55 10
71 9
95 10
34 9
46 7
67 5
1 4
89 2
53 3
15 3
57 1
30 2
84 0
43 0
68 0
