165
0 44
0 51
1 17
2 8
2 85
3 21
5 76
6 98
7 3
7 23
8 40
9 12
10 25
10 51
11 17
12 9
12 58
14 21
14 44
14 61
15 48
16 58
17 8
17 81
18 16
19 24
19 66
19 85
20 13
20 50
20 92
21 59
23 91
24 31
25 5
26 46
26 61
27 75
28 51
29 6
29 18
30 58
31 86
32 52
32 78
33 14
33 41
33 56
34 11
34 20
34 38
35 50
35 73
36 53
36 70
37 10
37 22
38 15
38 37
40 6
40 43
40 97
41 3
41 22
42 16
42 47
42 55
43 36
43 50
44 6
44 86
45 0
45 93
46 3
46 71
47 68
49 18
50 43
50 50
51 4
53 77
54 12
54 67
54 98
56 0
56 15
57 28
59 18
59 64
60 94
61 2
62 52
62 89
62 99
63 28
63 41
63 80
64 1
64 83
65 11
65 23
65 37
66 69
66 96
68 90
69 10
69 99
70 22
70 47
71 4
71 86
72 9
72 60
73 76
74 25
74 39
75 47
75 84
76 33
76 88
77 19
77 91
78 13
78 27
79 32
79 65
79 75
80 48
80 56
81 4
82 31
82 73
83 39
84 68
84 92
85 28
85 82
86 32
86 45
87 13
87 49
87 63
88 56
89 29
89 87
90 23
90 83
91 4
91 61
92 69
92 99
93 48
94 45
94 76
95 15
95 35
95 88
96 27
96 64
96 93
97 52
97 82
98 16
98 55
99 67
