128
57 97
81 99
89 95
88 98
71 96
67 94
66 97
25 97
40 95
97 93
1 95
48 93
9 93
20 93
31 87
42 87
83 88
64 89
71 89
0 88
87 86
48 87
96 86
52 84
33 84
11 82
19 83
27 82
79 80
47 81
6 80
86 78
36 78
23 77
96 77
60 74
5 73
16 75
72 73
42 72
86 71
51 69
45 69
85 68
96 68
9 66
41 64
72 64
25 63
78 64
58 61
37 57
36 60
86 59
3 58
6 59
45 56
92 55
80 52
5 52
56 52
68 52
39 50
87 49
1 51
96 49
50 48
18 48
61 49
35 47
84 47
73 44
39 45
15 44
32 42
5 42
53 43
74 41
91 41
13 38
20 40
83 40
57 39
34 39
1 38
50 37
43 37
77 35
62 36
11 35
25 33
3 30
75 30
31 30
47 27
36 28
58 27
24 27
17 25
97 23
33 21
36 22
87 18
47 17
41 14
40 17
78 16
25 11
24 14
72 14
36 12
54 13
87 11
39 9
46 10
80 10
7 9
16 7
12 7
63 5
53 5
75 4
4 4
26 2
16 1
64 0
34 0
85 0
