152
0 0
0 77
1 12
2 35
3 94
4 11
4 25
4 70
5 77
8 53
8 61
9 3
9 36
12 0
12 31
13 64
13 80
14 73
15 44
16 69
16 91
17 32
17 56
17 97
18 24
20 1
20 31
20 67
20 86
21 28
22 61
22 74
23 5
24 43
24 68
24 87
25 1
25 34
25 84
26 92
27 39
27 59
28 5
28 89
29 17
30 57
31 13
32 30
32 62
32 70
33 36
33 95
34 9
34 23
36 37
36 53
36 81
37 22
37 50
37 91
38 65
38 85
39 54
39 80
40 26
42 37
42 64
43 10
43 14
44 80
45 59
46 16
46 94
47 49
47 72
48 9
49 53
49 66
50 17
50 85
51 28
52 62
54 24
55 98
56 21
57 15
57 28
57 45
57 52
59 3
59 39
59 97
60 79
61 56
63 23
63 86
64 58
64 92
65 54
66 77
68 8
68 27
69 41
69 71
69 92
71 83
72 30
73 9
73 16
74 25
75 35
76 29
76 75
77 1
78 20
78 36
79 62
79 95
80 39
81 57
83 30
83 46
84 34
86 4
86 21
86 38
87 88
88 57
88 70
88 94
89 2
89 67
90 78
91 21
91 42
91 87
92 1
92 26
92 54
92 96
93 75
94 8
94 88
96 24
96 53
97 0
97 18
97 33
97 98
98 93
99 9
99 27
