104
2 2
2 52
2 48
2 98
5 5
5 55
5 45
5 95
8 8
8 58
8 42
8 92
11 11
11 61
11 39
11 89
15 15
15 65
15 35
15 85
18 18
18 68
18 32
18 82
21 21
21 71
21 29
21 79
28 28
28 78
28 22
28 72
31 31
31 81
31 19
31 69
35 35
35 85
35 15
35 65
40 40
40 90
40 10
40 60
43 43
43 93
43 7
43 57
47 47
47 97
47 3
47 53
52 2
52 52
52 48
52 98
55 5
55 55
55 45
55 95
58 8
58 58
58 42
58 92
61 11
61 61
61 39
61 89
65 15
65 65
65 35
65 85
68 18
68 68
68 32
68 82
71 21
71 71
71 29
71 79
78 28
78 78
78 22
78 72
81 31
81 81
81 19
81 69
85 35
85 85
85 15
85 65
90 40
90 90
90 10
90 60
93 43
93 93
93 7
93 57
97 47
97 97
97 3
97 53
