153
0 33
1 72
1 14
1 78
2 56
3 8
3 2
3 75
5 41
6 84
6 5
6 61
9 29
9 13
9 39
10 80
11 77
12 15
12 96
12 22
13 29
14 63
15 57
16 45
17 30
18 9
18 92
18 49
19 62
19 25
19 99
20 66
21 29
21 33
22 41
22 95
23 4
23 48
25 91
25 59
26 1
27 49
28 88
29 60
30 71
30 76
30 8
31 42
32 99
33 59
33 7
33 70
33 77
35 27
35 12
35 97
37 52
37 85
39 21
39 49
39 82
40 0
41 72
41 93
42 60
43 68
43 26
44 50
45 80
46 67
46 57
46 22
46 62
47 93
48 79
48 85
48 2
48 72
51 34
51 73
52 30
55 44
55 33
55 67
56 47
57 5
60 81
60 8
61 17
63 10
63 54
63 89
64 98
64 19
64 63
65 45
66 48
66 9
66 60
67 53
68 76
68 94
70 36
70 14
71 67
71 97
72 33
72 58
74 27
74 83
74 2
74 39
75 63
76 17
76 92
77 46
79 86
80 44
80 5
80 51
80 17
80 81
81 65
81 8
81 12
82 91
82 95
83 24
83 99
84 33
84 85
86 93
86 18
86 11
87 42
88 6
90 71
90 44
91 90
92 85
92 16
93 72
94 52
94 10
95 93
96 62
96 68
97 7
97 32
97 53
97 25
98 87
99 46
