123
0 0
0 12
0 24
0 36
0 48
0 60
4 0
4 12
4 24
4 36
4 48
4 60
8 0
8 12
8 24
8 36
8 48
8 60
12 0
12 12
12 24
12 36
12 48
16 0
16 12
16 24
16 36
16 48
20 0
20 12
20 24
20 36
20 48
24 0
24 12
24 24
24 36
24 48
28 0
28 12
28 24
28 36
28 48
32 0
32 12
32 24
32 36
32 48
36 0
36 12
36 24
36 36
36 48
40 0
40 12
40 24
40 36
40 48
44 0
44 12
44 24
44 36
44 48
48 0
48 12
48 24
48 36
48 48
52 0
52 12
52 24
52 36
52 48
56 0
56 12
56 24
56 36
56 48
60 0
60 12
60 24
60 36
60 48
64 0
64 12
64 24
64 36
64 48
68 0
68 12
68 24
68 36
68 48
72 0
72 12
72 24
72 36
72 48
76 0
76 12
76 24
76 36
76 48
80 0
80 12
80 24
80 36
80 48
84 0
84 12
84 24
84 36
84 48
88 0
88 12
88 24
88 36
88 48
92 0
92 12
92 24
92 36
92 48
