155
1 81
1 52
1 73
1 1
2 20
2 94
2 12
2 76
2 98
4 32
4 2
5 11
5 38
5 48
6 60
6 68
7 83
8 28
9 44
9 16
11 83
12 54
12 87
12 50
16 44
16 33
17 49
17 61
19 31
19 74
19 21
20 18
20 47
21 44
21 83
21 4
22 76
24 10
24 42
24 87
25 34
25 18
25 72
25 93
26 79
26 24
26 3
27 66
28 55
28 19
29 59
31 34
31 21
32 62
32 27
33 39
34 77
35 94
35 54
36 30
38 50
38 66
38 89
38 80
38 23
39 70
39 42
40 17
41 47
41 53
41 67
42 76
42 41
42 30
43 83
43 3
43 21
43 94
44 25
44 6
45 33
45 12
46 62
47 2
49 5
49 34
49 61
50 90
50 80
52 86
56 18
56 88
58 35
59 0
59 91
60 69
60 43
61 34
61 12
61 3
61 57
61 87
62 23
62 94
62 75
63 79
63 63
64 36
64 52
65 42
66 48
68 6
69 42
70 22
70 12
71 35
71 85
72 93
72 60
75 87
75 80
75 18
76 42
76 2
77 37
77 53
78 77
78 28
79 95
80 0
82 37
82 33
83 74
84 89
84 83
85 69
85 14
86 51
87 78
88 58
88 33
89 29
92 30
92 58
92 69
93 40
94 45
96 63
96 74
98 67
99 71
99 76
99 53
99 24
99 28
