124
49 99
9 98
35 99
73 98
1 96
95 97
98 98
55 97
79 94
24 94
61 91
27 90
88 88
3 88
55 87
43 88
10 88
76 87
82 83
84 86
67 82
66 85
41 84
28 85
3 84
91 83
13 79
97 78
22 77
85 77
88 78
56 76
31 77
19 74
62 74
77 75
44 73
51 70
61 67
40 69
94 66
95 69
76 67
79 69
15 64
85 64
41 65
2 63
56 63
25 61
93 59
14 59
39 56
30 54
83 56
87 54
58 54
19 50
48 50
39 49
97 49
71 50
53 49
5 49
27 47
16 48
63 45
0 47
80 46
8 44
22 43
38 41
62 39
87 41
4 38
8 37
25 36
55 35
68 35
35 34
76 30
89 32
52 30
14 31
29 29
81 29
40 29
97 29
13 26
84 27
64 25
49 25
34 23
69 23
1 21
40 22
39 18
56 20
9 19
62 18
70 17
73 18
87 17
26 17
81 14
43 17
8 16
90 14
16 12
72 13
61 8
80 6
2 6
5 8
26 6
93 5
11 5
20 2
53 5
87 4
95 2
66 2
32 0
49 0
