154
0 11
1 60
1 1
1 31
3 22
3 67
3 43
5 73
5 16
5 31
6 90
7 2
7 85
8 14
8 45
9 95
9 56
10 22
10 48
11 71
11 19
12 80
13 51
13 76
13 5
14 12
16 99
16 83
16 39
18 34
18 77
19 4
20 29
20 24
20 58
21 11
21 96
22 15
23 82
24 20
24 39
24 78
24 10
25 45
26 4
27 67
27 88
27 19
28 76
29 7
29 16
31 93
31 87
32 29
32 81
33 46
33 10
34 73
34 59
34 34
35 38
35 26
36 70
36 85
37 61
38 66
39 39
40 1
42 74
42 15
42 10
43 33
45 57
45 91
46 61
46 38
46 4
47 42
47 71
47 50
47 84
48 79
48 12
49 39
49 74
49 23
50 18
52 99
52 24
53 11
53 47
54 30
56 14
56 20
57 87
58 64
58 73
60 2
60 6
61 87
61 38
62 13
64 8
64 52
65 86
66 64
67 67
67 33
70 94
70 71
71 90
71 8
71 27
71 63
72 34
73 1
74 82
75 90
76 62
76 57
77 11
77 33
78 7
78 74
79 84
79 27
80 36
82 77
82 2
82 96
83 43
83 51
83 59
84 6
84 89
84 65
85 32
85 19
86 75
87 63
88 83
88 27
89 30
89 43
89 97
91 10
92 98
93 41
94 46
95 67
96 80
97 17
97 60
97 0
