160
0 84
1 20
1 12
1 72
2 36
2 66
2 75
2 27
3 40
3 16
5 65
6 14
7 69
8 50
8 87
8 11
11 52
12 58
12 85
12 72
12 7
14 15
15 46
15 0
17 26
17 87
17 13
17 73
19 16
20 31
20 95
21 36
21 68
21 59
22 50
22 15
22 76
23 44
24 62
25 47
25 21
25 86
26 32
27 5
27 50
28 18
29 69
29 61
30 94
31 41
31 30
32 18
33 57
33 88
34 70
34 40
34 66
34 77
35 15
35 34
35 92
36 81
37 1
37 47
38 27
38 36
38 75
39 70
39 85
39 33
40 91
41 13
41 74
41 79
42 68
42 31
43 87
43 71
43 23
43 61
44 17
44 41
45 80
45 0
45 20
46 50
46 75
50 36
50 43
50 96
50 20
53 95
56 21
56 53
56 8
56 82
57 29
58 42
59 36
59 46
59 63
60 32
60 90
61 60
61 80
62 40
63 12
65 65
65 37
66 3
67 27
68 95
68 91
69 52
69 10
72 59
72 64
73 97
74 28
74 86
74 74
76 24
76 91
76 57
78 32
78 96
78 75
78 4
79 69
79 90
81 66
82 29
82 97
83 92
84 65
85 43
85 30
86 21
86 69
86 3
86 13
86 47
87 50
87 58
88 79
88 55
88 84
91 70
91 89
91 21
91 77
91 5
92 25
94 62
95 47
95 26
96 83
96 99
98 5
99 67
