97
0 52
1 44
1 57
4 58
5 45
5 55
6 52
7 42
8 59
9 50
10 56
11 46
12 51
12 59
14 44
15 56
16 53
17 48
18 57
19 42
20 51
21 48
22 58
23 41
24 54
25 47
26 42
27 55
28 45
28 52
29 48
30 41
31 58
32 47
33 53
34 44
34 56
35 49
37 54
38 40
39 44
40 58
41 41
42 47
44 54
45 47
47 58
48 40
48 49
49 44
50 54
51 50
52 46
53 43
54 40
55 57
56 48
57 41
58 58
59 51
60 44
61 41
61 57
62 53
63 47
64 44
65 58
66 52
67 40
69 44
69 57
70 54
72 40
72 50
73 43
74 57
75 54
76 51
77 43
78 46
79 58
80 52
81 42
81 49
82 57
83 53
84 48
87 55
88 46
90 58
91 45
92 52
94 56
95 47
96 41
98 55
99 52
