140
99 99
89 99
81 97
70 99
62 97
50 99
40 99
28 97
20 99
10 99
0 99
35 93
8 91
97 90
48 90
90 89
79 88
71 87
58 86
60 89
40 89
28 87
18 86
20 89
0 89
85 85
69 81
68 84
99 79
91 77
79 77
61 76
60 79
51 77
38 78
30 79
20 79
12 77
2 77
45 75
28 71
99 69
90 69
81 68
71 67
58 67
50 69
40 69
20 69
8 67
0 69
48 61
38 61
98 60
19 60
88 58
80 59
69 58
60 59
30 59
10 59
1 56
0 59
99 52
79 51
28 50
91 46
90 49
72 47
57 48
60 49
50 49
42 47
21 47
11 48
0 49
83 46
34 44
68 41
99 39
89 37
80 39
60 39
51 38
39 38
29 37
20 39
9 37
0 39
45 36
98 31
19 30
90 29
79 27
69 27
59 27
50 29
39 27
30 29
10 29
1 28
23 25
91 20
49 19
97 16
99 19
81 18
71 16
70 19
60 19
40 19
31 18
17 18
20 19
9 18
0 19
53 17
62 10
99 9
90 9
82 7
70 9
50 9
40 8
29 8
18 7
10 9
0 9
58 2
57 5
79 2
97 1
69 1
1 1
31 1
90 0
50 0
40 0
20 0
10 0
