102
70 92
27 95
17 95
7 95
0 92
27 90
17 90
7 90
70 82
27 85
17 85
7 85
0 82
27 80
17 80
7 80
72 73
27 75
17 75
7 75
0 72
72 71
75 72
27 70
17 70
7 70
70 62
27 65
17 65
7 65
0 62
27 60
17 60
7 60
70 52
27 55
17 55
7 55
0 55
75 50
27 50
17 50
7 50
2 46
92 45
80 42
49 42
70 42
27 45
17 45
7 45
2 41
95 40
27 40
17 40
7 40
2 35
49 32
70 32
27 35
17 35
10 32
80 32
95 33
27 30
17 30
2 30
49 22
70 22
27 25
17 25
7 25
0 22
92 18
80 18
27 20
17 20
7 20
2 16
95 17
49 12
70 12
27 15
17 15
7 15
2 11
27 10
17 10
7 10
95 9
80 4
2 5
49 2
70 2
27 5
17 5
10 2
90 4
75 0
27 0
17 0
2 0
