119
71 0
28 2
67 1
76 5
86 4
7 4
37 5
99 6
20 8
29 7
31 9
58 9
73 11
93 12
57 14
45 16
1 17
35 18
77 19
7 19
23 20
16 21
44 21
66 21
27 24
83 23
96 26
41 27
30 29
4 29
83 30
61 32
51 32
26 32
18 33
43 34
0 36
86 36
22 38
36 37
64 38
56 39
59 38
31 40
73 40
82 41
0 42
39 44
23 45
98 43
64 43
48 43
54 44
84 44
16 45
9 47
45 49
94 49
22 49
80 52
68 52
46 52
15 52
88 54
3 54
81 57
51 55
9 55
25 57
28 56
60 57
44 57
97 58
20 58
32 59
35 58
79 61
27 61
4 62
42 63
63 63
21 64
95 67
36 65
54 66
62 68
51 70
9 70
94 74
34 72
60 76
17 76
83 77
44 79
3 79
66 79
91 80
60 82
99 81
16 82
0 82
43 82
27 84
33 85
59 85
70 88
65 89
29 90
18 91
90 93
81 91
96 94
40 95
60 95
82 96
91 97
43 97
74 97
57 97
