114
1 6
1 45
1 60
2 20
2 30
2 40
3 9
4 5
6 17
6 30
7 8
9 28
10 2
10 11
11 44
12 30
13 14
13 23
14 42
16 17
16 30
16 37
16 74
17 21
17 47
17 92
18 33
18 52
19 6
20 38
20 76
21 21
21 42
22 4
22 28
22 88
23 24
25 30
26 46
27 43
29 14
29 25
29 38
30 46
31 28
31 56
32 74
33 22
33 44
33 52
34 30
34 39
34 60
34 98
36 9
36 66
36 93
37 13
37 26
39 2
39 40
39 80
40 76
41 48
42 14
42 28
42 54
43 6
44 37
45 72
46 3
46 10
46 50
49 13
49 26
49 38
50 60
51 18
53 50
54 86
57 76
58 46
61 12
61 53
66 42
67 5
67 52
68 78
71 52
72 18
72 60
72 69
74 24
74 28
78 81
81 78
84 28
84 54
86 8
86 81
87 16
88 72
89 6
89 60
90 42
91 66
92 7
93 7
96 26
96 72
98 19
99 3
99 30
99 97
