116
9 1
25 3
32 4
58 5
40 5
87 5
98 6
79 7
50 7
34 9
74 8
8 10
65 13
25 11
91 15
9 15
84 15
19 15
57 15
72 16
32 21
61 21
73 22
43 22
20 24
86 23
54 26
98 25
17 26
69 27
39 27
95 29
76 30
29 31
53 34
98 35
71 37
59 36
88 38
9 39
53 40
78 43
17 42
60 44
26 43
46 45
78 47
92 49
80 49
70 51
7 51
30 50
42 51
51 53
32 52
26 51
79 54
1 53
62 54
58 55
68 55
44 55
36 56
18 57
11 58
85 58
93 59
56 58
61 59
3 61
65 61
40 62
27 63
34 65
67 67
80 67
47 67
29 67
56 69
51 68
71 69
62 70
85 71
31 71
99 71
68 73
39 72
89 73
13 76
65 77
71 78
80 79
94 79
56 80
8 81
44 81
27 84
30 83
23 86
82 87
56 87
74 87
97 87
52 89
93 89
83 91
46 91
58 90
23 93
6 95
98 96
31 96
58 98
44 98
92 98
66 98
