156
0 0
0 99
0 23
1 18
3 77
5 16
5 4
6 43
6 59
7 54
7 63
7 80
7 23
8 7
9 32
10 64
10 26
11 16
12 54
13 25
13 13
14 83
15 42
16 74
16 70
16 11
17 94
18 41
19 19
19 81
19 26
20 12
21 0
21 91
22 52
22 23
23 48
24 18
24 6
25 21
27 8
28 53
29 3
30 34
30 99
32 73
34 24
34 98
34 5
35 94
35 54
35 67
36 20
37 37
37 97
38 23
38 40
39 48
39 1
39 93
40 79
40 96
41 32
41 12
43 58
44 67
44 14
44 38
45 91
45 97
45 10
45 82
45 75
46 2
48 50
49 0
49 7
50 55
50 27
50 4
52 31
53 36
53 49
54 83
55 20
56 28
56 3
57 51
57 25
57 90
58 57
59 81
60 85
61 77
62 7
63 36
63 90
63 44
64 39
64 2
64 47
64 63
65 16
66 78
66 28
66 12
67 50
70 52
70 61
70 16
71 29
71 10
71 68
74 58
74 8
75 53
75 4
77 49
77 56
77 31
77 72
78 36
80 30
81 21
81 95
82 2
82 48
82 6
84 57
84 63
85 41
85 24
86 9
86 38
87 13
89 64
89 47
90 11
91 97
93 23
93 78
93 85
94 93
95 36
96 14
96 67
96 5
97 86
97 74
97 97
97 26
98 82
98 77
99 0
99 63
99 57
