162
1 70
1 8
1 94
2 87
2 52
3 19
3 32
4 49
4 93
6 75
6 18
7 90
7 29
7 67
7 81
8 97
9 85
10 2
11 7
11 77
12 51
12 24
13 67
13 43
14 88
15 40
15 15
17 74
17 34
17 62
18 70
18 9
20 58
20 75
22 53
24 28
25 36
26 52
26 98
27 65
27 16
28 23
28 29
30 19
30 35
31 58
32 82
32 25
32 44
34 14
34 19
35 23
35 72
35 8
35 34
37 4
38 92
38 84
38 26
38 13
40 66
42 97
43 83
43 65
43 37
44 27
44 79
44 75
45 91
45 8
45 70
46 54
46 39
46 13
47 85
47 80
48 10
49 3
49 29
49 44
51 92
51 83
51 66
51 24
53 61
53 49
54 16
54 79
55 56
56 97
57 17
57 36
60 61
61 53
61 46
61 10
62 96
62 87
63 2
64 7
64 62
64 21
65 14
65 57
66 48
66 44
66 28
67 9
68 51
70 11
70 60
71 84
72 8
72 72
73 88
73 26
74 48
74 31
75 21
76 70
76 38
76 66
77 59
77 45
77 78
77 54
78 1
78 34
78 13
78 23
79 40
79 4
81 10
81 19
83 3
84 88
85 23
85 65
85 60
86 53
87 18
87 56
87 78
87 0
88 86
88 91
88 66
89 81
89 3
91 63
92 18
92 91
92 80
93 7
94 26
94 97
94 72
96 84
96 94
97 81
98 57
98 50
