121
73 1
80 2
65 3
11 3
4 4
18 6
72 5
36 7
46 6
98 8
39 9
19 9
32 9
4 10
9 12
75 13
41 16
49 18
27 18
83 18
9 20
95 23
67 21
48 21
34 22
27 22
84 23
22 23
76 24
60 24
99 25
41 28
48 30
67 29
12 30
84 32
60 32
1 33
18 32
76 32
35 34
64 34
79 35
57 35
87 36
67 36
19 36
35 37
27 40
52 40
30 42
98 42
47 44
4 44
92 45
56 45
40 47
83 47
67 48
34 49
43 49
27 50
8 50
36 51
79 52
55 53
7 54
67 54
17 55
45 55
35 57
85 60
56 59
8 60
31 61
66 64
72 63
16 64
24 63
97 67
89 70
2 69
73 69
52 70
33 73
91 73
48 75
40 74
68 74
5 76
8 75
62 76
87 77
27 77
65 78
14 79
95 79
90 81
29 80
71 79
4 79
16 81
58 83
99 82
19 82
83 84
12 85
90 87
25 88
79 90
70 90
99 90
29 91
64 91
37 94
92 96
2 97
60 97
48 98
23 98
91 99
