154
0 36
1 1
1 11
2 92
2 96
3 63
4 21
4 45
5 83
7 34
7 9
7 2
8 44
8 53
9 23
10 66
10 50
11 31
11 74
11 18
11 7
11 35
12 58
12 53
13 82
14 8
14 92
14 73
14 65
16 98
16 24
17 40
17 14
18 35
18 29
19 99
19 78
20 66
20 87
22 7
22 91
23 33
23 41
26 22
26 95
26 44
26 80
27 7
28 55
28 30
30 6
31 33
31 98
32 88
33 22
35 99
35 84
36 47
38 25
38 96
39 5
40 45
40 64
41 87
41 18
41 94
41 2
42 25
42 90
45 35
45 28
45 58
45 12
48 3
48 77
48 87
49 10
49 17
50 83
51 52
51 6
51 93
52 48
53 79
53 17
54 71
55 68
55 23
55 97
56 52
58 28
59 57
59 66
62 24
63 51
63 35
63 58
64 20
64 76
65 54
66 93
67 22
67 35
68 30
70 99
70 3
71 31
73 74
74 9
74 41
75 90
75 36
75 81
76 84
77 51
78 95
78 23
78 16
78 10
79 34
79 57
79 13
80 29
81 0
82 86
83 71
83 64
84 28
85 9
85 53
85 47
86 21
87 3
87 40
88 92
89 11
90 39
90 68
90 95
90 63
91 91
91 15
91 34
92 28
93 72
93 7
95 25
95 16
96 87
96 67
97 11
98 46
98 21
99 61
