123
99 58
99 47
98 88
97 76
97 1
93 94
95 14
91 69
94 68
90 41
88 50
90 28
88 75
88 3
88 22
87 0
87 61
86 54
83 83
84 8
84 46
83 93
80 40
81 62
80 20
79 16
76 98
78 35
76 76
76 24
77 10
74 68
72 52
75 51
73 93
73 72
73 17
70 42
70 97
68 81
68 63
69 1
68 13
66 77
66 67
64 50
61 7
64 8
62 97
62 87
62 28
60 35
58 83
58 70
57 61
58 15
57 80
56 44
56 10
54 74
53 26
54 5
52 50
51 31
49 90
50 58
48 36
47 20
46 73
45 57
44 33
43 66
43 87
42 20
42 78
40 53
40 25
41 12
40 33
39 94
36 62
36 47
34 5
31 81
32 26
31 18
30 61
30 53
28 36
28 87
27 3
26 69
25 40
25 7
25 19
24 91
21 47
19 97
18 56
18 49
19 29
19 82
17 73
17 20
17 42
14 9
14 51
16 15
15 98
15 66
15 30
14 36
8 85
10 41
8 60
6 25
5 89
4 80
1 78
0 41
0 96
0 69
0 45
