127
96 1
61 1
8 0
26 0
45 1
90 1
77 2
49 4
57 5
36 5
87 8
32 8
73 9
1 10
54 11
62 9
38 10
93 10
8 12
89 11
44 13
70 12
1 18
21 17
28 20
35 18
57 20
43 21
0 21
39 24
52 24
27 24
68 27
81 26
64 28
5 29
66 30
75 30
40 31
51 30
84 32
92 33
7 33
24 33
16 33
98 34
52 36
3 36
69 36
61 37
50 39
69 42
11 42
42 40
18 40
84 43
4 42
65 44
50 43
95 44
37 45
68 47
9 46
77 47
84 46
0 47
48 48
30 48
17 50
66 50
54 50
81 51
85 51
37 53
47 53
91 53
11 54
0 54
50 58
99 57
41 58
78 58
57 61
33 59
44 60
3 60
68 61
36 65
39 64
11 66
48 66
86 67
89 66
6 67
72 68
31 68
62 70
1 69
50 72
92 72
4 71
83 74
69 74
21 75
77 78
26 76
0 78
94 79
61 80
80 81
74 82
39 82
89 84
56 84
65 85
7 88
16 88
38 88
26 88
81 89
18 91
58 93
28 95
63 94
92 94
88 99
50 99
