125
26 96
25 99
43 99
33 97
14 98
72 94
73 97
63 96
99 94
24 92
49 93
40 92
86 93
33 91
73 90
59 86
14 84
42 86
66 83
50 84
34 84
20 83
59 82
6 82
81 80
18 75
50 74
96 74
99 76
26 75
34 72
65 70
58 70
93 70
76 70
15 68
44 69
28 68
8 68
34 67
39 65
0 64
53 64
89 61
40 59
60 62
69 61
77 60
85 59
0 58
14 56
96 57
64 55
37 54
10 55
71 52
72 55
26 53
3 49
89 51
39 50
59 50
66 48
97 46
98 49
22 48
80 47
30 48
74 45
52 45
65 43
3 41
5 44
80 42
69 41
13 41
57 39
99 39
29 38
65 38
72 38
50 36
91 35
20 36
39 34
27 34
58 32
45 32
19 28
18 31
71 29
52 26
89 26
97 23
74 24
43 23
27 24
70 22
21 22
91 21
58 18
47 18
30 15
19 14
55 13
91 12
94 14
35 11
79 12
4 12
12 11
73 9
25 9
46 10
37 8
14 6
28 7
82 3
73 2
10 1
46 2
65 2
49 1
86 0
94 0
