160
0 22
0 95
3 31
3 81
4 19
4 64
6 57
6 87
7 6
7 18
7 47
7 77
8 24
9 29
9 62
9 69
12 10
13 32
14 97
15 15
15 63
16 41
16 72
16 84
19 1
19 64
20 58
21 27
21 77
21 94
22 13
23 18
23 49
24 72
25 63
27 28
28 85
28 90
28 98
29 53
30 20
31 58
32 7
32 52
32 70
33 36
34 17
34 27
35 68
35 93
38 14
38 96
40 73
40 86
41 41
43 38
43 50
43 76
44 19
44 47
44 64
45 15
45 54
46 60
46 89
47 1
47 22
47 69
48 30
48 43
48 50
48 98
49 27
49 66
50 15
50 71
51 32
51 82
53 93
54 30
54 37
54 57
54 78
54 88
54 98
55 4
55 61
57 35
58 16
58 50
58 54
58 83
58 92
59 44
59 59
59 75
60 67
61 56
62 2
62 48
62 71
63 36
65 4
65 47
66 10
66 64
66 90
67 26
67 84
68 20
69 55
70 11
70 42
70 93
71 85
72 6
72 55
73 2
73 13
73 52
73 69
74 36
74 80
75 90
76 61
77 19
77 72
78 37
78 65
78 79
80 73
80 91
81 3
81 28
81 51
82 81
82 97
83 15
83 59
86 29
88 19
88 56
89 10
89 68
90 24
90 42
91 57
92 7
93 30
93 87
94 77
95 96
96 35
97 14
97 74
98 8
98 19
98 30
98 62
98 97
