126
99 45
96 95
98 8
98 70
95 53
96 20
96 32
92 92
92 53
91 76
89 26
92 25
90 94
88 42
91 43
89 56
89 79
89 87
88 8
85 23
86 65
84 27
83 17
83 98
83 69
81 59
81 32
80 88
77 94
78 78
76 83
78 0
77 62
77 99
75 49
76 15
72 91
74 28
74 65
70 26
73 25
72 4
71 74
71 40
69 1
71 97
70 43
69 79
68 13
67 63
66 28
65 74
66 92
64 22
63 1
62 53
61 39
59 74
61 77
59 64
60 67
58 7
58 45
58 55
56 79
54 10
52 19
50 88
51 40
47 35
50 34
50 5
49 96
44 80
45 90
43 51
40 33
43 34
43 12
42 67
39 5
40 23
37 94
36 32
36 3
34 85
34 64
32 28
31 92
31 7
31 98
28 64
29 67
28 83
24 4
25 90
25 23
20 68
19 39
21 6
19 85
20 15
20 74
18 52
14 32
14 93
15 23
13 77
12 67
13 9
11 35
11 51
11 44
7 60
10 16
8 53
6 71
4 15
2 51
3 90
1 23
1 35
1 4
1 14
0 26
0 0
