103
35 97
50 97
65 97
80 97
95 97
18 96
33 93
48 93
63 93
78 93
93 93
37 90
52 90
67 90
82 90
97 90
36 78
51 78
66 78
81 78
96 78
31 76
46 76
61 76
76 76
91 76
30 72
45 72
60 72
75 72
90 72
83 60
68 60
53 60
38 60
23 60
8 60
81 56
66 56
51 56
36 56
21 56
6 56
75 56
60 56
45 56
30 56
15 56
0 56
79 42
64 42
49 42
34 42
19 42
4 42
81 38
66 38
51 38
36 38
21 38
6 38
77 35
62 35
47 35
32 35
17 35
2 35
83 25
68 25
53 25
38 25
23 25
8 25
81 21
66 21
51 21
36 21
21 21
6 21
75 21
60 21
45 21
30 21
15 21
0 21
79 7
64 7
49 7
34 7
19 7
4 7
81 3
66 3
51 3
36 3
21 3
6 3
77 0
62 0
47 0
32 0
17 0
2 0
