168
0 71
0 58
1 87
3 68
5 75
5 79
5 59
6 55
7 22
8 8
8 92
8 74
9 83
9 51
9 12
10 64
10 32
10 97
11 2
11 71
11 20
12 74
13 29
13 7
14 18
14 83
15 64
16 60
16 37
16 11
17 91
18 45
18 66
18 57
19 23
21 43
22 91
22 37
23 62
24 45
25 30
25 1
26 12
26 95
26 25
29 32
30 47
30 77
30 55
31 12
31 83
31 17
32 70
33 66
33 26
34 80
34 0
35 49
37 42
39 70
39 89
39 0
39 51
40 62
40 4
41 27
41 10
41 17
42 52
42 81
42 47
44 33
45 44
45 5
45 22
46 62
46 19
47 40
47 32
48 3
49 59
50 9
50 47
50 90
51 87
51 12
51 43
52 56
53 66
53 18
54 2
55 21
56 48
56 76
56 14
56 96
58 68
60 76
60 1
60 22
60 52
60 37
61 49
61 16
61 81
65 36
65 6
66 86
66 97
66 90
66 59
66 82
67 49
67 30
69 81
70 0
70 88
73 64
74 80
74 33
74 12
75 48
76 41
76 36
77 95
78 33
78 55
78 68
79 99
79 75
80 59
80 20
81 7
81 52
81 24
82 81
82 91
84 13
85 97
85 65
85 90
85 8
85 25
86 28
87 57
87 86
87 68
89 95
90 8
91 63
91 14
92 85
92 74
92 93
92 4
93 46
93 50
93 88
94 80
94 31
95 99
95 3
97 62
97 36
98 42
99 85
99 33
99 76
