127
71 0
80 1
62 2
23 4
87 3
53 4
13 5
64 5
98 7
87 7
90 6
24 7
73 8
48 11
91 10
79 11
10 13
34 13
84 15
54 14
6 16
68 19
77 19
90 19
32 20
61 22
97 22
62 24
46 24
83 24
95 25
18 25
4 27
0 28
28 29
57 32
35 31
89 32
25 32
67 37
5 35
98 37
37 40
12 38
86 39
24 41
64 40
54 40
79 42
37 45
95 48
21 46
33 46
27 50
72 48
46 51
94 51
14 51
1 53
28 53
58 56
21 55
65 56
4 56
81 57
71 60
34 59
97 59
87 60
39 60
60 60
52 61
26 61
62 64
49 64
77 64
7 63
14 65
17 64
90 65
3 66
67 66
55 66
91 68
39 68
42 69
8 72
16 73
19 72
97 74
56 75
35 74
75 75
2 78
51 78
67 80
82 79
57 81
14 79
33 80
54 82
99 81
90 83
77 83
47 85
68 84
71 86
22 85
2 85
16 85
52 86
20 88
77 88
26 87
88 90
58 88
32 91
72 89
24 91
83 92
7 96
41 95
1 95
93 97
48 99
57 99
14 99
