137
0 0
0 7
0 14
0 21
0 28
0 35
0 42
0 49
0 56
0 63
0 70
5 0
5 7
5 14
5 21
5 28
5 35
5 42
5 49
5 56
5 63
5 70
9 0
9 7
9 14
9 21
9 28
9 35
9 42
9 49
9 56
9 63
9 70
14 0
14 7
14 14
14 21
14 28
14 35
14 42
14 49
14 56
14 63
14 70
21 0
21 7
21 14
21 21
21 28
21 35
21 42
21 49
21 56
21 63
21 70
21 77
26 0
26 7
26 14
26 21
26 28
26 35
26 42
26 49
26 56
26 63
26 70
26 77
30 0
30 7
30 14
30 21
30 28
30 35
30 42
30 49
30 56
30 63
30 70
30 77
35 0
35 7
35 14
35 21
35 28
35 35
35 42
35 49
35 56
35 63
35 70
35 77
42 0
42 7
42 14
42 21
42 28
42 35
42 42
42 49
42 56
42 63
42 70
47 0
47 7
47 14
47 21
47 28
47 35
47 42
47 49
47 56
47 63
47 70
51 0
51 7
51 14
51 21
51 28
51 35
51 42
51 49
51 56
51 63
51 70
56 0
56 7
56 14
56 21
56 28
56 35
56 42
56 49
56 56
56 63
56 70
69 69
