156
0 34
0 48
0 62
0 80
1 7
1 18
1 42
1 53
1 89
2 94
6 10
7 51
7 65
8 18
8 70
8 88
9 1
9 60
10 37
10 63
12 80
13 0
13 87
14 45
14 58
16 93
17 22
18 2
18 67
19 8
19 41
20 62
21 97
22 9
23 6
23 24
24 89
25 27
27 24
27 48
27 73
28 68
29 58
30 65
30 82
31 71
31 87
33 28
33 46
33 94
34 0
34 58
35 38
38 59
39 17
40 32
40 78
41 44
41 91
43 28
44 13
44 95
45 1
45 66
46 39
46 79
47 49
47 69
47 90
48 11
50 4
50 55
51 45
52 15
52 94
53 35
53 68
54 65
54 90
55 56
55 77
55 87
56 19
56 70
56 84
57 38
58 16
59 77
60 68
60 92
61 8
61 73
63 40
64 1
64 16
64 63
64 96
65 19
66 25
66 36
68 90
69 30
70 7
70 20
70 63
71 12
71 84
72 31
72 40
72 77
73 55
74 81
75 23
76 71
77 12
78 52
78 80
78 95
79 27
79 86
80 4
80 10
80 20
80 36
82 1
82 33
82 78
83 18
83 41
84 9
84 95
85 3
85 30
85 48
85 88
87 58
87 66
88 94
90 53
90 62
91 37
91 46
92 0
92 27
92 89
93 99
94 7
94 20
94 45
94 83
95 10
95 28
96 13
97 79
98 20
98 69
