578
0 0
0 6
0 12
0 18
0 24
0 30
0 36
0 42
0 48
0 54
0 60
0 66
0 72
0 78
0 84
0 90
0 96
6 0
6 6
6 12
6 18
6 24
6 30
6 36
6 42
6 48
6 54
6 60
6 66
6 72
6 78
6 84
6 90
6 96
12 0
12 6
12 12
12 18
12 24
12 30
12 36
12 42
12 48
12 54
12 60
12 66
12 72
12 78
12 84
12 90
12 96
18 0
18 6
18 12
18 18
18 24
18 30
18 36
18 42
18 48
18 54
18 60
18 66
18 72
18 78
18 84
18 90
18 96
24 0
24 6
24 12
24 18
24 24
24 30
24 36
24 42
24 48
24 54
24 60
24 66
24 72
24 78
24 84
24 90
24 96
30 0
30 6
30 12
30 18
30 24
30 30
30 36
30 42
30 48
30 54
30 60
30 66
30 72
30 78
30 84
30 90
30 96
36 0
36 6
36 12
36 18
36 24
36 30
36 36
36 42
36 48
36 54
36 60
36 66
36 72
36 78
36 84
36 90
36 96
42 0
42 6
42 12
42 18
42 24
42 30
42 36
42 42
42 48
42 54
42 60
42 66
42 72
42 78
42 84
42 90
42 96
48 0
48 6
48 12
48 18
48 24
48 30
48 36
48 42
48 48
48 54
48 60
48 66
48 72
48 78
48 84
48 90
48 96
54 0
54 6
54 12
54 18
54 24
54 30
54 36
54 42
54 48
54 54
54 60
54 66
54 72
54 78
54 84
54 90
54 96
60 0
60 6
60 12
60 18
60 24
60 30
60 36
60 42
60 48
60 54
60 60
60 66
60 72
60 78
60 84
60 90
60 96
66 0
66 6
66 12
66 18
66 24
66 30
66 36
66 42
66 48
66 54
66 60
66 66
66 72
66 78
66 84
66 90
66 96
72 0
72 6
72 12
72 18
72 24
72 30
72 36
72 42
72 48
72 54
72 60
72 66
72 72
72 78
72 84
72 90
72 96
78 0
78 6
78 12
78 18
78 24
78 30
78 36
78 42
78 48
78 54
78 60
78 66
78 72
78 78
78 84
78 90
78 96
84 0
84 6
84 12
84 18
84 24
84 30
84 36
84 42
84 48
84 54
84 60
84 66
84 72
84 78
84 84
84 90
84 96
90 0
90 6
90 12
90 18
90 24
90 30
90 36
90 42
90 48
90 54
90 60
90 66
90 72
90 78
90 84
90 90
90 96
96 0
96 6
96 12
96 18
96 24
96 30
96 36
96 42
96 48
96 54
96 60
96 66
96 72
96 78
96 84
96 90
96 96
3 3
3 9
3 15
3 21
3 27
3 33
3 39
3 45
3 51
3 57
3 63
3 69
3 75
3 81
3 87
3 93
3 99
9 3
9 9
9 15
9 21
9 27
9 33
9 39
9 45
9 51
9 57
9 63
9 69
9 75
9 81
9 87
9 93
9 99
15 3
15 9
15 15
15 21
15 27
15 33
15 39
15 45
15 51
15 57
15 63
15 69
15 75
15 81
15 87
15 93
15 99
21 3
21 9
21 15
21 21
21 27
21 33
21 39
21 45
21 51
21 57
21 63
21 69
21 75
21 81
21 87
21 93
21 99
27 3
27 9
27 15
27 21
27 27
27 33
27 39
27 45
27 51
27 57
27 63
27 69
27 75
27 81
27 87
27 93
27 99
33 3
33 9
33 15
33 21
33 27
33 33
33 39
33 45
33 51
33 57
33 63
33 69
33 75
33 81
33 87
33 93
33 99
39 3
39 9
39 15
39 21
39 27
39 33
39 39
39 45
39 51
39 57
39 63
39 69
39 75
39 81
39 87
39 93
39 99
45 3
45 9
45 15
45 21
45 27
45 33
45 39
45 45
45 51
45 57
45 63
45 69
45 75
45 81
45 87
45 93
45 99
51 3
51 9
51 15
51 21
51 27
51 33
51 39
51 45
51 51
51 57
51 63
51 69
51 75
51 81
51 87
51 93
51 99
57 3
57 9
57 15
57 21
57 27
57 33
57 39
57 45
57 51
57 57
57 63
57 69
57 75
57 81
57 87
57 93
57 99
63 3
63 9
63 15
63 21
63 27
63 33
63 39
63 45
63 51
63 57
63 63
63 69
63 75
63 81
63 87
63 93
63 99
69 3
69 9
69 15
69 21
69 27
69 33
69 39
69 45
69 51
69 57
69 63
69 69
69 75
69 81
69 87
69 93
69 99
75 3
75 9
75 15
75 21
75 27
75 33
75 39
75 45
75 51
75 57
75 63
75 69
75 75
75 81
75 87
75 93
75 99
81 3
81 9
81 15
81 21
81 27
81 33
81 39
81 45
81 51
81 57
81 63
81 69
81 75
81 81
81 87
81 93
81 99
87 3
87 9
87 15
87 21
87 27
87 33
87 39
87 45
87 51
87 57
87 63
87 69
87 75
87 81
87 87
87 93
87 99
93 3
93 9
93 15
93 21
93 27
93 33
93 39
93 45
93 51
93 57
93 63
93 69
93 75
93 81
93 87
93 93
93 99
99 3
99 9
99 15
99 21
99 27
99 33
99 39
99 45
99 51
99 57
99 63
99 69
99 75
99 81
99 87
99 93
99 99
