166
0 53
0 99
0 67
0 32
1 36
2 5
2 40
3 8
3 25
4 71
4 37
4 89
5 84
6 31
6 62
7 55
7 7
7 40
8 90
8 48
8 73
9 65
10 38
10 14
11 41
11 10
12 91
12 85
13 0
14 78
14 29
15 20
16 98
17 36
17 90
19 2
20 73
23 43
23 4
24 12
24 16
25 40
25 84
26 35
27 61
27 1
27 94
28 20
28 97
30 80
31 99
31 73
31 48
31 85
32 65
32 34
32 14
33 10
33 6
33 1
33 88
35 68
35 50
35 56
36 27
36 46
36 14
37 40
37 53
39 92
40 44
40 56
41 13
41 23
41 69
42 30
42 94
46 80
46 71
46 86
46 65
46 60
47 22
47 40
48 94
49 29
49 79
50 13
50 38
53 62
54 9
54 28
54 57
55 94
55 85
56 66
56 2
56 61
58 83
58 73
59 22
59 11
59 59
60 99
60 66
62 37
62 23
63 84
63 29
64 34
64 13
65 97
65 19
66 3
67 48
68 51
68 22
69 30
70 41
71 0
71 47
71 15
72 19
74 92
74 10
74 55
75 34
75 15
76 61
76 22
76 45
78 18
79 99
80 41
81 93
82 2
83 25
85 74
85 16
85 50
85 11
86 38
86 90
87 83
88 33
89 15
90 40
90 64
90 29
91 57
91 78
91 6
93 10
93 69
95 21
95 61
96 40
96 85
96 30
97 89
97 26
98 6
99 35
99 70
99 76
99 22
