122
97 87
98 75
98 4
96 11
99 12
96 65
97 45
98 96
96 52
94 38
94 21
92 33
92 1
91 23
90 87
89 50
90 5
89 65
87 13
87 85
88 56
87 72
87 28
84 45
85 20
82 34
83 58
81 6
80 71
79 66
78 41
76 17
76 81
75 54
72 96
71 32
74 31
73 46
73 12
70 20
70 53
68 3
69 6
68 25
67 92
66 63
66 19
66 9
63 58
63 91
63 45
64 48
62 31
59 72
59 34
58 27
58 88
56 9
57 99
56 35
52 25
53 92
48 68
49 71
48 54
48 0
47 13
44 84
43 43
46 45
45 63
41 70
44 69
42 99
41 76
41 83
39 7
41 58
36 91
39 90
36 64
36 26
35 29
35 21
31 78
32 69
31 2
29 16
29 94
29 45
30 35
28 51
28 71
29 25
26 62
27 85
23 93
20 80
23 79
22 57
22 28
21 71
21 5
19 98
17 63
16 7
18 29
18 20
16 75
13 58
13 91
13 35
11 3
11 22
10 10
10 28
8 39
6 94
6 87
3 66
3 30
1 79
