149
0 24
0 39
1 73
1 90
2 10
2 56
2 80
3 20
3 46
4 34
5 7
5 61
7 47
8 0
9 54
10 57
11 19
15 75
16 11
16 72
16 96
17 87
18 61
19 54
21 48
21 82
22 16
22 76
23 40
23 62
25 25
25 90
26 35
26 85
27 40
27 63
28 96
29 2
29 76
30 22
32 44
33 24
33 80
35 11
35 74
36 33
36 46
36 67
37 60
39 86
40 44
40 66
40 83
41 7
41 26
41 91
42 22
42 77
42 94
43 16
43 50
44 27
44 55
45 0
45 45
46 32
46 61
47 18
47 79
47 99
48 69
48 76
48 88
50 46
50 55
50 97
51 31
53 56
53 91
55 21
55 82
55 97
56 1
56 85
57 13
57 92
58 60
59 41
59 63
60 6
60 19
60 32
60 48
60 91
61 28
62 58
62 69
62 80
63 35
63 50
63 66
64 21
64 54
65 98
66 63
66 73
68 40
68 44
68 59
68 82
69 28
69 69
69 77
70 15
72 54
73 25
74 12
74 48
74 67
75 73
76 59
78 44
79 7
79 23
79 65
81 92
82 39
82 78
82 96
83 55
84 86
85 19
85 91
87 62
87 67
89 41
89 92
91 63
91 73
92 81
94 35
96 67
96 83
97 25
98 14
98 21
99 39
99 49
99 89
