86
1 0
15 1
25 10
36 14
5 16
45 17
22 20
42 24
15 24
6 26
45 31
17 32
39 34
8 34
22 37
31 40
18 45
21 44
37 46
11 46
63 50
87 50
72 51
55 51
93 52
81 52
96 54
69 55
80 55
86 56
95 57
62 56
51 57
74 58
59 59
66 59
95 60
88 62
77 62
97 63
56 64
72 63
69 66
80 67
75 67
61 69
89 68
97 69
56 71
76 71
68 71
95 73
85 71
64 74
51 76
87 75
58 76
64 78
80 79
53 80
73 80
94 82
88 81
53 83
62 83
96 85
51 85
72 85
75 84
58 85
54 87
70 88
77 89
65 89
87 89
61 93
72 92
96 92
90 92
51 95
67 95
78 95
87 96
78 97
59 97
89 99
