158
1 1
1 14
1 81
2 31
2 46
2 72
3 5
3 34
3 41
3 57
3 76
6 4
6 32
6 69
7 22
7 47
9 42
9 51
9 90
10 10
10 71
10 84
11 62
13 23
14 17
18 25
18 82
19 13
20 6
20 49
21 26
21 57
22 3
22 35
22 52
22 98
27 72
28 7
28 49
30 21
30 79
31 4
31 18
31 36
31 46
31 97
33 14
33 42
33 52
33 68
34 74
35 27
35 93
36 69
36 83
37 19
37 77
37 88
38 39
38 54
39 9
40 85
41 22
41 76
42 28
42 37
42 89
43 67
43 92
44 53
45 11
45 27
45 38
45 49
48 78
49 63
50 2
51 18
51 77
52 11
52 58
52 69
53 73
54 38
55 61
56 29
56 74
56 87
57 22
58 15
58 99
59 59
59 78
59 96
60 39
61 36
61 64
62 1
62 8
62 89
62 98
63 45
64 66
65 26
65 33
65 48
66 12
67 43
67 90
68 50
69 8
69 29
70 20
70 56
70 67
70 81
71 89
71 95
72 17
73 45
73 66
75 5
76 19
76 56
76 95
77 9
77 68
78 30
79 79
80 58
80 84
83 28
83 96
84 40
84 63
84 70
85 73
85 86
86 13
86 50
86 80
89 20
89 64
89 86
90 44
91 55
92 35
92 75
93 60
94 12
94 82
94 96
95 53
97 15
98 24
98 62
98 94
99 2
