146
0 0
0 8
0 20
0 28
3 14
6 1
6 27
9 14
9 70
12 7
12 21
12 63
12 77
13 1
13 27
13 57
13 83
15 14
15 70
17 6
17 22
17 62
17 78
19 14
19 70
21 1
21 27
21 57
21 83
22 7
22 21
22 63
22 77
25 14
25 70
26 43
28 1
28 27
34 0
34 8
34 20
34 28
35 40
36 46
50 60
50 77
51 15
51 93
53 12
53 86
54 24
54 33
55 41
55 47
55 76
55 90
56 79
56 93
57 4
57 50
57 70
58 33
58 96
59 39
59 89
60 20
60 57
61 7
62 23
62 31
63 64
63 77
63 86
63 98
64 7
65 18
65 28
65 93
66 15
66 45
66 66
68 23
68 56
68 88
69 49
69 61
69 70
69 83
70 65
70 78
71 20
71 54
72 74
74 40
74 90
74 97
75 25
76 4
78 64
79 94
80 8
80 26
81 13
81 42
81 51
81 73
82 59
83 32
84 35
84 54
84 77
84 87
85 1
85 12
85 61
86 21
86 29
86 65
86 81
87 53
88 2
88 56
88 73
88 96
89 13
90 25
90 42
90 79
91 10
91 38
92 22
92 32
92 82
93 2
93 52
93 72
94 45
94 86
95 5
95 15
95 28
95 77
96 60
97 53
98 16
99 84
