114
97 98
24 98
63 94
88 93
80 94
51 93
37 94
42 90
94 89
57 89
79 89
28 89
21 89
12 88
97 88
82 88
32 88
50 85
58 82
50 80
32 81
73 79
38 79
26 79
15 79
91 79
45 76
95 76
27 75
77 75
56 74
72 72
97 72
30 70
22 72
77 71
91 69
66 70
83 68
44 66
77 67
13 66
35 64
55 62
48 62
92 59
26 60
75 58
60 59
30 57
99 56
61 56
45 55
7 54
10 56
23 54
33 52
1 52
95 51
77 51
55 48
31 48
42 46
80 46
98 44
83 45
58 43
2 43
75 44
26 41
29 42
34 39
65 40
7 39
12 37
95 36
74 34
26 36
58 34
61 35
35 34
19 35
86 32
44 33
11 31
98 29
85 29
43 28
53 27
65 23
77 24
6 24
35 23
29 22
46 19
65 17
53 17
76 16
68 16
28 14
89 15
21 15
78 12
92 7
2 7
85 4
45 5
37 6
14 6
23 4
78 2
30 2
17 1
41 1
