164
0 0
0 6
0 12
0 18
0 24
0 30
0 36
0 42
0 48
6 0
6 6
6 12
6 18
6 24
6 30
6 36
6 42
6 48
12 0
12 6
12 12
12 18
12 24
12 30
12 36
12 42
12 48
18 0
18 6
18 12
18 18
18 24
18 30
18 36
18 42
18 48
24 0
24 6
24 12
24 18
24 24
24 30
24 36
24 42
24 48
30 0
30 6
30 12
30 18
30 24
30 30
30 36
30 42
30 48
36 0
36 6
36 12
36 18
36 24
36 30
36 36
36 42
36 48
42 0
42 6
42 12
42 18
42 24
42 30
42 36
42 42
42 48
48 0
48 6
48 12
48 18
48 24
48 30
48 36
48 42
48 48
3 3
3 9
3 15
3 21
3 27
3 33
3 39
3 45
9 3
9 9
9 15
9 21
9 27
9 33
9 39
9 45
15 3
15 9
15 15
15 21
15 27
15 33
15 39
15 45
21 3
21 9
21 15
21 21
21 27
21 33
21 39
21 45
27 3
27 9
27 15
27 21
27 27
27 33
27 39
27 45
33 3
33 9
33 15
33 21
33 27
33 33
33 39
33 45
39 3
39 9
39 15
39 21
39 27
39 33
39 39
39 45
45 3
45 9
45 15
45 21
45 27
45 33
45 39
45 45
49 0
49 6
49 12
49 18
49 24
49 30
49 36
49 42
49 48
0 49
6 49
12 49
18 49
24 49
30 49
36 49
42 49
48 49
49 49
